-- The C compiler identification is GNU 11.4.0
-- The CXX compiler identification is GNU 11.4.0
-- Detecting C compiler ABI info
-- Detecting C compiler ABI info - done
-- Check for working C compiler: /usr/bin/cc - skipped
-- Detecting C compile features
-- Detecting C compile features - done
-- Detecting CXX compiler ABI info
-- Detecting CXX compiler ABI info - done
-- Check for working CXX compiler: /usr/bin/c++ - skipped
-- Detecting CXX compile features
-- Detecting CXX compile features - done
-- Found ament_cmake: 1.3.8 (/opt/ros/humble/share/ament_cmake/cmake)
-- Found Python3: /usr/bin/python3 (found version "3.10.12") found components: Interpreter 
-- Found ament_lint_auto: 0.12.10 (/opt/ros/humble/share/ament_lint_auto/cmake)
-- Added test 'lint_cmake' to check CMake code style
-- Added test 'xmllint' to check XML markup files
-- Configuring done
-- Generating done
-- Build files have been written to: /home/kushal16/rse_ws/src/robotics_software_engineer/build/module_1_assignment
-- Install configuration: ""
-- Installing: /home/kushal16/rse_ws/src/robotics_software_engineer/install/module_1_assignment/share/ament_index/resource_index/package_run_dependencies/module_1_assignment
-- Installing: /home/kushal16/rse_ws/src/robotics_software_engineer/install/module_1_assignment/share/ament_index/resource_index/parent_prefix_path/module_1_assignment
-- Installing: /home/kushal16/rse_ws/src/robotics_software_engineer/install/module_1_assignment/share/module_1_assignment/environment/ament_prefix_path.sh
-- Installing: /home/kushal16/rse_ws/src/robotics_software_engineer/install/module_1_assignment/share/module_1_assignment/environment/ament_prefix_path.dsv
-- Installing: /home/kushal16/rse_ws/src/robotics_software_engineer/install/module_1_assignment/share/module_1_assignment/environment/path.sh
-- Installing: /home/kushal16/rse_ws/src/robotics_software_engineer/install/module_1_assignment/share/module_1_assignment/environment/path.dsv
-- Installing: /home/kushal16/rse_ws/src/robotics_software_engineer/install/module_1_assignment/share/module_1_assignment/local_setup.bash
-- Installing: /home/kushal16/rse_ws/src/robotics_software_engineer/install/module_1_assignment/share/module_1_assignment/local_setup.sh
-- Installing: /home/kushal16/rse_ws/src/robotics_software_engineer/install/module_1_assignment/share/module_1_assignment/local_setup.zsh
-- Installing: /home/kushal16/rse_ws/src/robotics_software_engineer/install/module_1_assignment/share/module_1_assignment/local_setup.dsv
-- Installing: /home/kushal16/rse_ws/src/robotics_software_engineer/install/module_1_assignment/share/module_1_assignment/package.dsv
-- Installing: /home/kushal16/rse_ws/src/robotics_software_engineer/install/module_1_assignment/share/ament_index/resource_index/packages/module_1_assignment
-- Installing: /home/kushal16/rse_ws/src/robotics_software_engineer/install/module_1_assignment/share/module_1_assignment/cmake/module_1_assignmentConfig.cmake
-- Installing: /home/kushal16/rse_ws/src/robotics_software_engineer/install/module_1_assignment/share/module_1_assignment/cmake/module_1_assignmentConfig-version.cmake
-- Installing: /home/kushal16/rse_ws/src/robotics_software_engineer/install/module_1_assignment/share/module_1_assignment/package.xml
