[0.013s] Invoking command in '/home/kushal16/rse_ws/src/robotics_software_engineer/module_4_assignment/build/module_4_assignment': CMAKE_PREFIX_PATH=${CMAKE_PREFIX_PATH}:/opt/ros/humble /usr/bin/cmake /home/kushal16/rse_ws/src/robotics_software_engineer/module_4_assignment -DCMAKE_INSTALL_PREFIX=/home/kushal16/rse_ws/src/robotics_software_engineer/module_4_assignment/install/module_4_assignment
[0.027s] -- Found ament_cmake: 1.3.8 (/opt/ros/humble/share/ament_cmake/cmake)
[0.134s] -- Found rclcpp: 16.0.8 (/opt/ros/humble/share/rclcpp/cmake)
[0.159s] -- Found rosidl_generator_c: 3.1.5 (/opt/ros/humble/share/rosidl_generator_c/cmake)
[0.161s] -- Found rosidl_adapter: 3.1.5 (/opt/ros/humble/share/rosidl_adapter/cmake)
[0.167s] -- Found rosidl_generator_cpp: 3.1.5 (/opt/ros/humble/share/rosidl_generator_cpp/cmake)
[0.176s] -- Using all available rosidl_typesupport_c: rosidl_typesupport_fastrtps_c;rosidl_typesupport_introspection_c
[0.189s] -- Using all available rosidl_typesupport_cpp: rosidl_typesupport_fastrtps_cpp;rosidl_typesupport_introspection_cpp
[0.240s] -- Found rmw_implementation_cmake: 6.1.1 (/opt/ros/humble/share/rmw_implementation_cmake/cmake)
[0.241s] -- Found rmw_fastrtps_cpp: 6.2.6 (/opt/ros/humble/share/rmw_fastrtps_cpp/cmake)
[0.368s] -- Using RMW implementation 'rmw_fastrtps_cpp' as default
[0.500s] -- Found geometry_msgs: 4.2.3 (/opt/ros/humble/share/geometry_msgs/cmake)
[0.536s] -- Found sensor_msgs: 4.2.3 (/opt/ros/humble/share/sensor_msgs/cmake)
[0.607s] -- Found cv_bridge: 3.2.1 (/opt/ros/humble/share/cv_bridge/cmake)
[0.637s] -- Eigen found (include: /usr/include/eigen3, version: 3.4.0)
[0.669s] -- FLANN found (include: /usr/include, lib: /usr/lib/x86_64-linux-gnu/libflann_cpp.so)
[0.965s] -- OpenNI found (version: 1.5.4.0, include: /usr/include/ni, lib: /usr/lib/libOpenNI.so;libusb::libusb)
[0.972s] -- OpenNI2 found (version: 2.2.0.33, include: /usr/include/openni2, lib: /usr/lib/x86_64-linux-gnu/libOpenNI2.so;libusb::libusb)
[0.972s] [0m** WARNING ** io features related to pcap will be disabled[0m
[1.118s] -- Eigen found (include: /usr/include/eigen3, version: 3.4.0)
[1.126s] -- OpenNI found (version: 1.5.4.0, include: /usr/include/ni, lib: /usr/lib/libOpenNI.so;libusb::libusb)
[1.134s] -- OpenNI2 found (version: 2.2.0.33, include: /usr/include/openni2, lib: /usr/lib/x86_64-linux-gnu/libOpenNI2.so;libusb::libusb)
[1.269s] -- Found Qhull version 8.0.2
[1.419s] -- OpenNI found (version: 1.5.4.0, include: /usr/include/ni, lib: /usr/lib/libOpenNI.so;libusb::libusb)
[1.555s] -- looking for PCL_COMMON
[1.556s] -- looking for PCL_KDTREE
[1.556s] -- looking for PCL_OCTREE
[1.556s] -- looking for PCL_SEARCH
[1.556s] -- looking for PCL_SAMPLE_CONSENSUS
[1.556s] -- looking for PCL_FILTERS
[1.557s] -- looking for PCL_2D
[1.557s] -- looking for PCL_GEOMETRY
[1.557s] -- looking for PCL_IO
[1.557s] -- looking for PCL_FEATURES
[1.558s] -- looking for PCL_ML
[1.558s] -- looking for PCL_SEGMENTATION
[1.558s] -- looking for PCL_VISUALIZATION
[1.559s] -- looking for PCL_SURFACE
[1.559s] -- looking for PCL_REGISTRATION
[1.559s] -- looking for PCL_KEYPOINTS
[1.560s] -- looking for PCL_TRACKING
[1.560s] -- looking for PCL_RECOGNITION
[1.560s] -- looking for PCL_STEREO
[1.560s] -- looking for PCL_APPS
[1.561s] -- looking for PCL_IN_HAND_SCANNER
[1.561s] -- looking for PCL_MODELER
[1.561s] -- looking for PCL_POINT_CLOUD_EDITOR
[1.562s] -- looking for PCL_OUTOFCORE
[1.562s] -- looking for PCL_PEOPLE
[1.566s] -- Found ament_lint_auto: 0.12.10 (/opt/ros/humble/share/ament_lint_auto/cmake)
[1.664s] -- Added test 'cppcheck' to perform static code analysis on C / C++ code
[1.665s] -- Configured cppcheck include dirs: 
[1.665s] -- Configured cppcheck exclude dirs and/or files: 
[1.668s] -- Added test 'flake8' to check Python code syntax and style conventions
[1.672s] -- Added test 'lint_cmake' to check CMake code style
[1.674s] -- Added test 'pep257' to check Python code against some of the docstring style conventions in PEP 257
[1.688s] -- Added test 'uncrustify' to check C / C++ code style
[1.688s] -- Configured uncrustify additional arguments: 
[1.691s] -- Added test 'xmllint' to check XML markup files
[1.693s] -- Configuring done
[1.699s] [31mCMake Error at CMakeLists.txt:26 (add_executable):
[1.699s]   Cannot find source file:
[1.700s] 
[1.700s]     src/maze_solving_sub.cpp
[1.700s] 
[1.700s]   Tried extensions .c .C .c++ .cc .cpp .cxx .cu .mpp .m .M .mm .ixx .cppm .h
[1.700s]   .hh .h++ .hm .hpp .hxx .in .txx .f .F .for .f77 .f90 .f95 .f03 .hip .ispc
[1.700s] 
[1.700s] [0m
[1.700s] [31mCMake Error at CMakeLists.txt:26 (add_executable):
[1.700s]   No SOURCES given to target: mazesolver
[1.701s] 
[1.701s] [0m
[1.701s] [0mCMake Generate step failed.  Build files cannot be regenerated correctly.[0m
[1.716s] Invoked command in '/home/kushal16/rse_ws/src/robotics_software_engineer/module_4_assignment/build/module_4_assignment' returned '1': CMAKE_PREFIX_PATH=${CMAKE_PREFIX_PATH}:/opt/ros/humble /usr/bin/cmake /home/kushal16/rse_ws/src/robotics_software_engineer/module_4_assignment -DCMAKE_INSTALL_PREFIX=/home/kushal16/rse_ws/src/robotics_software_engineer/module_4_assignment/install/module_4_assignment
