[0.079s] DEBUG:colcon:Command line arguments: ['/usr/bin/colcon', 'build']
[0.080s] DEBUG:colcon:Parsed command line arguments: Namespace(log_base=None, log_level=None, verb_name='build', build_base='build', install_base='install', merge_install=False, symlink_install=False, test_result_base=None, continue_on_error=False, executor='parallel', parallel_workers=16, event_handlers=None, ignore_user_meta=False, metas=['./colcon.meta'], base_paths=['.'], packages_ignore=None, packages_ignore_regex=None, paths=None, packages_up_to=None, packages_up_to_regex=None, packages_above=None, packages_above_and_dependencies=None, packages_above_depth=None, packages_select_by_dep=None, packages_skip_by_dep=None, packages_skip_up_to=None, packages_select_build_failed=False, packages_skip_build_finished=False, packages_select_test_failures=False, packages_skip_test_passed=False, packages_select=None, packages_skip=None, packages_select_regex=None, packages_skip_regex=None, packages_start=None, packages_end=None, allow_overriding=[], cmake_args=None, cmake_target=None, cmake_target_skip_unavailable=False, cmake_clean_cache=False, cmake_clean_first=False, cmake_force_configure=False, ament_cmake_args=None, catkin_cmake_args=None, catkin_skip_building_tests=False, verb_parser=<colcon_defaults.argument_parser.defaults.DefaultArgumentsDecorator object at 0x715d0be13550>, verb_extension=<colcon_core.verb.build.BuildVerb object at 0x715d0be12f80>, main=<bound method BuildVerb.main of <colcon_core.verb.build.BuildVerb object at 0x715d0be12f80>>)
[0.201s] Level 1:colcon.colcon_core.package_discovery:discover_packages(colcon_meta) check parameters
[0.201s] Level 1:colcon.colcon_core.package_discovery:discover_packages(recursive) check parameters
[0.201s] Level 1:colcon.colcon_core.package_discovery:discover_packages(ignore) check parameters
[0.201s] Level 1:colcon.colcon_core.package_discovery:discover_packages(path) check parameters
[0.201s] Level 1:colcon.colcon_core.package_discovery:discover_packages(colcon_meta) discover
[0.201s] Level 1:colcon.colcon_core.package_discovery:discover_packages(recursive) discover
[0.201s] INFO:colcon.colcon_core.package_discovery:Crawling recursively for packages in '/home/kushal16/rse_ws/src/robotics_software_engineer/module_2_assignment'
[0.201s] Level 1:colcon.colcon_core.package_identification:_identify(.) by extensions ['ignore', 'ignore_ament_install']
[0.201s] Level 1:colcon.colcon_core.package_identification:_identify(.) by extension 'ignore'
[0.201s] Level 1:colcon.colcon_core.package_identification:_identify(.) by extension 'ignore_ament_install'
[0.201s] Level 1:colcon.colcon_core.package_identification:_identify(.) by extensions ['colcon_pkg']
[0.201s] Level 1:colcon.colcon_core.package_identification:_identify(.) by extension 'colcon_pkg'
[0.201s] Level 1:colcon.colcon_core.package_identification:_identify(.) by extensions ['colcon_meta']
[0.201s] Level 1:colcon.colcon_core.package_identification:_identify(.) by extension 'colcon_meta'
[0.201s] Level 1:colcon.colcon_core.package_identification:_identify(.) by extensions ['ros']
[0.201s] Level 1:colcon.colcon_core.package_identification:_identify(.) by extension 'ros'
[0.212s] DEBUG:colcon.colcon_core.package_identification:Package '.' with type 'ros.ament_cmake' and name 'module_2_assignment'
[0.212s] Level 1:colcon.colcon_core.package_discovery:discover_packages(recursive) using defaults
[0.213s] Level 1:colcon.colcon_core.package_discovery:discover_packages(ignore) discover
[0.213s] Level 1:colcon.colcon_core.package_discovery:discover_packages(ignore) using defaults
[0.213s] Level 1:colcon.colcon_core.package_discovery:discover_packages(path) discover
[0.213s] Level 1:colcon.colcon_core.package_discovery:discover_packages(path) using defaults
[0.227s] Level 1:colcon.colcon_core.package_discovery:discover_packages(prefix_path) check parameters
[0.227s] Level 1:colcon.colcon_core.package_discovery:discover_packages(prefix_path) discover
[0.229s] DEBUG:colcon.colcon_installed_package_information.package_discovery:Found 10 installed packages in /home/kushal16/rse_ws/install
[0.230s] DEBUG:colcon.colcon_installed_package_information.package_discovery:Found 1 installed packages in /home/kushal16/robotisim_ws/install
[0.231s] DEBUG:colcon.colcon_installed_package_information.package_discovery:Found 278 installed packages in /opt/ros/humble
[0.232s] Level 1:colcon.colcon_core.package_discovery:discover_packages(prefix_path) using defaults
[0.274s] Level 5:colcon.colcon_core.verb:set package 'module_2_assignment' build argument 'cmake_args' from command line to 'None'
[0.274s] Level 5:colcon.colcon_core.verb:set package 'module_2_assignment' build argument 'cmake_target' from command line to 'None'
[0.274s] Level 5:colcon.colcon_core.verb:set package 'module_2_assignment' build argument 'cmake_target_skip_unavailable' from command line to 'False'
[0.274s] Level 5:colcon.colcon_core.verb:set package 'module_2_assignment' build argument 'cmake_clean_cache' from command line to 'False'
[0.274s] Level 5:colcon.colcon_core.verb:set package 'module_2_assignment' build argument 'cmake_clean_first' from command line to 'False'
[0.274s] Level 5:colcon.colcon_core.verb:set package 'module_2_assignment' build argument 'cmake_force_configure' from command line to 'False'
[0.274s] Level 5:colcon.colcon_core.verb:set package 'module_2_assignment' build argument 'ament_cmake_args' from command line to 'None'
[0.274s] Level 5:colcon.colcon_core.verb:set package 'module_2_assignment' build argument 'catkin_cmake_args' from command line to 'None'
[0.274s] Level 5:colcon.colcon_core.verb:set package 'module_2_assignment' build argument 'catkin_skip_building_tests' from command line to 'False'
[0.274s] DEBUG:colcon.colcon_core.verb:Building package 'module_2_assignment' with the following arguments: {'ament_cmake_args': None, 'build_base': '/home/kushal16/rse_ws/src/robotics_software_engineer/module_2_assignment/build/module_2_assignment', 'catkin_cmake_args': None, 'catkin_skip_building_tests': False, 'cmake_args': None, 'cmake_clean_cache': False, 'cmake_clean_first': False, 'cmake_force_configure': False, 'cmake_target': None, 'cmake_target_skip_unavailable': False, 'install_base': '/home/kushal16/rse_ws/src/robotics_software_engineer/module_2_assignment/install/module_2_assignment', 'merge_install': False, 'path': '/home/kushal16/rse_ws/src/robotics_software_engineer/module_2_assignment', 'symlink_install': False, 'test_result_base': None}
[0.274s] INFO:colcon.colcon_core.executor:Executing jobs using 'parallel' executor
[0.275s] DEBUG:colcon.colcon_parallel_executor.executor.parallel:run_until_complete
[0.275s] INFO:colcon.colcon_ros.task.ament_cmake.build:Building ROS package in '/home/kushal16/rse_ws/src/robotics_software_engineer/module_2_assignment' with build type 'ament_cmake'
[0.275s] INFO:colcon.colcon_cmake.task.cmake.build:Building CMake package in '/home/kushal16/rse_ws/src/robotics_software_engineer/module_2_assignment'
[0.277s] INFO:colcon.colcon_core.plugin_system:Skipping extension 'colcon_core.shell.bat': Not used on non-Windows systems
[0.277s] INFO:colcon.colcon_core.shell:Skip shell extension 'powershell' for command environment: Not usable outside of PowerShell
[0.277s] DEBUG:colcon.colcon_core.shell:Skip shell extension 'dsv' for command environment
[0.287s] DEBUG:colcon.colcon_core.event_handler.log_command:Invoking command in '/home/kushal16/rse_ws/src/robotics_software_engineer/module_2_assignment/build/module_2_assignment': CMAKE_PREFIX_PATH=${CMAKE_PREFIX_PATH}:/opt/ros/humble /usr/bin/cmake --build /home/kushal16/rse_ws/src/robotics_software_engineer/module_2_assignment/build/module_2_assignment -- -j16 -l16
[0.362s] DEBUG:colcon.colcon_core.event_handler.log_command:Invoked command in '/home/kushal16/rse_ws/src/robotics_software_engineer/module_2_assignment/build/module_2_assignment' returned '0': CMAKE_PREFIX_PATH=${CMAKE_PREFIX_PATH}:/opt/ros/humble /usr/bin/cmake --build /home/kushal16/rse_ws/src/robotics_software_engineer/module_2_assignment/build/module_2_assignment -- -j16 -l16
[0.408s] DEBUG:colcon.colcon_core.event_handler.log_command:Invoking command in '/home/kushal16/rse_ws/src/robotics_software_engineer/module_2_assignment/build/module_2_assignment': CMAKE_PREFIX_PATH=${CMAKE_PREFIX_PATH}:/opt/ros/humble /usr/bin/cmake --install /home/kushal16/rse_ws/src/robotics_software_engineer/module_2_assignment/build/module_2_assignment
[0.417s] Level 1:colcon.colcon_core.environment:create_environment_scripts_only(module_2_assignment)
[0.418s] DEBUG:colcon.colcon_core.event_handler.log_command:Invoked command in '/home/kushal16/rse_ws/src/robotics_software_engineer/module_2_assignment/build/module_2_assignment' returned '0': CMAKE_PREFIX_PATH=${CMAKE_PREFIX_PATH}:/opt/ros/humble /usr/bin/cmake --install /home/kushal16/rse_ws/src/robotics_software_engineer/module_2_assignment/build/module_2_assignment
[0.419s] Level 1:colcon.colcon_core.environment:checking '/home/kushal16/rse_ws/src/robotics_software_engineer/module_2_assignment/install/module_2_assignment' for CMake module files
[0.420s] Level 1:colcon.colcon_core.environment:checking '/home/kushal16/rse_ws/src/robotics_software_engineer/module_2_assignment/install/module_2_assignment' for CMake config files
[0.420s] Level 1:colcon.colcon_core.shell:create_environment_hook('module_2_assignment', 'cmake_prefix_path')
[0.420s] INFO:colcon.colcon_core.shell:Creating environment hook '/home/kushal16/rse_ws/src/robotics_software_engineer/module_2_assignment/install/module_2_assignment/share/module_2_assignment/hook/cmake_prefix_path.ps1'
[0.421s] INFO:colcon.colcon_core.shell:Creating environment descriptor '/home/kushal16/rse_ws/src/robotics_software_engineer/module_2_assignment/install/module_2_assignment/share/module_2_assignment/hook/cmake_prefix_path.dsv'
[0.421s] INFO:colcon.colcon_core.shell:Creating environment hook '/home/kushal16/rse_ws/src/robotics_software_engineer/module_2_assignment/install/module_2_assignment/share/module_2_assignment/hook/cmake_prefix_path.sh'
[0.422s] Level 1:colcon.colcon_core.environment:checking '/home/kushal16/rse_ws/src/robotics_software_engineer/module_2_assignment/install/module_2_assignment/lib'
[0.422s] Level 1:colcon.colcon_core.environment:checking '/home/kushal16/rse_ws/src/robotics_software_engineer/module_2_assignment/install/module_2_assignment/bin'
[0.423s] Level 1:colcon.colcon_core.environment:checking '/home/kushal16/rse_ws/src/robotics_software_engineer/module_2_assignment/install/module_2_assignment/lib/pkgconfig/module_2_assignment.pc'
[0.423s] Level 1:colcon.colcon_core.environment:checking '/home/kushal16/rse_ws/src/robotics_software_engineer/module_2_assignment/install/module_2_assignment/lib/python3.10/site-packages'
[0.423s] Level 1:colcon.colcon_core.environment:checking '/home/kushal16/rse_ws/src/robotics_software_engineer/module_2_assignment/install/module_2_assignment/bin'
[0.423s] INFO:colcon.colcon_core.shell:Creating package script '/home/kushal16/rse_ws/src/robotics_software_engineer/module_2_assignment/install/module_2_assignment/share/module_2_assignment/package.ps1'
[0.424s] INFO:colcon.colcon_core.shell:Creating package descriptor '/home/kushal16/rse_ws/src/robotics_software_engineer/module_2_assignment/install/module_2_assignment/share/module_2_assignment/package.dsv'
[0.424s] INFO:colcon.colcon_core.shell:Creating package script '/home/kushal16/rse_ws/src/robotics_software_engineer/module_2_assignment/install/module_2_assignment/share/module_2_assignment/package.sh'
[0.424s] INFO:colcon.colcon_core.shell:Creating package script '/home/kushal16/rse_ws/src/robotics_software_engineer/module_2_assignment/install/module_2_assignment/share/module_2_assignment/package.bash'
[0.425s] INFO:colcon.colcon_core.shell:Creating package script '/home/kushal16/rse_ws/src/robotics_software_engineer/module_2_assignment/install/module_2_assignment/share/module_2_assignment/package.zsh'
[0.425s] Level 1:colcon.colcon_core.environment:create_file_with_runtime_dependencies(/home/kushal16/rse_ws/src/robotics_software_engineer/module_2_assignment/install/module_2_assignment/share/colcon-core/packages/module_2_assignment)
[0.457s] Level 1:colcon.colcon_core.environment:create_environment_scripts_only(module_2_assignment)
[0.457s] Level 1:colcon.colcon_core.environment:checking '/home/kushal16/rse_ws/src/robotics_software_engineer/module_2_assignment/install/module_2_assignment' for CMake module files
[0.458s] Level 1:colcon.colcon_core.environment:checking '/home/kushal16/rse_ws/src/robotics_software_engineer/module_2_assignment/install/module_2_assignment' for CMake config files
[0.458s] Level 1:colcon.colcon_core.shell:create_environment_hook('module_2_assignment', 'cmake_prefix_path')
[0.458s] INFO:colcon.colcon_core.shell:Creating environment hook '/home/kushal16/rse_ws/src/robotics_software_engineer/module_2_assignment/install/module_2_assignment/share/module_2_assignment/hook/cmake_prefix_path.ps1'
[0.458s] INFO:colcon.colcon_core.shell:Creating environment descriptor '/home/kushal16/rse_ws/src/robotics_software_engineer/module_2_assignment/install/module_2_assignment/share/module_2_assignment/hook/cmake_prefix_path.dsv'
[0.458s] INFO:colcon.colcon_core.shell:Creating environment hook '/home/kushal16/rse_ws/src/robotics_software_engineer/module_2_assignment/install/module_2_assignment/share/module_2_assignment/hook/cmake_prefix_path.sh'
[0.459s] Level 1:colcon.colcon_core.environment:checking '/home/kushal16/rse_ws/src/robotics_software_engineer/module_2_assignment/install/module_2_assignment/lib'
[0.459s] Level 1:colcon.colcon_core.environment:checking '/home/kushal16/rse_ws/src/robotics_software_engineer/module_2_assignment/install/module_2_assignment/bin'
[0.459s] Level 1:colcon.colcon_core.environment:checking '/home/kushal16/rse_ws/src/robotics_software_engineer/module_2_assignment/install/module_2_assignment/lib/pkgconfig/module_2_assignment.pc'
[0.459s] Level 1:colcon.colcon_core.environment:checking '/home/kushal16/rse_ws/src/robotics_software_engineer/module_2_assignment/install/module_2_assignment/lib/python3.10/site-packages'
[0.459s] Level 1:colcon.colcon_core.environment:checking '/home/kushal16/rse_ws/src/robotics_software_engineer/module_2_assignment/install/module_2_assignment/bin'
[0.460s] INFO:colcon.colcon_core.shell:Creating package script '/home/kushal16/rse_ws/src/robotics_software_engineer/module_2_assignment/install/module_2_assignment/share/module_2_assignment/package.ps1'
[0.460s] INFO:colcon.colcon_core.shell:Creating package descriptor '/home/kushal16/rse_ws/src/robotics_software_engineer/module_2_assignment/install/module_2_assignment/share/module_2_assignment/package.dsv'
[0.460s] INFO:colcon.colcon_core.shell:Creating package script '/home/kushal16/rse_ws/src/robotics_software_engineer/module_2_assignment/install/module_2_assignment/share/module_2_assignment/package.sh'
[0.461s] INFO:colcon.colcon_core.shell:Creating package script '/home/kushal16/rse_ws/src/robotics_software_engineer/module_2_assignment/install/module_2_assignment/share/module_2_assignment/package.bash'
[0.461s] INFO:colcon.colcon_core.shell:Creating package script '/home/kushal16/rse_ws/src/robotics_software_engineer/module_2_assignment/install/module_2_assignment/share/module_2_assignment/package.zsh'
[0.461s] Level 1:colcon.colcon_core.environment:create_file_with_runtime_dependencies(/home/kushal16/rse_ws/src/robotics_software_engineer/module_2_assignment/install/module_2_assignment/share/colcon-core/packages/module_2_assignment)
[0.461s] DEBUG:colcon.colcon_parallel_executor.executor.parallel:closing loop
[0.462s] DEBUG:colcon.colcon_parallel_executor.executor.parallel:loop closed
[0.462s] DEBUG:colcon.colcon_parallel_executor.executor.parallel:run_until_complete finished with '0'
[0.462s] DEBUG:colcon.colcon_core.event_reactor:joining thread
[0.466s] INFO:colcon.colcon_core.plugin_system:Skipping extension 'colcon_notification.desktop_notification.terminal_notifier': Not used on non-Darwin systems
[0.466s] INFO:colcon.colcon_core.plugin_system:Skipping extension 'colcon_notification.desktop_notification.win32': Not used on non-Windows systems
[0.466s] INFO:colcon.colcon_notification.desktop_notification:Sending desktop notification using 'notify2'
[0.479s] DEBUG:colcon.colcon_core.event_reactor:joined thread
[0.479s] INFO:colcon.colcon_core.shell:Creating prefix script '/home/kushal16/rse_ws/src/robotics_software_engineer/module_2_assignment/install/local_setup.ps1'
[0.480s] INFO:colcon.colcon_core.shell:Creating prefix util module '/home/kushal16/rse_ws/src/robotics_software_engineer/module_2_assignment/install/_local_setup_util_ps1.py'
[0.481s] INFO:colcon.colcon_core.shell:Creating prefix chain script '/home/kushal16/rse_ws/src/robotics_software_engineer/module_2_assignment/install/setup.ps1'
[0.482s] INFO:colcon.colcon_core.shell:Creating prefix script '/home/kushal16/rse_ws/src/robotics_software_engineer/module_2_assignment/install/local_setup.sh'
[0.483s] INFO:colcon.colcon_core.shell:Creating prefix util module '/home/kushal16/rse_ws/src/robotics_software_engineer/module_2_assignment/install/_local_setup_util_sh.py'
[0.483s] INFO:colcon.colcon_core.shell:Creating prefix chain script '/home/kushal16/rse_ws/src/robotics_software_engineer/module_2_assignment/install/setup.sh'
[0.485s] INFO:colcon.colcon_core.shell:Creating prefix script '/home/kushal16/rse_ws/src/robotics_software_engineer/module_2_assignment/install/local_setup.bash'
[0.485s] INFO:colcon.colcon_core.shell:Creating prefix chain script '/home/kushal16/rse_ws/src/robotics_software_engineer/module_2_assignment/install/setup.bash'
[0.486s] INFO:colcon.colcon_core.shell:Creating prefix script '/home/kushal16/rse_ws/src/robotics_software_engineer/module_2_assignment/install/local_setup.zsh'
[0.486s] INFO:colcon.colcon_core.shell:Creating prefix chain script '/home/kushal16/rse_ws/src/robotics_software_engineer/module_2_assignment/install/setup.zsh'
