[0.080s] DEBUG:colcon:Command line arguments: ['/usr/bin/colcon', 'build']
[0.080s] DEBUG:colcon:Parsed command line arguments: Namespace(log_base=None, log_level=None, verb_name='build', build_base='build', install_base='install', merge_install=False, symlink_install=False, test_result_base=None, continue_on_error=False, executor='parallel', parallel_workers=16, event_handlers=None, ignore_user_meta=False, metas=['./colcon.meta'], base_paths=['.'], packages_ignore=None, packages_ignore_regex=None, paths=None, packages_up_to=None, packages_up_to_regex=None, packages_above=None, packages_above_and_dependencies=None, packages_above_depth=None, packages_select_by_dep=None, packages_skip_by_dep=None, packages_skip_up_to=None, packages_select_build_failed=False, packages_skip_build_finished=False, packages_select_test_failures=False, packages_skip_test_passed=False, packages_select=None, packages_skip=None, packages_select_regex=None, packages_skip_regex=None, packages_start=None, packages_end=None, allow_overriding=[], cmake_args=None, cmake_target=None, cmake_target_skip_unavailable=False, cmake_clean_cache=False, cmake_clean_first=False, cmake_force_configure=False, ament_cmake_args=None, catkin_cmake_args=None, catkin_skip_building_tests=False, verb_parser=<colcon_defaults.argument_parser.defaults.DefaultArgumentsDecorator object at 0x71973f0a7d90>, verb_extension=<colcon_core.verb.build.BuildVerb object at 0x71973f0a77c0>, main=<bound method BuildVerb.main of <colcon_core.verb.build.BuildVerb object at 0x71973f0a77c0>>)
[0.205s] Level 1:colcon.colcon_core.package_discovery:discover_packages(colcon_meta) check parameters
[0.205s] Level 1:colcon.colcon_core.package_discovery:discover_packages(recursive) check parameters
[0.205s] Level 1:colcon.colcon_core.package_discovery:discover_packages(ignore) check parameters
[0.205s] Level 1:colcon.colcon_core.package_discovery:discover_packages(path) check parameters
[0.205s] Level 1:colcon.colcon_core.package_discovery:discover_packages(colcon_meta) discover
[0.205s] Level 1:colcon.colcon_core.package_discovery:discover_packages(recursive) discover
[0.205s] INFO:colcon.colcon_core.package_discovery:Crawling recursively for packages in '/home/kushal16/rse_ws/src/robotics_software_engineer/module_4_assignment/maze_solving'
[0.205s] Level 1:colcon.colcon_core.package_identification:_identify(.) by extensions ['ignore', 'ignore_ament_install']
[0.205s] Level 1:colcon.colcon_core.package_identification:_identify(.) by extension 'ignore'
[0.205s] Level 1:colcon.colcon_core.package_identification:_identify(.) by extension 'ignore_ament_install'
[0.205s] Level 1:colcon.colcon_core.package_identification:_identify(.) by extensions ['colcon_pkg']
[0.205s] Level 1:colcon.colcon_core.package_identification:_identify(.) by extension 'colcon_pkg'
[0.205s] Level 1:colcon.colcon_core.package_identification:_identify(.) by extensions ['colcon_meta']
[0.205s] Level 1:colcon.colcon_core.package_identification:_identify(.) by extension 'colcon_meta'
[0.205s] Level 1:colcon.colcon_core.package_identification:_identify(.) by extensions ['ros']
[0.205s] Level 1:colcon.colcon_core.package_identification:_identify(.) by extension 'ros'
[0.216s] DEBUG:colcon.colcon_core.package_identification:Package '.' with type 'ros.ament_cmake' and name 'maze_solving'
[0.216s] Level 1:colcon.colcon_core.package_discovery:discover_packages(recursive) using defaults
[0.216s] Level 1:colcon.colcon_core.package_discovery:discover_packages(ignore) discover
[0.216s] Level 1:colcon.colcon_core.package_discovery:discover_packages(ignore) using defaults
[0.216s] Level 1:colcon.colcon_core.package_discovery:discover_packages(path) discover
[0.216s] Level 1:colcon.colcon_core.package_discovery:discover_packages(path) using defaults
[0.231s] Level 1:colcon.colcon_core.package_discovery:discover_packages(prefix_path) check parameters
[0.231s] Level 1:colcon.colcon_core.package_discovery:discover_packages(prefix_path) discover
[0.233s] DEBUG:colcon.colcon_installed_package_information.package_discovery:Found 15 installed packages in /home/kushal16/rse_ws/install
[0.234s] DEBUG:colcon.colcon_installed_package_information.package_discovery:Found 5 installed packages in /home/kushal16/robotisim_ws/install
[0.235s] DEBUG:colcon.colcon_installed_package_information.package_discovery:Found 280 installed packages in /opt/ros/humble
[0.236s] Level 1:colcon.colcon_core.package_discovery:discover_packages(prefix_path) using defaults
[0.279s] Level 5:colcon.colcon_core.verb:set package 'maze_solving' build argument 'cmake_args' from command line to 'None'
[0.279s] Level 5:colcon.colcon_core.verb:set package 'maze_solving' build argument 'cmake_target' from command line to 'None'
[0.279s] Level 5:colcon.colcon_core.verb:set package 'maze_solving' build argument 'cmake_target_skip_unavailable' from command line to 'False'
[0.279s] Level 5:colcon.colcon_core.verb:set package 'maze_solving' build argument 'cmake_clean_cache' from command line to 'False'
[0.279s] Level 5:colcon.colcon_core.verb:set package 'maze_solving' build argument 'cmake_clean_first' from command line to 'False'
[0.279s] Level 5:colcon.colcon_core.verb:set package 'maze_solving' build argument 'cmake_force_configure' from command line to 'False'
[0.279s] Level 5:colcon.colcon_core.verb:set package 'maze_solving' build argument 'ament_cmake_args' from command line to 'None'
[0.279s] Level 5:colcon.colcon_core.verb:set package 'maze_solving' build argument 'catkin_cmake_args' from command line to 'None'
[0.279s] Level 5:colcon.colcon_core.verb:set package 'maze_solving' build argument 'catkin_skip_building_tests' from command line to 'False'
[0.279s] DEBUG:colcon.colcon_core.verb:Building package 'maze_solving' with the following arguments: {'ament_cmake_args': None, 'build_base': '/home/kushal16/rse_ws/src/robotics_software_engineer/module_4_assignment/maze_solving/build/maze_solving', 'catkin_cmake_args': None, 'catkin_skip_building_tests': False, 'cmake_args': None, 'cmake_clean_cache': False, 'cmake_clean_first': False, 'cmake_force_configure': False, 'cmake_target': None, 'cmake_target_skip_unavailable': False, 'install_base': '/home/kushal16/rse_ws/src/robotics_software_engineer/module_4_assignment/maze_solving/install/maze_solving', 'merge_install': False, 'path': '/home/kushal16/rse_ws/src/robotics_software_engineer/module_4_assignment/maze_solving', 'symlink_install': False, 'test_result_base': None}
[0.280s] INFO:colcon.colcon_core.executor:Executing jobs using 'parallel' executor
[0.281s] DEBUG:colcon.colcon_parallel_executor.executor.parallel:run_until_complete
[0.281s] INFO:colcon.colcon_ros.task.ament_cmake.build:Building ROS package in '/home/kushal16/rse_ws/src/robotics_software_engineer/module_4_assignment/maze_solving' with build type 'ament_cmake'
[0.281s] INFO:colcon.colcon_cmake.task.cmake.build:Building CMake package in '/home/kushal16/rse_ws/src/robotics_software_engineer/module_4_assignment/maze_solving'
[0.282s] INFO:colcon.colcon_core.plugin_system:Skipping extension 'colcon_core.shell.bat': Not used on non-Windows systems
[0.282s] INFO:colcon.colcon_core.shell:Skip shell extension 'powershell' for command environment: Not usable outside of PowerShell
[0.283s] DEBUG:colcon.colcon_core.shell:Skip shell extension 'dsv' for command environment
[0.293s] DEBUG:colcon.colcon_core.event_handler.log_command:Invoking command in '/home/kushal16/rse_ws/src/robotics_software_engineer/module_4_assignment/maze_solving/build/maze_solving': CMAKE_PREFIX_PATH=${CMAKE_PREFIX_PATH}:/opt/ros/humble /usr/bin/cmake /home/kushal16/rse_ws/src/robotics_software_engineer/module_4_assignment/maze_solving -DCMAKE_INSTALL_PREFIX=/home/kushal16/rse_ws/src/robotics_software_engineer/module_4_assignment/maze_solving/install/maze_solving
[0.603s] DEBUG:colcon.colcon_core.event_handler.log_command:Invoked command in '/home/kushal16/rse_ws/src/robotics_software_engineer/module_4_assignment/maze_solving/build/maze_solving' returned '0': CMAKE_PREFIX_PATH=${CMAKE_PREFIX_PATH}:/opt/ros/humble /usr/bin/cmake /home/kushal16/rse_ws/src/robotics_software_engineer/module_4_assignment/maze_solving -DCMAKE_INSTALL_PREFIX=/home/kushal16/rse_ws/src/robotics_software_engineer/module_4_assignment/maze_solving/install/maze_solving
[0.604s] DEBUG:colcon.colcon_core.event_handler.log_command:Invoking command in '/home/kushal16/rse_ws/src/robotics_software_engineer/module_4_assignment/maze_solving/build/maze_solving': CMAKE_PREFIX_PATH=${CMAKE_PREFIX_PATH}:/opt/ros/humble /usr/bin/cmake --build /home/kushal16/rse_ws/src/robotics_software_engineer/module_4_assignment/maze_solving/build/maze_solving -- -j16 -l16
[0.648s] DEBUG:colcon.colcon_core.event_handler.log_command:Invoked command in '/home/kushal16/rse_ws/src/robotics_software_engineer/module_4_assignment/maze_solving/build/maze_solving' returned '0': CMAKE_PREFIX_PATH=${CMAKE_PREFIX_PATH}:/opt/ros/humble /usr/bin/cmake --build /home/kushal16/rse_ws/src/robotics_software_engineer/module_4_assignment/maze_solving/build/maze_solving -- -j16 -l16
[0.667s] WARNING:colcon.colcon_cmake.task.cmake.build:Could not run installation step for package 'maze_solving' because it has no 'install' target
[0.667s] Level 1:colcon.colcon_core.environment:create_environment_scripts_only(maze_solving)
[0.669s] Level 1:colcon.colcon_core.environment:checking '/home/kushal16/rse_ws/src/robotics_software_engineer/module_4_assignment/maze_solving/install/maze_solving' for CMake module files
[0.669s] Level 1:colcon.colcon_core.environment:checking '/home/kushal16/rse_ws/src/robotics_software_engineer/module_4_assignment/maze_solving/install/maze_solving' for CMake config files
[0.670s] Level 1:colcon.colcon_core.environment:checking '/home/kushal16/rse_ws/src/robotics_software_engineer/module_4_assignment/maze_solving/install/maze_solving/bin'
[0.670s] Level 1:colcon.colcon_core.environment:checking '/home/kushal16/rse_ws/src/robotics_software_engineer/module_4_assignment/maze_solving/install/maze_solving/lib/pkgconfig/maze_solving.pc'
[0.670s] Level 1:colcon.colcon_core.environment:checking '/home/kushal16/rse_ws/src/robotics_software_engineer/module_4_assignment/maze_solving/install/maze_solving/lib/python3.10/site-packages'
[0.670s] Level 1:colcon.colcon_core.environment:checking '/home/kushal16/rse_ws/src/robotics_software_engineer/module_4_assignment/maze_solving/install/maze_solving/bin'
[0.670s] INFO:colcon.colcon_core.shell:Creating package script '/home/kushal16/rse_ws/src/robotics_software_engineer/module_4_assignment/maze_solving/install/maze_solving/share/maze_solving/package.ps1'
[0.671s] INFO:colcon.colcon_core.shell:Creating package descriptor '/home/kushal16/rse_ws/src/robotics_software_engineer/module_4_assignment/maze_solving/install/maze_solving/share/maze_solving/package.dsv'
[0.671s] INFO:colcon.colcon_core.shell:Creating package script '/home/kushal16/rse_ws/src/robotics_software_engineer/module_4_assignment/maze_solving/install/maze_solving/share/maze_solving/package.sh'
[0.672s] INFO:colcon.colcon_core.shell:Creating package script '/home/kushal16/rse_ws/src/robotics_software_engineer/module_4_assignment/maze_solving/install/maze_solving/share/maze_solving/package.bash'
[0.672s] INFO:colcon.colcon_core.shell:Creating package script '/home/kushal16/rse_ws/src/robotics_software_engineer/module_4_assignment/maze_solving/install/maze_solving/share/maze_solving/package.zsh'
[0.672s] Level 1:colcon.colcon_core.environment:create_file_with_runtime_dependencies(/home/kushal16/rse_ws/src/robotics_software_engineer/module_4_assignment/maze_solving/install/maze_solving/share/colcon-core/packages/maze_solving)
[0.694s] Level 1:colcon.colcon_core.environment:create_environment_scripts_only(maze_solving)
[0.694s] Level 1:colcon.colcon_core.environment:checking '/home/kushal16/rse_ws/src/robotics_software_engineer/module_4_assignment/maze_solving/install/maze_solving' for CMake module files
[0.695s] Level 1:colcon.colcon_core.environment:checking '/home/kushal16/rse_ws/src/robotics_software_engineer/module_4_assignment/maze_solving/install/maze_solving' for CMake config files
[0.695s] Level 1:colcon.colcon_core.environment:checking '/home/kushal16/rse_ws/src/robotics_software_engineer/module_4_assignment/maze_solving/install/maze_solving/bin'
[0.695s] Level 1:colcon.colcon_core.environment:checking '/home/kushal16/rse_ws/src/robotics_software_engineer/module_4_assignment/maze_solving/install/maze_solving/lib/pkgconfig/maze_solving.pc'
[0.695s] Level 1:colcon.colcon_core.environment:checking '/home/kushal16/rse_ws/src/robotics_software_engineer/module_4_assignment/maze_solving/install/maze_solving/lib/python3.10/site-packages'
[0.695s] Level 1:colcon.colcon_core.environment:checking '/home/kushal16/rse_ws/src/robotics_software_engineer/module_4_assignment/maze_solving/install/maze_solving/bin'
[0.695s] INFO:colcon.colcon_core.shell:Creating package script '/home/kushal16/rse_ws/src/robotics_software_engineer/module_4_assignment/maze_solving/install/maze_solving/share/maze_solving/package.ps1'
[0.696s] INFO:colcon.colcon_core.shell:Creating package descriptor '/home/kushal16/rse_ws/src/robotics_software_engineer/module_4_assignment/maze_solving/install/maze_solving/share/maze_solving/package.dsv'
[0.696s] INFO:colcon.colcon_core.shell:Creating package script '/home/kushal16/rse_ws/src/robotics_software_engineer/module_4_assignment/maze_solving/install/maze_solving/share/maze_solving/package.sh'
[0.697s] INFO:colcon.colcon_core.shell:Creating package script '/home/kushal16/rse_ws/src/robotics_software_engineer/module_4_assignment/maze_solving/install/maze_solving/share/maze_solving/package.bash'
[0.697s] INFO:colcon.colcon_core.shell:Creating package script '/home/kushal16/rse_ws/src/robotics_software_engineer/module_4_assignment/maze_solving/install/maze_solving/share/maze_solving/package.zsh'
[0.697s] Level 1:colcon.colcon_core.environment:create_file_with_runtime_dependencies(/home/kushal16/rse_ws/src/robotics_software_engineer/module_4_assignment/maze_solving/install/maze_solving/share/colcon-core/packages/maze_solving)
[0.698s] DEBUG:colcon.colcon_parallel_executor.executor.parallel:closing loop
[0.698s] DEBUG:colcon.colcon_parallel_executor.executor.parallel:loop closed
[0.698s] DEBUG:colcon.colcon_parallel_executor.executor.parallel:run_until_complete finished with '0'
[0.698s] DEBUG:colcon.colcon_core.event_reactor:joining thread
[0.703s] INFO:colcon.colcon_core.plugin_system:Skipping extension 'colcon_notification.desktop_notification.terminal_notifier': Not used on non-Darwin systems
[0.703s] INFO:colcon.colcon_core.plugin_system:Skipping extension 'colcon_notification.desktop_notification.win32': Not used on non-Windows systems
[0.703s] INFO:colcon.colcon_notification.desktop_notification:Sending desktop notification using 'notify2'
[0.716s] DEBUG:colcon.colcon_core.event_reactor:joined thread
[0.717s] INFO:colcon.colcon_core.shell:Creating prefix script '/home/kushal16/rse_ws/src/robotics_software_engineer/module_4_assignment/maze_solving/install/local_setup.ps1'
[0.717s] INFO:colcon.colcon_core.shell:Creating prefix util module '/home/kushal16/rse_ws/src/robotics_software_engineer/module_4_assignment/maze_solving/install/_local_setup_util_ps1.py'
[0.718s] INFO:colcon.colcon_core.shell:Creating prefix chain script '/home/kushal16/rse_ws/src/robotics_software_engineer/module_4_assignment/maze_solving/install/setup.ps1'
[0.720s] INFO:colcon.colcon_core.shell:Creating prefix script '/home/kushal16/rse_ws/src/robotics_software_engineer/module_4_assignment/maze_solving/install/local_setup.sh'
[0.720s] INFO:colcon.colcon_core.shell:Creating prefix util module '/home/kushal16/rse_ws/src/robotics_software_engineer/module_4_assignment/maze_solving/install/_local_setup_util_sh.py'
[0.720s] INFO:colcon.colcon_core.shell:Creating prefix chain script '/home/kushal16/rse_ws/src/robotics_software_engineer/module_4_assignment/maze_solving/install/setup.sh'
[0.722s] INFO:colcon.colcon_core.shell:Creating prefix script '/home/kushal16/rse_ws/src/robotics_software_engineer/module_4_assignment/maze_solving/install/local_setup.bash'
[0.722s] INFO:colcon.colcon_core.shell:Creating prefix chain script '/home/kushal16/rse_ws/src/robotics_software_engineer/module_4_assignment/maze_solving/install/setup.bash'
[0.723s] INFO:colcon.colcon_core.shell:Creating prefix script '/home/kushal16/rse_ws/src/robotics_software_engineer/module_4_assignment/maze_solving/install/local_setup.zsh'
[0.724s] INFO:colcon.colcon_core.shell:Creating prefix chain script '/home/kushal16/rse_ws/src/robotics_software_engineer/module_4_assignment/maze_solving/install/setup.zsh'
