[0.012s] Invoking command in '/home/kushal16/rse_ws/src/robotics_software_engineer/module_4_assignment/build/module_4_assignment': CMAKE_PREFIX_PATH=${CMAKE_PREFIX_PATH}:/opt/ros/humble /usr/bin/cmake /home/kushal16/rse_ws/src/robotics_software_engineer/module_4_assignment -DCMAKE_INSTALL_PREFIX=/home/kushal16/rse_ws/src/robotics_software_engineer/module_4_assignment/install/module_4_assignment
[0.077s] -- The C compiler identification is GNU 11.4.0
[0.141s] -- The CXX compiler identification is GNU 11.4.0
[0.149s] -- Detecting C compiler ABI info
[0.224s] -- Detecting C compiler ABI info - done
[0.230s] -- Check for working C compiler: /usr/bin/cc - skipped
[0.231s] -- Detecting C compile features
[0.231s] -- Detecting C compile features - done
[0.234s] -- Detecting CXX compiler ABI info
[0.320s] -- Detecting CXX compiler ABI info - done
[0.326s] -- Check for working CXX compiler: /usr/bin/c++ - skipped
[0.326s] -- Detecting CXX compile features
[0.327s] -- Detecting CXX compile features - done
[0.333s] -- Found ament_cmake: 1.3.8 (/opt/ros/humble/share/ament_cmake/cmake)
[0.468s] -- Found Python3: /usr/bin/python3 (found version "3.10.12") found components: Interpreter 
[0.570s] -- Found rclcpp: 16.0.8 (/opt/ros/humble/share/rclcpp/cmake)
[0.629s] -- Found rosidl_generator_c: 3.1.5 (/opt/ros/humble/share/rosidl_generator_c/cmake)
[0.638s] -- Found rosidl_adapter: 3.1.5 (/opt/ros/humble/share/rosidl_adapter/cmake)
[0.649s] -- Found rosidl_generator_cpp: 3.1.5 (/opt/ros/humble/share/rosidl_generator_cpp/cmake)
[0.665s] -- Using all available rosidl_typesupport_c: rosidl_typesupport_fastrtps_c;rosidl_typesupport_introspection_c
[0.688s] -- Using all available rosidl_typesupport_cpp: rosidl_typesupport_fastrtps_cpp;rosidl_typesupport_introspection_cpp
[0.767s] -- Found rmw_implementation_cmake: 6.1.1 (/opt/ros/humble/share/rmw_implementation_cmake/cmake)
[0.772s] -- Found rmw_fastrtps_cpp: 6.2.6 (/opt/ros/humble/share/rmw_fastrtps_cpp/cmake)
[0.907s] -- Found OpenSSL: /usr/lib/x86_64-linux-gnu/libcrypto.so (found version "3.0.2")  
[0.938s] -- Found FastRTPS: /opt/ros/humble/include  
[0.989s] -- Using RMW implementation 'rmw_fastrtps_cpp' as default
[1.003s] -- Looking for pthread.h
[1.084s] -- Looking for pthread.h - found
[1.084s] -- Performing Test CMAKE_HAVE_LIBC_PTHREAD
[1.164s] -- Performing Test CMAKE_HAVE_LIBC_PTHREAD - Success
[1.165s] -- Found Threads: TRUE  
[1.309s] -- Found geometry_msgs: 4.2.3 (/opt/ros/humble/share/geometry_msgs/cmake)
[1.348s] -- Found sensor_msgs: 4.2.3 (/opt/ros/humble/share/sensor_msgs/cmake)
[1.422s] -- Found cv_bridge: 3.2.1 (/opt/ros/humble/share/cv_bridge/cmake)
[1.441s] -- Found OpenCV: /usr (found version "4.5.4") 
[1.458s] -- Checking for module 'eigen3'
[1.480s] --   Found eigen3, version 3.4.0
[1.536s] -- Found Eigen: /usr/include/eigen3 (Required is at least version "3.1") 
[1.536s] -- Eigen found (include: /usr/include/eigen3, version: 3.4.0)
[1.564s] -- Found Boost: /usr/lib/x86_64-linux-gnu/cmake/Boost-1.74.0/BoostConfig.cmake (found suitable version "1.74.0", minimum required is "1.65.0") found components: system filesystem date_time iostreams serialization 
[1.583s] -- Checking for module 'flann'
[1.603s] --   Found flann, version 1.9.1
[1.662s] -- Found FLANN: /usr/lib/x86_64-linux-gnu/libflann_cpp.so  
[1.662s] -- FLANN found (include: /usr/include, lib: /usr/lib/x86_64-linux-gnu/libflann_cpp.so)
[1.694s] -- Found GLEW: /usr/lib/x86_64-linux-gnu/libGLEW.so  
[1.699s] -- Found OpenGL: /usr/lib/x86_64-linux-gnu/libOpenGL.so  found components: OpenGL GLX 
[1.857s] -- Found MPI_C: /usr/lib/x86_64-linux-gnu/libmpi.so (found version "3.1") 
[1.857s] -- Found MPI: TRUE (found version "3.1") found components: C 
[1.859s] -- Found JsonCpp: /usr/lib/x86_64-linux-gnu/libjsoncpp.so (found suitable version "1.9.5", minimum required is "0.7.0") 
[1.867s] -- Found ZLIB: /usr/lib/x86_64-linux-gnu/libz.so (found version "1.2.11") 
[1.882s] -- Found PNG: /usr/lib/x86_64-linux-gnu/libpng.so (found version "1.6.37") 
[1.892s] -- Found Eigen3: /usr/include/eigen3 (found version "3.4.0") 
[2.008s] -- Found X11: /usr/include   
[2.008s] -- Looking for XOpenDisplay in /usr/lib/x86_64-linux-gnu/libX11.so;/usr/lib/x86_64-linux-gnu/libXext.so
[2.091s] -- Looking for XOpenDisplay in /usr/lib/x86_64-linux-gnu/libX11.so;/usr/lib/x86_64-linux-gnu/libXext.so - found
[2.091s] -- Looking for gethostbyname
[2.167s] -- Looking for gethostbyname - found
[2.168s] -- Looking for connect
[2.246s] -- Looking for connect - found
[2.246s] -- Looking for remove
[2.322s] -- Looking for remove - found
[2.322s] -- Looking for shmat
[2.397s] -- Looking for shmat - found
[2.397s] -- Looking for IceConnectionNumber in ICE
[2.476s] -- Looking for IceConnectionNumber in ICE - found
[2.592s] -- Found EXPAT: /usr/lib/x86_64-linux-gnu/libexpat.so (found version "2.4.7") 
[2.593s] -- Found double-conversion: /usr/lib/x86_64-linux-gnu/libdouble-conversion.so  
[2.595s] -- Found LZ4: /usr/lib/x86_64-linux-gnu/liblz4.so (found version "1.9.3") 
[2.596s] -- Found LZMA: /usr/lib/x86_64-linux-gnu/liblzma.so (found version "5.2.5") 
[2.609s] -- Found JPEG: /usr/lib/x86_64-linux-gnu/libjpeg.so (found version "80") 
[2.614s] -- Found TIFF: /usr/lib/x86_64-linux-gnu/libtiff.so (found version "4.3.0")  
[2.617s] -- Found Freetype: /usr/lib/x86_64-linux-gnu/libfreetype.so (found version "2.11.1") 
[2.621s] -- Found utf8cpp: /usr/include/utf8cpp  
[2.731s] -- Checking for module 'libusb-1.0'
[2.752s] --   Found libusb-1.0, version 1.0.25
[2.809s] -- Found libusb: /usr/lib/x86_64-linux-gnu/libusb-1.0.so  
[2.809s] -- Found OpenNI: /usr/lib/libOpenNI.so;libusb::libusb (found version "1.5.4.0") 
[2.810s] -- OpenNI found (version: 1.5.4.0, include: /usr/include/ni, lib: /usr/lib/libOpenNI.so;libusb::libusb)
[2.896s] -- Found OpenNI2: /usr/lib/x86_64-linux-gnu/libOpenNI2.so;libusb::libusb (found version "2.2.0.33") 
[2.896s] -- OpenNI2 found (version: 2.2.0.33, include: /usr/include/openni2, lib: /usr/lib/x86_64-linux-gnu/libOpenNI2.so;libusb::libusb)
[2.896s] [0m** WARNING ** io features related to pcap will be disabled[0m
[3.043s] -- Eigen found (include: /usr/include/eigen3, version: 3.4.0)
[3.051s] -- OpenNI found (version: 1.5.4.0, include: /usr/include/ni, lib: /usr/lib/libOpenNI.so;libusb::libusb)
[3.057s] -- OpenNI2 found (version: 2.2.0.33, include: /usr/include/openni2, lib: /usr/lib/x86_64-linux-gnu/libOpenNI2.so;libusb::libusb)
[3.199s] -- Found Qhull version 8.0.2
[3.344s] -- OpenNI found (version: 1.5.4.0, include: /usr/include/ni, lib: /usr/lib/libOpenNI.so;libusb::libusb)
[3.480s] -- looking for PCL_COMMON
[3.481s] -- Found PCL_COMMON: /usr/lib/x86_64-linux-gnu/libpcl_common.so  
[3.481s] -- looking for PCL_KDTREE
[3.481s] -- Found PCL_KDTREE: /usr/lib/x86_64-linux-gnu/libpcl_kdtree.so  
[3.482s] -- looking for PCL_OCTREE
[3.482s] -- Found PCL_OCTREE: /usr/lib/x86_64-linux-gnu/libpcl_octree.so  
[3.482s] -- looking for PCL_SEARCH
[3.483s] -- Found PCL_SEARCH: /usr/lib/x86_64-linux-gnu/libpcl_search.so  
[3.483s] -- looking for PCL_SAMPLE_CONSENSUS
[3.484s] -- Found PCL_SAMPLE_CONSENSUS: /usr/lib/x86_64-linux-gnu/libpcl_sample_consensus.so  
[3.484s] -- looking for PCL_FILTERS
[3.484s] -- Found PCL_FILTERS: /usr/lib/x86_64-linux-gnu/libpcl_filters.so  
[3.485s] -- looking for PCL_2D
[3.485s] -- Found PCL_2D: /usr/include/pcl-1.12  
[3.485s] -- looking for PCL_GEOMETRY
[3.485s] -- Found PCL_GEOMETRY: /usr/include/pcl-1.12  
[3.485s] -- looking for PCL_IO
[3.486s] -- Found PCL_IO: /usr/lib/x86_64-linux-gnu/libpcl_io.so  
[3.486s] -- looking for PCL_FEATURES
[3.487s] -- Found PCL_FEATURES: /usr/lib/x86_64-linux-gnu/libpcl_features.so  
[3.487s] -- looking for PCL_ML
[3.487s] -- Found PCL_ML: /usr/lib/x86_64-linux-gnu/libpcl_ml.so  
[3.488s] -- looking for PCL_SEGMENTATION
[3.488s] -- Found PCL_SEGMENTATION: /usr/lib/x86_64-linux-gnu/libpcl_segmentation.so  
[3.489s] -- looking for PCL_VISUALIZATION
[3.489s] -- Found PCL_VISUALIZATION: /usr/lib/x86_64-linux-gnu/libpcl_visualization.so  
[3.489s] -- looking for PCL_SURFACE
[3.490s] -- Found PCL_SURFACE: /usr/lib/x86_64-linux-gnu/libpcl_surface.so  
[3.490s] -- looking for PCL_REGISTRATION
[3.491s] -- Found PCL_REGISTRATION: /usr/lib/x86_64-linux-gnu/libpcl_registration.so  
[3.491s] -- looking for PCL_KEYPOINTS
[3.492s] -- Found PCL_KEYPOINTS: /usr/lib/x86_64-linux-gnu/libpcl_keypoints.so  
[3.492s] -- looking for PCL_TRACKING
[3.492s] -- Found PCL_TRACKING: /usr/lib/x86_64-linux-gnu/libpcl_tracking.so  
[3.493s] -- looking for PCL_RECOGNITION
[3.493s] -- Found PCL_RECOGNITION: /usr/lib/x86_64-linux-gnu/libpcl_recognition.so  
[3.493s] -- looking for PCL_STEREO
[3.494s] -- Found PCL_STEREO: /usr/lib/x86_64-linux-gnu/libpcl_stereo.so  
[3.494s] -- looking for PCL_APPS
[3.495s] -- Found PCL_APPS: /usr/lib/x86_64-linux-gnu/libpcl_apps.so  
[3.495s] -- looking for PCL_IN_HAND_SCANNER
[3.496s] -- Found PCL_IN_HAND_SCANNER: /usr/include/pcl-1.12  
[3.496s] -- looking for PCL_MODELER
[3.496s] -- Found PCL_MODELER: /usr/include/pcl-1.12  
[3.496s] -- looking for PCL_POINT_CLOUD_EDITOR
[3.496s] -- Found PCL_POINT_CLOUD_EDITOR: /usr/include/pcl-1.12  
[3.496s] -- looking for PCL_OUTOFCORE
[3.497s] -- Found PCL_OUTOFCORE: /usr/lib/x86_64-linux-gnu/libpcl_outofcore.so  
[3.497s] -- looking for PCL_PEOPLE
[3.498s] -- Found PCL_PEOPLE: /usr/lib/x86_64-linux-gnu/libpcl_people.so  
[3.499s] -- Found PCL: pcl_common;pcl_kdtree;pcl_octree;pcl_search;pcl_sample_consensus;pcl_filters;pcl_io;pcl_features;pcl_ml;pcl_segmentation;pcl_visualization;pcl_surface;pcl_registration;pcl_keypoints;pcl_tracking;pcl_recognition;pcl_stereo;pcl_apps;pcl_outofcore;pcl_people;Boost::system;Boost::filesystem;Boost::date_time;Boost::iostreams;Boost::serialization;/usr/lib/libOpenNI.so;libusb::libusb;/usr/lib/x86_64-linux-gnu/libOpenNI2.so;libusb::libusb;VTK::ChartsCore;VTK::CommonColor;VTK::CommonComputationalGeometry;VTK::CommonCore;VTK::CommonDataModel;VTK::CommonExecutionModel;VTK::CommonMath;VTK::CommonMisc;VTK::CommonTransforms;VTK::FiltersCore;VTK::FiltersExtraction;VTK::FiltersGeneral;VTK::FiltersGeometry;VTK::FiltersModeling;VTK::FiltersSources;VTK::ImagingCore;VTK::ImagingSources;VTK::InteractionImage;VTK::InteractionStyle;VTK::InteractionWidgets;VTK::IOCore;VTK::IOGeometry;VTK::IOImage;VTK::IOLegacy;VTK::IOPLY;VTK::RenderingAnnotation;VTK::RenderingCore;VTK::RenderingContext2D;VTK::RenderingLOD;VTK::RenderingFreeType;VTK::ViewsCore;VTK::ViewsContext2D;VTK::RenderingOpenGL2;VTK::GUISupportQt;FLANN::FLANN;QHULL::QHULL  
[3.501s] -- Found Pcap: /usr/lib/x86_64-linux-gnu/libpcap.so  
[3.506s] -- Found ament_lint_auto: 0.12.10 (/opt/ros/humble/share/ament_lint_auto/cmake)
[3.560s] [31mCMake Error at /opt/ros/humble/share/ament_cmake_core/cmake/core/ament_package_xml.cmake:53 (message):
[3.560s]   ament_package_xml() package name 'module_4_assignment' in '/package.xml'
[3.560s]   does not match current PROJECT_NAME 'maze_solving'.  You must call
[3.560s]   project() with the same package name before.
[3.560s] Call Stack (most recent call first):
[3.560s]   /opt/ros/humble/share/ament_lint_auto/cmake/ament_lint_auto_find_test_dependencies.cmake:31 (ament_package_xml)
[3.560s]   CMakeLists.txt:57 (ament_lint_auto_find_test_dependencies)
[3.560s] 
[3.560s] [0m
[3.560s] -- Configuring incomplete, errors occurred!
[3.561s] See also "/home/kushal16/rse_ws/src/robotics_software_engineer/module_4_assignment/build/module_4_assignment/CMakeFiles/CMakeOutput.log".
[3.581s] Invoked command in '/home/kushal16/rse_ws/src/robotics_software_engineer/module_4_assignment/build/module_4_assignment' returned '1': CMAKE_PREFIX_PATH=${CMAKE_PREFIX_PATH}:/opt/ros/humble /usr/bin/cmake /home/kushal16/rse_ws/src/robotics_software_engineer/module_4_assignment -DCMAKE_INSTALL_PREFIX=/home/kushal16/rse_ws/src/robotics_software_engineer/module_4_assignment/install/module_4_assignment
