[0.012s] Invoking command in '/home/kushal16/rse_ws/src/robotics_software_engineer/module_4_assignment/build/module_4_assignment': CMAKE_PREFIX_PATH=${CMAKE_PREFIX_PATH}:/opt/ros/humble /usr/bin/cmake /home/kushal16/rse_ws/src/robotics_software_engineer/module_4_assignment -DCMAKE_INSTALL_PREFIX=/home/kushal16/rse_ws/src/robotics_software_engineer/module_4_assignment/install/module_4_assignment
[0.025s] -- Found ament_cmake: 1.3.8 (/opt/ros/humble/share/ament_cmake/cmake)
[0.129s] -- Found rclcpp: 16.0.8 (/opt/ros/humble/share/rclcpp/cmake)
[0.155s] -- Found rosidl_generator_c: 3.1.5 (/opt/ros/humble/share/rosidl_generator_c/cmake)
[0.156s] -- Found rosidl_adapter: 3.1.5 (/opt/ros/humble/share/rosidl_adapter/cmake)
[0.161s] -- Found rosidl_generator_cpp: 3.1.5 (/opt/ros/humble/share/rosidl_generator_cpp/cmake)
[0.171s] -- Using all available rosidl_typesupport_c: rosidl_typesupport_fastrtps_c;rosidl_typesupport_introspection_c
[0.185s] -- Using all available rosidl_typesupport_cpp: rosidl_typesupport_fastrtps_cpp;rosidl_typesupport_introspection_cpp
[0.234s] -- Found rmw_implementation_cmake: 6.1.1 (/opt/ros/humble/share/rmw_implementation_cmake/cmake)
[0.235s] -- Found rmw_fastrtps_cpp: 6.2.6 (/opt/ros/humble/share/rmw_fastrtps_cpp/cmake)
[0.358s] -- Using RMW implementation 'rmw_fastrtps_cpp' as default
[0.489s] -- Found geometry_msgs: 4.2.3 (/opt/ros/humble/share/geometry_msgs/cmake)
[0.525s] -- Found sensor_msgs: 4.2.3 (/opt/ros/humble/share/sensor_msgs/cmake)
[0.594s] -- Found cv_bridge: 3.2.1 (/opt/ros/humble/share/cv_bridge/cmake)
[0.623s] -- Eigen found (include: /usr/include/eigen3, version: 3.4.0)
[0.654s] -- FLANN found (include: /usr/include, lib: /usr/lib/x86_64-linux-gnu/libflann_cpp.so)
[0.941s] -- OpenNI found (version: 1.5.4.0, include: /usr/include/ni, lib: /usr/lib/libOpenNI.so;libusb::libusb)
[0.948s] -- OpenNI2 found (version: 2.2.0.33, include: /usr/include/openni2, lib: /usr/lib/x86_64-linux-gnu/libOpenNI2.so;libusb::libusb)
[0.948s] [0m** WARNING ** io features related to pcap will be disabled[0m
[1.092s] -- Eigen found (include: /usr/include/eigen3, version: 3.4.0)
[1.099s] -- OpenNI found (version: 1.5.4.0, include: /usr/include/ni, lib: /usr/lib/libOpenNI.so;libusb::libusb)
[1.107s] -- OpenNI2 found (version: 2.2.0.33, include: /usr/include/openni2, lib: /usr/lib/x86_64-linux-gnu/libOpenNI2.so;libusb::libusb)
[1.239s] -- Found Qhull version 8.0.2
[1.380s] -- OpenNI found (version: 1.5.4.0, include: /usr/include/ni, lib: /usr/lib/libOpenNI.so;libusb::libusb)
[1.518s] -- looking for PCL_COMMON
[1.518s] -- looking for PCL_KDTREE
[1.518s] -- looking for PCL_OCTREE
[1.518s] -- looking for PCL_SEARCH
[1.519s] -- looking for PCL_SAMPLE_CONSENSUS
[1.519s] -- looking for PCL_FILTERS
[1.519s] -- looking for PCL_2D
[1.519s] -- looking for PCL_GEOMETRY
[1.520s] -- looking for PCL_IO
[1.520s] -- looking for PCL_FEATURES
[1.520s] -- looking for PCL_ML
[1.520s] -- looking for PCL_SEGMENTATION
[1.521s] -- looking for PCL_VISUALIZATION
[1.521s] -- looking for PCL_SURFACE
[1.522s] -- looking for PCL_REGISTRATION
[1.522s] -- looking for PCL_KEYPOINTS
[1.522s] -- looking for PCL_TRACKING
[1.522s] -- looking for PCL_RECOGNITION
[1.523s] -- looking for PCL_STEREO
[1.523s] -- looking for PCL_APPS
[1.524s] -- looking for PCL_IN_HAND_SCANNER
[1.524s] -- looking for PCL_MODELER
[1.524s] -- looking for PCL_POINT_CLOUD_EDITOR
[1.524s] -- looking for PCL_OUTOFCORE
[1.525s] -- looking for PCL_PEOPLE
[1.529s] -- Found ament_lint_auto: 0.12.10 (/opt/ros/humble/share/ament_lint_auto/cmake)
[1.581s] [31mCMake Error at /opt/ros/humble/share/ament_cmake_core/cmake/core/ament_package_xml.cmake:53 (message):
[1.581s]   ament_package_xml() package name 'module_4_assignment' in '/package.xml'
[1.581s]   does not match current PROJECT_NAME 'maze_solving'.  You must call
[1.581s]   project() with the same package name before.
[1.581s] Call Stack (most recent call first):
[1.581s]   /opt/ros/humble/share/ament_lint_auto/cmake/ament_lint_auto_find_test_dependencies.cmake:31 (ament_package_xml)
[1.581s]   CMakeLists.txt:57 (ament_lint_auto_find_test_dependencies)
[1.582s] 
[1.582s] [0m
[1.582s] -- Configuring incomplete, errors occurred!
[1.582s] See also "/home/kushal16/rse_ws/src/robotics_software_engineer/module_4_assignment/build/module_4_assignment/CMakeFiles/CMakeOutput.log".
[1.599s] Invoked command in '/home/kushal16/rse_ws/src/robotics_software_engineer/module_4_assignment/build/module_4_assignment' returned '1': CMAKE_PREFIX_PATH=${CMAKE_PREFIX_PATH}:/opt/ros/humble /usr/bin/cmake /home/kushal16/rse_ws/src/robotics_software_engineer/module_4_assignment -DCMAKE_INSTALL_PREFIX=/home/kushal16/rse_ws/src/robotics_software_engineer/module_4_assignment/install/module_4_assignment
