[0.012s] Invoking command in '/home/kushal16/rse_ws/src/robotics_software_engineer/module_2_assignment/build/module_2_assignment': CMAKE_PREFIX_PATH=${CMAKE_PREFIX_PATH}:/opt/ros/humble /usr/bin/cmake --build /home/kushal16/rse_ws/src/robotics_software_engineer/module_2_assignment/build/module_2_assignment -- -j16 -l16
[0.036s] -- Found ament_cmake: 1.3.8 (/opt/ros/humble/share/ament_cmake/cmake)
[0.145s] -- Found rclcpp: 16.0.8 (/opt/ros/humble/share/rclcpp/cmake)
[0.170s] -- Found rosidl_generator_c: 3.1.5 (/opt/ros/humble/share/rosidl_generator_c/cmake)
[0.172s] -- Found rosidl_adapter: 3.1.5 (/opt/ros/humble/share/rosidl_adapter/cmake)
[0.178s] -- Found rosidl_generator_cpp: 3.1.5 (/opt/ros/humble/share/rosidl_generator_cpp/cmake)
[0.187s] -- Using all available rosidl_typesupport_c: rosidl_typesupport_fastrtps_c;rosidl_typesupport_introspection_c
[0.201s] -- Using all available rosidl_typesupport_cpp: rosidl_typesupport_fastrtps_cpp;rosidl_typesupport_introspection_cpp
[0.249s] -- Found rmw_implementation_cmake: 6.1.1 (/opt/ros/humble/share/rmw_implementation_cmake/cmake)
[0.250s] -- Found rmw_fastrtps_cpp: 6.2.6 (/opt/ros/humble/share/rmw_fastrtps_cpp/cmake)
[0.372s] -- Using RMW implementation 'rmw_fastrtps_cpp' as default
[0.504s] -- Found geometry_msgs: 4.2.3 (/opt/ros/humble/share/geometry_msgs/cmake)
[0.540s] -- Found nav_msgs: 4.2.3 (/opt/ros/humble/share/nav_msgs/cmake)
[0.609s] -- Found tf2_ros: 0.25.6 (/opt/ros/humble/share/tf2_ros/cmake)
[0.942s] -- Configuring done
[0.959s] -- Generating done
[0.961s] -- Build files have been written to: /home/kushal16/rse_ws/src/robotics_software_engineer/module_2_assignment/build/module_2_assignment
[0.988s] [35m[1mConsolidate compiler generated dependencies of target back_forth[0m
[0.989s] [35m[1mConsolidate compiler generated dependencies of target turtle_motion[0m
[0.989s] [35m[1mConsolidate compiler generated dependencies of target spiral_turtle[0m
[1.010s] [ 83%] Built target turtle_motion
[1.011s] [ 83%] Built target back_forth
[1.011s] [100%] Built target spiral_turtle
[1.024s] Invoked command in '/home/kushal16/rse_ws/src/robotics_software_engineer/module_2_assignment/build/module_2_assignment' returned '0': CMAKE_PREFIX_PATH=${CMAKE_PREFIX_PATH}:/opt/ros/humble /usr/bin/cmake --build /home/kushal16/rse_ws/src/robotics_software_engineer/module_2_assignment/build/module_2_assignment -- -j16 -l16
[1.069s] Invoking command in '/home/kushal16/rse_ws/src/robotics_software_engineer/module_2_assignment/build/module_2_assignment': CMAKE_PREFIX_PATH=${CMAKE_PREFIX_PATH}:/opt/ros/humble /usr/bin/cmake --install /home/kushal16/rse_ws/src/robotics_software_engineer/module_2_assignment/build/module_2_assignment
[1.077s] -- Install configuration: ""
[1.077s] -- Up-to-date: /home/kushal16/rse_ws/src/robotics_software_engineer/module_2_assignment/install/module_2_assignment/lib/module_2_assignment/turtle_motion
[1.077s] -- Up-to-date: /home/kushal16/rse_ws/src/robotics_software_engineer/module_2_assignment/install/module_2_assignment/lib/module_2_assignment/spiral_turtle
[1.078s] -- Up-to-date: /home/kushal16/rse_ws/src/robotics_software_engineer/module_2_assignment/install/module_2_assignment/share/module_2_assignment/launch
[1.078s] -- Up-to-date: /home/kushal16/rse_ws/src/robotics_software_engineer/module_2_assignment/install/module_2_assignment/share/module_2_assignment/launch/turtle_motion.launch.py
[1.078s] -- Up-to-date: /home/kushal16/rse_ws/src/robotics_software_engineer/module_2_assignment/install/module_2_assignment/share/module_2_assignment/launch/turtle_drive_log.launch.py
[1.078s] -- Up-to-date: /home/kushal16/rse_ws/src/robotics_software_engineer/module_2_assignment/install/module_2_assignment/share/ament_index/resource_index/package_run_dependencies/module_2_assignment
[1.078s] -- Up-to-date: /home/kushal16/rse_ws/src/robotics_software_engineer/module_2_assignment/install/module_2_assignment/share/ament_index/resource_index/parent_prefix_path/module_2_assignment
[1.078s] -- Up-to-date: /home/kushal16/rse_ws/src/robotics_software_engineer/module_2_assignment/install/module_2_assignment/share/module_2_assignment/environment/ament_prefix_path.sh
[1.079s] -- Installing: /home/kushal16/rse_ws/src/robotics_software_engineer/module_2_assignment/install/module_2_assignment/share/module_2_assignment/environment/ament_prefix_path.dsv
[1.079s] -- Up-to-date: /home/kushal16/rse_ws/src/robotics_software_engineer/module_2_assignment/install/module_2_assignment/share/module_2_assignment/environment/path.sh
[1.079s] -- Installing: /home/kushal16/rse_ws/src/robotics_software_engineer/module_2_assignment/install/module_2_assignment/share/module_2_assignment/environment/path.dsv
[1.079s] -- Up-to-date: /home/kushal16/rse_ws/src/robotics_software_engineer/module_2_assignment/install/module_2_assignment/share/module_2_assignment/local_setup.bash
[1.079s] -- Up-to-date: /home/kushal16/rse_ws/src/robotics_software_engineer/module_2_assignment/install/module_2_assignment/share/module_2_assignment/local_setup.sh
[1.079s] -- Up-to-date: /home/kushal16/rse_ws/src/robotics_software_engineer/module_2_assignment/install/module_2_assignment/share/module_2_assignment/local_setup.zsh
[1.079s] -- Installing: /home/kushal16/rse_ws/src/robotics_software_engineer/module_2_assignment/install/module_2_assignment/share/module_2_assignment/local_setup.dsv
[1.079s] -- Installing: /home/kushal16/rse_ws/src/robotics_software_engineer/module_2_assignment/install/module_2_assignment/share/module_2_assignment/package.dsv
[1.079s] -- Up-to-date: /home/kushal16/rse_ws/src/robotics_software_engineer/module_2_assignment/install/module_2_assignment/share/ament_index/resource_index/packages/module_2_assignment
[1.079s] -- Up-to-date: /home/kushal16/rse_ws/src/robotics_software_engineer/module_2_assignment/install/module_2_assignment/share/module_2_assignment/cmake/module_2_assignmentConfig.cmake
[1.079s] -- Up-to-date: /home/kushal16/rse_ws/src/robotics_software_engineer/module_2_assignment/install/module_2_assignment/share/module_2_assignment/cmake/module_2_assignmentConfig-version.cmake
[1.079s] -- Up-to-date: /home/kushal16/rse_ws/src/robotics_software_engineer/module_2_assignment/install/module_2_assignment/share/module_2_assignment/package.xml
[1.081s] Invoked command in '/home/kushal16/rse_ws/src/robotics_software_engineer/module_2_assignment/build/module_2_assignment' returned '0': CMAKE_PREFIX_PATH=${CMAKE_PREFIX_PATH}:/opt/ros/humble /usr/bin/cmake --install /home/kushal16/rse_ws/src/robotics_software_engineer/module_2_assignment/build/module_2_assignment
