[0.011s] Invoking command in '/home/kushal16/rse_ws/src/robotics_software_engineer/module_1_assignment/build/module_1_assignment': CMAKE_PREFIX_PATH=${CMAKE_PREFIX_PATH}:/opt/ros/humble /usr/bin/cmake /home/kushal16/rse_ws/src/robotics_software_engineer/module_1_assignment -DCMAKE_INSTALL_PREFIX=/home/kushal16/rse_ws/src/robotics_software_engineer/module_1_assignment/install/module_1_assignment
[0.097s] -- The C compiler identification is GNU 11.4.0
[0.168s] -- The CXX compiler identification is GNU 11.4.0
[0.176s] -- Detecting C compiler ABI info
[0.252s] -- Detecting C compiler ABI info - done
[0.258s] -- Check for working C compiler: /usr/bin/cc - skipped
[0.258s] -- Detecting C compile features
[0.258s] -- Detecting C compile features - done
[0.260s] -- Detecting CXX compiler ABI info
[0.348s] -- Detecting CXX compiler ABI info - done
[0.354s] -- Check for working CXX compiler: /usr/bin/c++ - skipped
[0.354s] -- Detecting CXX compile features
[0.354s] -- Detecting CXX compile features - done
[0.359s] -- Found ament_cmake: 1.3.8 (/opt/ros/humble/share/ament_cmake/cmake)
[0.508s] -- Found Python3: /usr/bin/python3 (found version "3.10.12") found components: Interpreter 
[0.607s] -- Found ament_lint_auto: 0.12.10 (/opt/ros/humble/share/ament_lint_auto/cmake)
[0.684s] -- Added test 'cppcheck' to perform static code analysis on C / C++ code
[0.684s] -- Configured cppcheck include dirs: 
[0.684s] -- Configured cppcheck exclude dirs and/or files: 
[0.686s] -- Added test 'lint_cmake' to check CMake code style
[0.692s] -- Added test 'uncrustify' to check C / C++ code style
[0.692s] -- Configured uncrustify additional arguments: 
[0.694s] -- Added test 'xmllint' to check XML markup files
[0.695s] -- Configuring done
[0.696s] [31mCMake Error at CMakeLists.txt:15 (add_executable):
[0.696s]   Cannot find source file:
[0.697s] 
[0.697s]     src/robot_sensor_hardcore.cpp
[0.697s] 
[0.697s]   Tried extensions .c .C .c++ .cc .cpp .cxx .cu .mpp .m .M .mm .ixx .cppm .h
[0.697s]   .hh .h++ .hm .hpp .hxx .in .txx .f .F .for .f77 .f90 .f95 .f03 .hip .ispc
[0.697s] 
[0.697s] [0m
[0.697s] [31mCMake Error at CMakeLists.txt:16 (add_executable):
[0.697s]   Cannot find source file:
[0.697s] 
[0.697s]     src/robot_intro.cpp
[0.697s] 
[0.697s]   Tried extensions .c .C .c++ .cc .cpp .cxx .cu .mpp .m .M .mm .ixx .cppm .h
[0.697s]   .hh .h++ .hm .hpp .hxx .in .txx .f .F .for .f77 .f90 .f95 .f03 .hip .ispc
[0.697s] 
[0.697s] [0m
[0.697s] [31mCMake Error at CMakeLists.txt:15 (add_executable):
[0.697s]   No SOURCES given to target: robot_sensor
[0.697s] 
[0.697s] [0m
[0.697s] [31mCMake Error at CMakeLists.txt:16 (add_executable):
[0.697s]   No SOURCES given to target: robot1
[0.697s] 
[0.697s] [0m
[0.698s] [0mCMake Generate step failed.  Build files cannot be regenerated correctly.[0m
[0.701s] Invoked command in '/home/kushal16/rse_ws/src/robotics_software_engineer/module_1_assignment/build/module_1_assignment' returned '1': CMAKE_PREFIX_PATH=${CMAKE_PREFIX_PATH}:/opt/ros/humble /usr/bin/cmake /home/kushal16/rse_ws/src/robotics_software_engineer/module_1_assignment -DCMAKE_INSTALL_PREFIX=/home/kushal16/rse_ws/src/robotics_software_engineer/module_1_assignment/install/module_1_assignment
