[0.013s] Invoking command in '/home/kushal16/rse_ws/src/robotics_software_engineer/module_4_assignment/build/module_4_assignment': CMAKE_PREFIX_PATH=${CMAKE_PREFIX_PATH}:/opt/ros/humble /usr/bin/cmake /home/kushal16/rse_ws/src/robotics_software_engineer/module_4_assignment -DCMAKE_INSTALL_PREFIX=/home/kushal16/rse_ws/src/robotics_software_engineer/module_4_assignment/install/module_4_assignment
[0.025s] -- Found ament_cmake: 1.3.8 (/opt/ros/humble/share/ament_cmake/cmake)
[0.125s] [31mCMake Error at /opt/ros/humble/share/ament_cmake_core/cmake/ament_cmake_uninstall_target-extras.cmake:40 (add_custom_target):
[0.125s]   add_custom_target called with invalid target name
[0.125s]   "module_4_assignment/maze_solving_uninstall".  Target names may not contain
[0.125s]   a slash.  Use ADD_CUSTOM_COMMAND to generate files.
[0.125s] Call Stack (most recent call first):
[0.125s]   /opt/ros/humble/share/ament_cmake_core/cmake/ament_cmake_coreConfig.cmake:41 (include)
[0.126s]   /opt/ros/humble/share/ament_cmake/cmake/ament_cmake_export_dependencies-extras.cmake:15 (find_package)
[0.126s]   /opt/ros/humble/share/ament_cmake/cmake/ament_cmakeConfig.cmake:41 (include)
[0.126s]   CMakeLists.txt:9 (find_package)
[0.126s] 
[0.126s] [0m
[0.131s] -- Found rclcpp: 16.0.8 (/opt/ros/humble/share/rclcpp/cmake)
[0.156s] -- Found rosidl_generator_c: 3.1.5 (/opt/ros/humble/share/rosidl_generator_c/cmake)
[0.158s] -- Found rosidl_adapter: 3.1.5 (/opt/ros/humble/share/rosidl_adapter/cmake)
[0.163s] -- Found rosidl_generator_cpp: 3.1.5 (/opt/ros/humble/share/rosidl_generator_cpp/cmake)
[0.172s] -- Using all available rosidl_typesupport_c: rosidl_typesupport_fastrtps_c;rosidl_typesupport_introspection_c
[0.185s] -- Using all available rosidl_typesupport_cpp: rosidl_typesupport_fastrtps_cpp;rosidl_typesupport_introspection_cpp
[0.234s] -- Found rmw_implementation_cmake: 6.1.1 (/opt/ros/humble/share/rmw_implementation_cmake/cmake)
[0.235s] -- Found rmw_fastrtps_cpp: 6.2.6 (/opt/ros/humble/share/rmw_fastrtps_cpp/cmake)
[0.362s] -- Using RMW implementation 'rmw_fastrtps_cpp' as default
[0.492s] -- Found geometry_msgs: 4.2.3 (/opt/ros/humble/share/geometry_msgs/cmake)
[0.527s] -- Found sensor_msgs: 4.2.3 (/opt/ros/humble/share/sensor_msgs/cmake)
[0.597s] -- Found cv_bridge: 3.2.1 (/opt/ros/humble/share/cv_bridge/cmake)
[0.625s] -- Eigen found (include: /usr/include/eigen3, version: 3.4.0)
[0.657s] -- FLANN found (include: /usr/include, lib: /usr/lib/x86_64-linux-gnu/libflann_cpp.so)
[0.951s] -- OpenNI found (version: 1.5.4.0, include: /usr/include/ni, lib: /usr/lib/libOpenNI.so;libusb::libusb)
[0.959s] -- OpenNI2 found (version: 2.2.0.33, include: /usr/include/openni2, lib: /usr/lib/x86_64-linux-gnu/libOpenNI2.so;libusb::libusb)
[0.960s] [0m** WARNING ** io features related to pcap will be disabled[0m
[1.106s] -- Eigen found (include: /usr/include/eigen3, version: 3.4.0)
[1.113s] -- OpenNI found (version: 1.5.4.0, include: /usr/include/ni, lib: /usr/lib/libOpenNI.so;libusb::libusb)
[1.122s] -- OpenNI2 found (version: 2.2.0.33, include: /usr/include/openni2, lib: /usr/lib/x86_64-linux-gnu/libOpenNI2.so;libusb::libusb)
[1.259s] -- Found Qhull version 8.0.2
[1.404s] -- OpenNI found (version: 1.5.4.0, include: /usr/include/ni, lib: /usr/lib/libOpenNI.so;libusb::libusb)
[1.541s] -- looking for PCL_COMMON
[1.541s] -- looking for PCL_KDTREE
[1.541s] -- looking for PCL_OCTREE
[1.542s] -- looking for PCL_SEARCH
[1.542s] -- looking for PCL_SAMPLE_CONSENSUS
[1.542s] -- looking for PCL_FILTERS
[1.542s] -- looking for PCL_2D
[1.542s] -- looking for PCL_GEOMETRY
[1.543s] -- looking for PCL_IO
[1.543s] -- looking for PCL_FEATURES
[1.543s] -- looking for PCL_ML
[1.544s] -- looking for PCL_SEGMENTATION
[1.544s] -- looking for PCL_VISUALIZATION
[1.544s] -- looking for PCL_SURFACE
[1.545s] -- looking for PCL_REGISTRATION
[1.545s] -- looking for PCL_KEYPOINTS
[1.545s] -- looking for PCL_TRACKING
[1.545s] -- looking for PCL_RECOGNITION
[1.546s] -- looking for PCL_STEREO
[1.546s] -- looking for PCL_APPS
[1.547s] -- looking for PCL_IN_HAND_SCANNER
[1.547s] -- looking for PCL_MODELER
[1.547s] -- looking for PCL_POINT_CLOUD_EDITOR
[1.547s] -- looking for PCL_OUTOFCORE
[1.548s] -- looking for PCL_PEOPLE
[1.552s] -- Found ament_lint_auto: 0.12.10 (/opt/ros/humble/share/ament_lint_auto/cmake)
[1.604s] [31mCMake Error at /opt/ros/humble/share/ament_cmake_core/cmake/core/ament_package_xml.cmake:53 (message):
[1.604s]   ament_package_xml() package name 'module_4_assignment' in '/package.xml'
[1.604s]   does not match current PROJECT_NAME 'module_4_assignment/maze_solving'.
[1.604s]   You must call project() with the same package name before.
[1.604s] Call Stack (most recent call first):
[1.604s]   /opt/ros/humble/share/ament_lint_auto/cmake/ament_lint_auto_find_test_dependencies.cmake:31 (ament_package_xml)
[1.604s]   CMakeLists.txt:57 (ament_lint_auto_find_test_dependencies)
[1.604s] 
[1.604s] [0m
[1.604s] -- Configuring incomplete, errors occurred!
[1.604s] See also "/home/kushal16/rse_ws/src/robotics_software_engineer/module_4_assignment/build/module_4_assignment/CMakeFiles/CMakeOutput.log".
[1.620s] Invoked command in '/home/kushal16/rse_ws/src/robotics_software_engineer/module_4_assignment/build/module_4_assignment' returned '1': CMAKE_PREFIX_PATH=${CMAKE_PREFIX_PATH}:/opt/ros/humble /usr/bin/cmake /home/kushal16/rse_ws/src/robotics_software_engineer/module_4_assignment -DCMAKE_INSTALL_PREFIX=/home/kushal16/rse_ws/src/robotics_software_engineer/module_4_assignment/install/module_4_assignment
