[35m[1mConsolidate compiler generated dependencies of target lqr_lib[0m
[35m[1mConsolidate compiler generated dependencies of target lineFollowing[0m
[ 33%] Built target lqr_lib
[ 66%] Built target lineFollowing
[35m[1mConsolidate compiler generated dependencies of target lqr_nodetst[0m
[100%] Built target lqr_nodetst
-- Install configuration: ""
-- Up-to-date: /home/kushal16/rse_ws1/robotics_software_engineer/module_5_assignment/install/module_5_assignment/lib/module_5_assignment/liblqr_lib.a
-- Up-to-date: /home/kushal16/rse_ws1/robotics_software_engineer/module_5_assignment/install/module_5_assignment/lib/module_5_assignment/lqr_nodetst
-- Up-to-date: /home/kushal16/rse_ws1/robotics_software_engineer/module_5_assignment/install/module_5_assignment/lib/module_5_assignment/lineFollowing
-- Up-to-date: /home/kushal16/rse_ws1/robotics_software_engineer/module_5_assignment/install/module_5_assignment/share/module_5_assignment/launch
-- Installing: /home/kushal16/rse_ws1/robotics_software_engineer/module_5_assignment/install/module_5_assignment/share/module_5_assignment/launch/camera_line_following.launch.py
-- Up-to-date: /home/kushal16/rse_ws1/robotics_software_engineer/module_5_assignment/install/module_5_assignment/share/module_5_assignment/launch/lqr_nodetst.launch.py
-- Up-to-date: /home/kushal16/rse_ws1/robotics_software_engineer/module_5_assignment/install/module_5_assignment/share/module_5_assignment/worlds
-- Up-to-date: /home/kushal16/rse_ws1/robotics_software_engineer/module_5_assignment/install/module_5_assignment/share/module_5_assignment/worlds/line_following.world
-- Up-to-date: /home/kushal16/rse_ws1/robotics_software_engineer/module_5_assignment/install/module_5_assignment/share/module_5_assignment/urdf
-- Up-to-date: /home/kushal16/rse_ws1/robotics_software_engineer/module_5_assignment/install/module_5_assignment/share/ament_index/resource_index/package_run_dependencies/module_5_assignment
-- Up-to-date: /home/kushal16/rse_ws1/robotics_software_engineer/module_5_assignment/install/module_5_assignment/share/ament_index/resource_index/parent_prefix_path/module_5_assignment
-- Up-to-date: /home/kushal16/rse_ws1/robotics_software_engineer/module_5_assignment/install/module_5_assignment/share/module_5_assignment/environment/ament_prefix_path.sh
-- Up-to-date: /home/kushal16/rse_ws1/robotics_software_engineer/module_5_assignment/install/module_5_assignment/share/module_5_assignment/environment/ament_prefix_path.dsv
-- Up-to-date: /home/kushal16/rse_ws1/robotics_software_engineer/module_5_assignment/install/module_5_assignment/share/module_5_assignment/environment/path.sh
-- Up-to-date: /home/kushal16/rse_ws1/robotics_software_engineer/module_5_assignment/install/module_5_assignment/share/module_5_assignment/environment/path.dsv
-- Up-to-date: /home/kushal16/rse_ws1/robotics_software_engineer/module_5_assignment/install/module_5_assignment/share/module_5_assignment/local_setup.bash
-- Up-to-date: /home/kushal16/rse_ws1/robotics_software_engineer/module_5_assignment/install/module_5_assignment/share/module_5_assignment/local_setup.sh
-- Up-to-date: /home/kushal16/rse_ws1/robotics_software_engineer/module_5_assignment/install/module_5_assignment/share/module_5_assignment/local_setup.zsh
-- Up-to-date: /home/kushal16/rse_ws1/robotics_software_engineer/module_5_assignment/install/module_5_assignment/share/module_5_assignment/local_setup.dsv
-- Installing: /home/kushal16/rse_ws1/robotics_software_engineer/module_5_assignment/install/module_5_assignment/share/module_5_assignment/package.dsv
-- Up-to-date: /home/kushal16/rse_ws1/robotics_software_engineer/module_5_assignment/install/module_5_assignment/share/ament_index/resource_index/packages/module_5_assignment
-- Up-to-date: /home/kushal16/rse_ws1/robotics_software_engineer/module_5_assignment/install/module_5_assignment/share/module_5_assignment/cmake/module_5_assignmentConfig.cmake
-- Up-to-date: /home/kushal16/rse_ws1/robotics_software_engineer/module_5_assignment/install/module_5_assignment/share/module_5_assignment/cmake/module_5_assignmentConfig-version.cmake
-- Up-to-date: /home/kushal16/rse_ws1/robotics_software_engineer/module_5_assignment/install/module_5_assignment/share/module_5_assignment/package.xml
