[0.014s] Invoking command in '/home/kushal16/rse_ws1/robotics_software_engineer/module_5_assignment/build/module_5_assignment': CMAKE_PREFIX_PATH=${CMAKE_PREFIX_PATH}:/opt/ros/humble /usr/bin/cmake --build /home/kushal16/rse_ws1/robotics_software_engineer/module_5_assignment/build/module_5_assignment -- -j16 -l16
[0.059s] [35m[1mConsolidate compiler generated dependencies of target lqr_lib[0m
[0.060s] [35m[1mConsolidate compiler generated dependencies of target lineFollowing[0m
[0.076s] [ 33%] Built target lqr_lib
[0.080s] [ 66%] Built target lineFollowing
[0.088s] [35m[1mConsolidate compiler generated dependencies of target lqr_nodetst[0m
[0.110s] [100%] Built target lqr_nodetst
[0.124s] Invoked command in '/home/kushal16/rse_ws1/robotics_software_engineer/module_5_assignment/build/module_5_assignment' returned '0': CMAKE_PREFIX_PATH=${CMAKE_PREFIX_PATH}:/opt/ros/humble /usr/bin/cmake --build /home/kushal16/rse_ws1/robotics_software_engineer/module_5_assignment/build/module_5_assignment -- -j16 -l16
[0.174s] Invoking command in '/home/kushal16/rse_ws1/robotics_software_engineer/module_5_assignment/build/module_5_assignment': CMAKE_PREFIX_PATH=${CMAKE_PREFIX_PATH}:/opt/ros/humble /usr/bin/cmake --install /home/kushal16/rse_ws1/robotics_software_engineer/module_5_assignment/build/module_5_assignment
[0.180s] -- Install configuration: ""
[0.181s] -- Up-to-date: /home/kushal16/rse_ws1/robotics_software_engineer/module_5_assignment/install/module_5_assignment/lib/module_5_assignment/liblqr_lib.a
[0.181s] -- Up-to-date: /home/kushal16/rse_ws1/robotics_software_engineer/module_5_assignment/install/module_5_assignment/lib/module_5_assignment/lqr_nodetst
[0.181s] -- Up-to-date: /home/kushal16/rse_ws1/robotics_software_engineer/module_5_assignment/install/module_5_assignment/lib/module_5_assignment/lineFollowing
[0.181s] -- Up-to-date: /home/kushal16/rse_ws1/robotics_software_engineer/module_5_assignment/install/module_5_assignment/share/module_5_assignment/launch
[0.181s] -- Installing: /home/kushal16/rse_ws1/robotics_software_engineer/module_5_assignment/install/module_5_assignment/share/module_5_assignment/launch/camera_line_following.launch.py
[0.181s] -- Up-to-date: /home/kushal16/rse_ws1/robotics_software_engineer/module_5_assignment/install/module_5_assignment/share/module_5_assignment/launch/lqr_nodetst.launch.py
[0.182s] -- Up-to-date: /home/kushal16/rse_ws1/robotics_software_engineer/module_5_assignment/install/module_5_assignment/share/module_5_assignment/worlds
[0.182s] -- Up-to-date: /home/kushal16/rse_ws1/robotics_software_engineer/module_5_assignment/install/module_5_assignment/share/module_5_assignment/worlds/line_following.world
[0.182s] -- Up-to-date: /home/kushal16/rse_ws1/robotics_software_engineer/module_5_assignment/install/module_5_assignment/share/module_5_assignment/urdf
[0.182s] -- Up-to-date: /home/kushal16/rse_ws1/robotics_software_engineer/module_5_assignment/install/module_5_assignment/share/ament_index/resource_index/package_run_dependencies/module_5_assignment
[0.182s] -- Up-to-date: /home/kushal16/rse_ws1/robotics_software_engineer/module_5_assignment/install/module_5_assignment/share/ament_index/resource_index/parent_prefix_path/module_5_assignment
[0.182s] -- Up-to-date: /home/kushal16/rse_ws1/robotics_software_engineer/module_5_assignment/install/module_5_assignment/share/module_5_assignment/environment/ament_prefix_path.sh
[0.182s] -- Up-to-date: /home/kushal16/rse_ws1/robotics_software_engineer/module_5_assignment/install/module_5_assignment/share/module_5_assignment/environment/ament_prefix_path.dsv
[0.182s] -- Up-to-date: /home/kushal16/rse_ws1/robotics_software_engineer/module_5_assignment/install/module_5_assignment/share/module_5_assignment/environment/path.sh
[0.182s] -- Up-to-date: /home/kushal16/rse_ws1/robotics_software_engineer/module_5_assignment/install/module_5_assignment/share/module_5_assignment/environment/path.dsv
[0.182s] -- Up-to-date: /home/kushal16/rse_ws1/robotics_software_engineer/module_5_assignment/install/module_5_assignment/share/module_5_assignment/local_setup.bash
[0.182s] -- Up-to-date: /home/kushal16/rse_ws1/robotics_software_engineer/module_5_assignment/install/module_5_assignment/share/module_5_assignment/local_setup.sh
[0.182s] -- Up-to-date: /home/kushal16/rse_ws1/robotics_software_engineer/module_5_assignment/install/module_5_assignment/share/module_5_assignment/local_setup.zsh
[0.182s] -- Up-to-date: /home/kushal16/rse_ws1/robotics_software_engineer/module_5_assignment/install/module_5_assignment/share/module_5_assignment/local_setup.dsv
[0.182s] -- Installing: /home/kushal16/rse_ws1/robotics_software_engineer/module_5_assignment/install/module_5_assignment/share/module_5_assignment/package.dsv
[0.182s] -- Up-to-date: /home/kushal16/rse_ws1/robotics_software_engineer/module_5_assignment/install/module_5_assignment/share/ament_index/resource_index/packages/module_5_assignment
[0.182s] -- Up-to-date: /home/kushal16/rse_ws1/robotics_software_engineer/module_5_assignment/install/module_5_assignment/share/module_5_assignment/cmake/module_5_assignmentConfig.cmake
[0.183s] -- Up-to-date: /home/kushal16/rse_ws1/robotics_software_engineer/module_5_assignment/install/module_5_assignment/share/module_5_assignment/cmake/module_5_assignmentConfig-version.cmake
[0.183s] -- Up-to-date: /home/kushal16/rse_ws1/robotics_software_engineer/module_5_assignment/install/module_5_assignment/share/module_5_assignment/package.xml
[0.185s] Invoked command in '/home/kushal16/rse_ws1/robotics_software_engineer/module_5_assignment/build/module_5_assignment' returned '0': CMAKE_PREFIX_PATH=${CMAKE_PREFIX_PATH}:/opt/ros/humble /usr/bin/cmake --install /home/kushal16/rse_ws1/robotics_software_engineer/module_5_assignment/build/module_5_assignment
