[0.111s] DEBUG:colcon:Command line arguments: ['/usr/bin/colcon', 'build']
[0.111s] DEBUG:colcon:Parsed command line arguments: Namespace(log_base=None, log_level=None, verb_name='build', build_base='build', install_base='install', merge_install=False, symlink_install=False, test_result_base=None, continue_on_error=False, executor='parallel', parallel_workers=16, event_handlers=None, ignore_user_meta=False, metas=['./colcon.meta'], base_paths=['.'], packages_ignore=None, packages_ignore_regex=None, paths=None, packages_up_to=None, packages_up_to_regex=None, packages_above=None, packages_above_and_dependencies=None, packages_above_depth=None, packages_select_by_dep=None, packages_skip_by_dep=None, packages_skip_up_to=None, packages_select_build_failed=False, packages_skip_build_finished=False, packages_select_test_failures=False, packages_skip_test_passed=False, packages_select=None, packages_skip=None, packages_select_regex=None, packages_skip_regex=None, packages_start=None, packages_end=None, allow_overriding=[], cmake_args=None, cmake_target=None, cmake_target_skip_unavailable=False, cmake_clean_cache=False, cmake_clean_first=False, cmake_force_configure=False, ament_cmake_args=None, catkin_cmake_args=None, catkin_skip_building_tests=False, verb_parser=<colcon_defaults.argument_parser.defaults.DefaultArgumentsDecorator object at 0x7b7d9694c6a0>, verb_extension=<colcon_core.verb.build.BuildVerb object at 0x7b7d96a5d2a0>, main=<bound method BuildVerb.main of <colcon_core.verb.build.BuildVerb object at 0x7b7d96a5d2a0>>)
[0.269s] Level 1:colcon.colcon_core.package_discovery:discover_packages(colcon_meta) check parameters
[0.270s] Level 1:colcon.colcon_core.package_discovery:discover_packages(recursive) check parameters
[0.270s] Level 1:colcon.colcon_core.package_discovery:discover_packages(ignore) check parameters
[0.270s] Level 1:colcon.colcon_core.package_discovery:discover_packages(path) check parameters
[0.270s] Level 1:colcon.colcon_core.package_discovery:discover_packages(colcon_meta) discover
[0.270s] Level 1:colcon.colcon_core.package_discovery:discover_packages(recursive) discover
[0.270s] INFO:colcon.colcon_core.package_discovery:Crawling recursively for packages in '/home/kushal16/rse_ws1/robotics_software_engineer/module_5_assignment'
[0.270s] Level 1:colcon.colcon_core.package_identification:_identify(.) by extensions ['ignore', 'ignore_ament_install']
[0.270s] Level 1:colcon.colcon_core.package_identification:_identify(.) by extension 'ignore'
[0.270s] Level 1:colcon.colcon_core.package_identification:_identify(.) by extension 'ignore_ament_install'
[0.270s] Level 1:colcon.colcon_core.package_identification:_identify(.) by extensions ['colcon_pkg']
[0.270s] Level 1:colcon.colcon_core.package_identification:_identify(.) by extension 'colcon_pkg'
[0.270s] Level 1:colcon.colcon_core.package_identification:_identify(.) by extensions ['colcon_meta']
[0.270s] Level 1:colcon.colcon_core.package_identification:_identify(.) by extension 'colcon_meta'
[0.270s] Level 1:colcon.colcon_core.package_identification:_identify(.) by extensions ['ros']
[0.270s] Level 1:colcon.colcon_core.package_identification:_identify(.) by extension 'ros'
[0.285s] DEBUG:colcon.colcon_core.package_identification:Package '.' with type 'ros.ament_cmake' and name 'module_5_assignment'
[0.285s] Level 1:colcon.colcon_core.package_discovery:discover_packages(recursive) using defaults
[0.285s] Level 1:colcon.colcon_core.package_discovery:discover_packages(ignore) discover
[0.285s] Level 1:colcon.colcon_core.package_discovery:discover_packages(ignore) using defaults
[0.285s] Level 1:colcon.colcon_core.package_discovery:discover_packages(path) discover
[0.285s] Level 1:colcon.colcon_core.package_discovery:discover_packages(path) using defaults
[0.307s] Level 1:colcon.colcon_core.package_discovery:discover_packages(prefix_path) check parameters
[0.307s] Level 1:colcon.colcon_core.package_discovery:discover_packages(prefix_path) discover
[0.310s] DEBUG:colcon.colcon_installed_package_information.package_discovery:Found 9 installed packages in /home/kushal16/rse_ws1/install
[0.311s] DEBUG:colcon.colcon_installed_package_information.package_discovery:Found 9 installed packages in /home/kushal16/rse_ws1/robotics_software_engineer/install
[0.313s] DEBUG:colcon.colcon_installed_package_information.package_discovery:Found 6 installed packages in /home/kushal16/robotisim_ws/install
[0.315s] DEBUG:colcon.colcon_installed_package_information.package_discovery:Found 320 installed packages in /opt/ros/humble
[0.337s] Level 1:colcon.colcon_core.package_discovery:discover_packages(prefix_path) using defaults
[0.375s] Level 5:colcon.colcon_core.verb:set package 'module_5_assignment' build argument 'cmake_args' from command line to 'None'
[0.376s] Level 5:colcon.colcon_core.verb:set package 'module_5_assignment' build argument 'cmake_target' from command line to 'None'
[0.376s] Level 5:colcon.colcon_core.verb:set package 'module_5_assignment' build argument 'cmake_target_skip_unavailable' from command line to 'False'
[0.376s] Level 5:colcon.colcon_core.verb:set package 'module_5_assignment' build argument 'cmake_clean_cache' from command line to 'False'
[0.376s] Level 5:colcon.colcon_core.verb:set package 'module_5_assignment' build argument 'cmake_clean_first' from command line to 'False'
[0.376s] Level 5:colcon.colcon_core.verb:set package 'module_5_assignment' build argument 'cmake_force_configure' from command line to 'False'
[0.376s] Level 5:colcon.colcon_core.verb:set package 'module_5_assignment' build argument 'ament_cmake_args' from command line to 'None'
[0.376s] Level 5:colcon.colcon_core.verb:set package 'module_5_assignment' build argument 'catkin_cmake_args' from command line to 'None'
[0.376s] Level 5:colcon.colcon_core.verb:set package 'module_5_assignment' build argument 'catkin_skip_building_tests' from command line to 'False'
[0.376s] DEBUG:colcon.colcon_core.verb:Building package 'module_5_assignment' with the following arguments: {'ament_cmake_args': None, 'build_base': '/home/kushal16/rse_ws1/robotics_software_engineer/module_5_assignment/build/module_5_assignment', 'catkin_cmake_args': None, 'catkin_skip_building_tests': False, 'cmake_args': None, 'cmake_clean_cache': False, 'cmake_clean_first': False, 'cmake_force_configure': False, 'cmake_target': None, 'cmake_target_skip_unavailable': False, 'install_base': '/home/kushal16/rse_ws1/robotics_software_engineer/module_5_assignment/install/module_5_assignment', 'merge_install': False, 'path': '/home/kushal16/rse_ws1/robotics_software_engineer/module_5_assignment', 'symlink_install': False, 'test_result_base': None}
[0.376s] INFO:colcon.colcon_core.executor:Executing jobs using 'parallel' executor
[0.378s] DEBUG:colcon.colcon_parallel_executor.executor.parallel:run_until_complete
[0.379s] INFO:colcon.colcon_ros.task.ament_cmake.build:Building ROS package in '/home/kushal16/rse_ws1/robotics_software_engineer/module_5_assignment' with build type 'ament_cmake'
[0.379s] INFO:colcon.colcon_cmake.task.cmake.build:Building CMake package in '/home/kushal16/rse_ws1/robotics_software_engineer/module_5_assignment'
[0.382s] INFO:colcon.colcon_core.plugin_system:Skipping extension 'colcon_core.shell.bat': Not used on non-Windows systems
[0.382s] INFO:colcon.colcon_core.shell:Skip shell extension 'powershell' for command environment: Not usable outside of PowerShell
[0.382s] DEBUG:colcon.colcon_core.shell:Skip shell extension 'dsv' for command environment
[0.399s] DEBUG:colcon.colcon_core.event_handler.log_command:Invoking command in '/home/kushal16/rse_ws1/robotics_software_engineer/module_5_assignment/build/module_5_assignment': CMAKE_PREFIX_PATH=${CMAKE_PREFIX_PATH}:/opt/ros/humble /usr/bin/cmake --build /home/kushal16/rse_ws1/robotics_software_engineer/module_5_assignment/build/module_5_assignment -- -j16 -l16
[13.989s] DEBUG:colcon.colcon_core.event_handler.log_command:Invoked command in '/home/kushal16/rse_ws1/robotics_software_engineer/module_5_assignment/build/module_5_assignment' returned '0': CMAKE_PREFIX_PATH=${CMAKE_PREFIX_PATH}:/opt/ros/humble /usr/bin/cmake --build /home/kushal16/rse_ws1/robotics_software_engineer/module_5_assignment/build/module_5_assignment -- -j16 -l16
[14.042s] DEBUG:colcon.colcon_core.event_handler.log_command:Invoking command in '/home/kushal16/rse_ws1/robotics_software_engineer/module_5_assignment/build/module_5_assignment': CMAKE_PREFIX_PATH=${CMAKE_PREFIX_PATH}:/opt/ros/humble /usr/bin/cmake --install /home/kushal16/rse_ws1/robotics_software_engineer/module_5_assignment/build/module_5_assignment
[14.060s] Level 1:colcon.colcon_core.environment:create_environment_scripts_only(module_5_assignment)
[14.061s] DEBUG:colcon.colcon_core.event_handler.log_command:Invoked command in '/home/kushal16/rse_ws1/robotics_software_engineer/module_5_assignment/build/module_5_assignment' returned '0': CMAKE_PREFIX_PATH=${CMAKE_PREFIX_PATH}:/opt/ros/humble /usr/bin/cmake --install /home/kushal16/rse_ws1/robotics_software_engineer/module_5_assignment/build/module_5_assignment
[14.063s] Level 1:colcon.colcon_core.environment:checking '/home/kushal16/rse_ws1/robotics_software_engineer/module_5_assignment/install/module_5_assignment' for CMake module files
[14.064s] Level 1:colcon.colcon_core.environment:checking '/home/kushal16/rse_ws1/robotics_software_engineer/module_5_assignment/install/module_5_assignment' for CMake config files
[14.064s] Level 1:colcon.colcon_core.shell:create_environment_hook('module_5_assignment', 'cmake_prefix_path')
[14.064s] INFO:colcon.colcon_core.shell:Creating environment hook '/home/kushal16/rse_ws1/robotics_software_engineer/module_5_assignment/install/module_5_assignment/share/module_5_assignment/hook/cmake_prefix_path.ps1'
[14.065s] INFO:colcon.colcon_core.shell:Creating environment descriptor '/home/kushal16/rse_ws1/robotics_software_engineer/module_5_assignment/install/module_5_assignment/share/module_5_assignment/hook/cmake_prefix_path.dsv'
[14.065s] INFO:colcon.colcon_core.shell:Creating environment hook '/home/kushal16/rse_ws1/robotics_software_engineer/module_5_assignment/install/module_5_assignment/share/module_5_assignment/hook/cmake_prefix_path.sh'
[14.066s] Level 1:colcon.colcon_core.environment:checking '/home/kushal16/rse_ws1/robotics_software_engineer/module_5_assignment/install/module_5_assignment/lib'
[14.066s] Level 1:colcon.colcon_core.environment:checking '/home/kushal16/rse_ws1/robotics_software_engineer/module_5_assignment/install/module_5_assignment/bin'
[14.066s] Level 1:colcon.colcon_core.environment:checking '/home/kushal16/rse_ws1/robotics_software_engineer/module_5_assignment/install/module_5_assignment/lib/pkgconfig/module_5_assignment.pc'
[14.066s] Level 1:colcon.colcon_core.environment:checking '/home/kushal16/rse_ws1/robotics_software_engineer/module_5_assignment/install/module_5_assignment/lib/python3.10/site-packages'
[14.067s] Level 1:colcon.colcon_core.environment:checking '/home/kushal16/rse_ws1/robotics_software_engineer/module_5_assignment/install/module_5_assignment/bin'
[14.067s] INFO:colcon.colcon_core.shell:Creating package script '/home/kushal16/rse_ws1/robotics_software_engineer/module_5_assignment/install/module_5_assignment/share/module_5_assignment/package.ps1'
[14.067s] INFO:colcon.colcon_core.shell:Creating package descriptor '/home/kushal16/rse_ws1/robotics_software_engineer/module_5_assignment/install/module_5_assignment/share/module_5_assignment/package.dsv'
[14.068s] INFO:colcon.colcon_core.shell:Creating package script '/home/kushal16/rse_ws1/robotics_software_engineer/module_5_assignment/install/module_5_assignment/share/module_5_assignment/package.sh'
[14.068s] INFO:colcon.colcon_core.shell:Creating package script '/home/kushal16/rse_ws1/robotics_software_engineer/module_5_assignment/install/module_5_assignment/share/module_5_assignment/package.bash'
[14.069s] INFO:colcon.colcon_core.shell:Creating package script '/home/kushal16/rse_ws1/robotics_software_engineer/module_5_assignment/install/module_5_assignment/share/module_5_assignment/package.zsh'
[14.070s] Level 1:colcon.colcon_core.environment:create_file_with_runtime_dependencies(/home/kushal16/rse_ws1/robotics_software_engineer/module_5_assignment/install/module_5_assignment/share/colcon-core/packages/module_5_assignment)
[14.108s] Level 1:colcon.colcon_core.environment:create_environment_scripts_only(module_5_assignment)
[14.109s] Level 1:colcon.colcon_core.environment:checking '/home/kushal16/rse_ws1/robotics_software_engineer/module_5_assignment/install/module_5_assignment' for CMake module files
[14.109s] Level 1:colcon.colcon_core.environment:checking '/home/kushal16/rse_ws1/robotics_software_engineer/module_5_assignment/install/module_5_assignment' for CMake config files
[14.109s] Level 1:colcon.colcon_core.shell:create_environment_hook('module_5_assignment', 'cmake_prefix_path')
[14.110s] INFO:colcon.colcon_core.shell:Creating environment hook '/home/kushal16/rse_ws1/robotics_software_engineer/module_5_assignment/install/module_5_assignment/share/module_5_assignment/hook/cmake_prefix_path.ps1'
[14.110s] INFO:colcon.colcon_core.shell:Creating environment descriptor '/home/kushal16/rse_ws1/robotics_software_engineer/module_5_assignment/install/module_5_assignment/share/module_5_assignment/hook/cmake_prefix_path.dsv'
[14.111s] INFO:colcon.colcon_core.shell:Creating environment hook '/home/kushal16/rse_ws1/robotics_software_engineer/module_5_assignment/install/module_5_assignment/share/module_5_assignment/hook/cmake_prefix_path.sh'
[14.111s] Level 1:colcon.colcon_core.environment:checking '/home/kushal16/rse_ws1/robotics_software_engineer/module_5_assignment/install/module_5_assignment/lib'
[14.111s] Level 1:colcon.colcon_core.environment:checking '/home/kushal16/rse_ws1/robotics_software_engineer/module_5_assignment/install/module_5_assignment/bin'
[14.111s] Level 1:colcon.colcon_core.environment:checking '/home/kushal16/rse_ws1/robotics_software_engineer/module_5_assignment/install/module_5_assignment/lib/pkgconfig/module_5_assignment.pc'
[14.111s] Level 1:colcon.colcon_core.environment:checking '/home/kushal16/rse_ws1/robotics_software_engineer/module_5_assignment/install/module_5_assignment/lib/python3.10/site-packages'
[14.111s] Level 1:colcon.colcon_core.environment:checking '/home/kushal16/rse_ws1/robotics_software_engineer/module_5_assignment/install/module_5_assignment/bin'
[14.112s] INFO:colcon.colcon_core.shell:Creating package script '/home/kushal16/rse_ws1/robotics_software_engineer/module_5_assignment/install/module_5_assignment/share/module_5_assignment/package.ps1'
[14.112s] INFO:colcon.colcon_core.shell:Creating package descriptor '/home/kushal16/rse_ws1/robotics_software_engineer/module_5_assignment/install/module_5_assignment/share/module_5_assignment/package.dsv'
[14.113s] INFO:colcon.colcon_core.shell:Creating package script '/home/kushal16/rse_ws1/robotics_software_engineer/module_5_assignment/install/module_5_assignment/share/module_5_assignment/package.sh'
[14.113s] INFO:colcon.colcon_core.shell:Creating package script '/home/kushal16/rse_ws1/robotics_software_engineer/module_5_assignment/install/module_5_assignment/share/module_5_assignment/package.bash'
[14.113s] INFO:colcon.colcon_core.shell:Creating package script '/home/kushal16/rse_ws1/robotics_software_engineer/module_5_assignment/install/module_5_assignment/share/module_5_assignment/package.zsh'
[14.114s] Level 1:colcon.colcon_core.environment:create_file_with_runtime_dependencies(/home/kushal16/rse_ws1/robotics_software_engineer/module_5_assignment/install/module_5_assignment/share/colcon-core/packages/module_5_assignment)
[14.114s] DEBUG:colcon.colcon_parallel_executor.executor.parallel:closing loop
[14.114s] DEBUG:colcon.colcon_parallel_executor.executor.parallel:loop closed
[14.114s] DEBUG:colcon.colcon_parallel_executor.executor.parallel:run_until_complete finished with '0'
[14.114s] DEBUG:colcon.colcon_core.event_reactor:joining thread
[14.120s] INFO:colcon.colcon_core.plugin_system:Skipping extension 'colcon_notification.desktop_notification.terminal_notifier': Not used on non-Darwin systems
[14.121s] INFO:colcon.colcon_core.plugin_system:Skipping extension 'colcon_notification.desktop_notification.win32': Not used on non-Windows systems
[14.121s] INFO:colcon.colcon_notification.desktop_notification:Sending desktop notification using 'notify2'
[14.135s] DEBUG:colcon.colcon_core.event_reactor:joined thread
[14.135s] INFO:colcon.colcon_core.shell:Creating prefix script '/home/kushal16/rse_ws1/robotics_software_engineer/module_5_assignment/install/local_setup.ps1'
[14.137s] INFO:colcon.colcon_core.shell:Creating prefix util module '/home/kushal16/rse_ws1/robotics_software_engineer/module_5_assignment/install/_local_setup_util_ps1.py'
[14.139s] INFO:colcon.colcon_core.shell:Creating prefix chain script '/home/kushal16/rse_ws1/robotics_software_engineer/module_5_assignment/install/setup.ps1'
[14.140s] INFO:colcon.colcon_core.shell:Creating prefix script '/home/kushal16/rse_ws1/robotics_software_engineer/module_5_assignment/install/local_setup.sh'
[14.141s] INFO:colcon.colcon_core.shell:Creating prefix util module '/home/kushal16/rse_ws1/robotics_software_engineer/module_5_assignment/install/_local_setup_util_sh.py'
[14.142s] INFO:colcon.colcon_core.shell:Creating prefix chain script '/home/kushal16/rse_ws1/robotics_software_engineer/module_5_assignment/install/setup.sh'
[14.145s] INFO:colcon.colcon_core.shell:Creating prefix script '/home/kushal16/rse_ws1/robotics_software_engineer/module_5_assignment/install/local_setup.bash'
[14.146s] INFO:colcon.colcon_core.shell:Creating prefix chain script '/home/kushal16/rse_ws1/robotics_software_engineer/module_5_assignment/install/setup.bash'
[14.148s] INFO:colcon.colcon_core.shell:Creating prefix script '/home/kushal16/rse_ws1/robotics_software_engineer/module_5_assignment/install/local_setup.zsh'
[14.149s] INFO:colcon.colcon_core.shell:Creating prefix chain script '/home/kushal16/rse_ws1/robotics_software_engineer/module_5_assignment/install/setup.zsh'
