[0.095s] DEBUG:colcon:Command line arguments: ['/usr/bin/colcon', 'build']
[0.095s] DEBUG:colcon:Parsed command line arguments: Namespace(log_base=None, log_level=None, verb_name='build', build_base='build', install_base='install', merge_install=False, symlink_install=False, test_result_base=None, continue_on_error=False, executor='parallel', parallel_workers=16, event_handlers=None, ignore_user_meta=False, metas=['./colcon.meta'], base_paths=['.'], packages_ignore=None, packages_ignore_regex=None, paths=None, packages_up_to=None, packages_up_to_regex=None, packages_above=None, packages_above_and_dependencies=None, packages_above_depth=None, packages_select_by_dep=None, packages_skip_by_dep=None, packages_skip_up_to=None, packages_select_build_failed=False, packages_skip_build_finished=False, packages_select_test_failures=False, packages_skip_test_passed=False, packages_select=None, packages_skip=None, packages_select_regex=None, packages_skip_regex=None, packages_start=None, packages_end=None, allow_overriding=[], cmake_args=None, cmake_target=None, cmake_target_skip_unavailable=False, cmake_clean_cache=False, cmake_clean_first=False, cmake_force_configure=False, ament_cmake_args=None, catkin_cmake_args=None, catkin_skip_building_tests=False, verb_parser=<colcon_defaults.argument_parser.defaults.DefaultArgumentsDecorator object at 0x7c1ce00e7550>, verb_extension=<colcon_core.verb.build.BuildVerb object at 0x7c1ce00e6f80>, main=<bound method BuildVerb.main of <colcon_core.verb.build.BuildVerb object at 0x7c1ce00e6f80>>)
[0.235s] Level 1:colcon.colcon_core.package_discovery:discover_packages(colcon_meta) check parameters
[0.235s] Level 1:colcon.colcon_core.package_discovery:discover_packages(recursive) check parameters
[0.235s] Level 1:colcon.colcon_core.package_discovery:discover_packages(ignore) check parameters
[0.235s] Level 1:colcon.colcon_core.package_discovery:discover_packages(path) check parameters
[0.235s] Level 1:colcon.colcon_core.package_discovery:discover_packages(colcon_meta) discover
[0.235s] Level 1:colcon.colcon_core.package_discovery:discover_packages(recursive) discover
[0.235s] INFO:colcon.colcon_core.package_discovery:Crawling recursively for packages in '/home/kushal16/rse_ws/src/robotics_software_engineer/module_2_assignment'
[0.235s] Level 1:colcon.colcon_core.package_identification:_identify(.) by extensions ['ignore', 'ignore_ament_install']
[0.236s] Level 1:colcon.colcon_core.package_identification:_identify(.) by extension 'ignore'
[0.236s] Level 1:colcon.colcon_core.package_identification:_identify(.) by extension 'ignore_ament_install'
[0.236s] Level 1:colcon.colcon_core.package_identification:_identify(.) by extensions ['colcon_pkg']
[0.236s] Level 1:colcon.colcon_core.package_identification:_identify(.) by extension 'colcon_pkg'
[0.236s] Level 1:colcon.colcon_core.package_identification:_identify(.) by extensions ['colcon_meta']
[0.236s] Level 1:colcon.colcon_core.package_identification:_identify(.) by extension 'colcon_meta'
[0.236s] Level 1:colcon.colcon_core.package_identification:_identify(.) by extensions ['ros']
[0.236s] Level 1:colcon.colcon_core.package_identification:_identify(.) by extension 'ros'
[0.249s] DEBUG:colcon.colcon_core.package_identification:Package '.' with type 'ros.ament_cmake' and name 'module_2_assignment'
[0.249s] Level 1:colcon.colcon_core.package_discovery:discover_packages(recursive) using defaults
[0.249s] Level 1:colcon.colcon_core.package_discovery:discover_packages(ignore) discover
[0.249s] Level 1:colcon.colcon_core.package_discovery:discover_packages(ignore) using defaults
[0.250s] Level 1:colcon.colcon_core.package_discovery:discover_packages(path) discover
[0.250s] Level 1:colcon.colcon_core.package_discovery:discover_packages(path) using defaults
[0.269s] Level 1:colcon.colcon_core.package_discovery:discover_packages(prefix_path) check parameters
[0.269s] Level 1:colcon.colcon_core.package_discovery:discover_packages(prefix_path) discover
[0.272s] DEBUG:colcon.colcon_installed_package_information.package_discovery:Found 10 installed packages in /home/kushal16/rse_ws/install
[0.272s] DEBUG:colcon.colcon_installed_package_information.package_discovery:Found 1 installed packages in /home/kushal16/robotisim_ws/install
[0.273s] DEBUG:colcon.colcon_installed_package_information.package_discovery:Found 278 installed packages in /opt/ros/humble
[0.275s] Level 1:colcon.colcon_core.package_discovery:discover_packages(prefix_path) using defaults
[0.321s] Level 5:colcon.colcon_core.verb:set package 'module_2_assignment' build argument 'cmake_args' from command line to 'None'
[0.321s] Level 5:colcon.colcon_core.verb:set package 'module_2_assignment' build argument 'cmake_target' from command line to 'None'
[0.321s] Level 5:colcon.colcon_core.verb:set package 'module_2_assignment' build argument 'cmake_target_skip_unavailable' from command line to 'False'
[0.321s] Level 5:colcon.colcon_core.verb:set package 'module_2_assignment' build argument 'cmake_clean_cache' from command line to 'False'
[0.321s] Level 5:colcon.colcon_core.verb:set package 'module_2_assignment' build argument 'cmake_clean_first' from command line to 'False'
[0.321s] Level 5:colcon.colcon_core.verb:set package 'module_2_assignment' build argument 'cmake_force_configure' from command line to 'False'
[0.321s] Level 5:colcon.colcon_core.verb:set package 'module_2_assignment' build argument 'ament_cmake_args' from command line to 'None'
[0.321s] Level 5:colcon.colcon_core.verb:set package 'module_2_assignment' build argument 'catkin_cmake_args' from command line to 'None'
[0.321s] Level 5:colcon.colcon_core.verb:set package 'module_2_assignment' build argument 'catkin_skip_building_tests' from command line to 'False'
[0.321s] DEBUG:colcon.colcon_core.verb:Building package 'module_2_assignment' with the following arguments: {'ament_cmake_args': None, 'build_base': '/home/kushal16/rse_ws/src/robotics_software_engineer/module_2_assignment/build/module_2_assignment', 'catkin_cmake_args': None, 'catkin_skip_building_tests': False, 'cmake_args': None, 'cmake_clean_cache': False, 'cmake_clean_first': False, 'cmake_force_configure': False, 'cmake_target': None, 'cmake_target_skip_unavailable': False, 'install_base': '/home/kushal16/rse_ws/src/robotics_software_engineer/module_2_assignment/install/module_2_assignment', 'merge_install': False, 'path': '/home/kushal16/rse_ws/src/robotics_software_engineer/module_2_assignment', 'symlink_install': False, 'test_result_base': None}
[0.321s] INFO:colcon.colcon_core.executor:Executing jobs using 'parallel' executor
[0.322s] DEBUG:colcon.colcon_parallel_executor.executor.parallel:run_until_complete
[0.322s] INFO:colcon.colcon_ros.task.ament_cmake.build:Building ROS package in '/home/kushal16/rse_ws/src/robotics_software_engineer/module_2_assignment' with build type 'ament_cmake'
[0.322s] INFO:colcon.colcon_cmake.task.cmake.build:Building CMake package in '/home/kushal16/rse_ws/src/robotics_software_engineer/module_2_assignment'
[0.325s] INFO:colcon.colcon_core.plugin_system:Skipping extension 'colcon_core.shell.bat': Not used on non-Windows systems
[0.325s] INFO:colcon.colcon_core.shell:Skip shell extension 'powershell' for command environment: Not usable outside of PowerShell
[0.325s] DEBUG:colcon.colcon_core.shell:Skip shell extension 'dsv' for command environment
[0.335s] DEBUG:colcon.colcon_core.event_handler.log_command:Invoking command in '/home/kushal16/rse_ws/src/robotics_software_engineer/module_2_assignment/build/module_2_assignment': CMAKE_PREFIX_PATH=${CMAKE_PREFIX_PATH}:/opt/ros/humble /usr/bin/cmake /home/kushal16/rse_ws/src/robotics_software_engineer/module_2_assignment -DCMAKE_INSTALL_PREFIX=/home/kushal16/rse_ws/src/robotics_software_engineer/module_2_assignment/install/module_2_assignment
[2.220s] DEBUG:colcon.colcon_core.event_handler.log_command:Invoked command in '/home/kushal16/rse_ws/src/robotics_software_engineer/module_2_assignment/build/module_2_assignment' returned '0': CMAKE_PREFIX_PATH=${CMAKE_PREFIX_PATH}:/opt/ros/humble /usr/bin/cmake /home/kushal16/rse_ws/src/robotics_software_engineer/module_2_assignment -DCMAKE_INSTALL_PREFIX=/home/kushal16/rse_ws/src/robotics_software_engineer/module_2_assignment/install/module_2_assignment
[2.222s] DEBUG:colcon.colcon_core.event_handler.log_command:Invoking command in '/home/kushal16/rse_ws/src/robotics_software_engineer/module_2_assignment/build/module_2_assignment': CMAKE_PREFIX_PATH=${CMAKE_PREFIX_PATH}:/opt/ros/humble /usr/bin/cmake --build /home/kushal16/rse_ws/src/robotics_software_engineer/module_2_assignment/build/module_2_assignment -- -j16 -l16
[6.382s] DEBUG:colcon.colcon_core.event_handler.log_command:Invoked command in '/home/kushal16/rse_ws/src/robotics_software_engineer/module_2_assignment/build/module_2_assignment' returned '0': CMAKE_PREFIX_PATH=${CMAKE_PREFIX_PATH}:/opt/ros/humble /usr/bin/cmake --build /home/kushal16/rse_ws/src/robotics_software_engineer/module_2_assignment/build/module_2_assignment -- -j16 -l16
[6.423s] DEBUG:colcon.colcon_core.event_handler.log_command:Invoking command in '/home/kushal16/rse_ws/src/robotics_software_engineer/module_2_assignment/build/module_2_assignment': CMAKE_PREFIX_PATH=${CMAKE_PREFIX_PATH}:/opt/ros/humble /usr/bin/cmake --install /home/kushal16/rse_ws/src/robotics_software_engineer/module_2_assignment/build/module_2_assignment
[6.438s] Level 1:colcon.colcon_core.environment:create_environment_scripts_only(module_2_assignment)
[6.438s] DEBUG:colcon.colcon_core.event_handler.log_command:Invoked command in '/home/kushal16/rse_ws/src/robotics_software_engineer/module_2_assignment/build/module_2_assignment' returned '0': CMAKE_PREFIX_PATH=${CMAKE_PREFIX_PATH}:/opt/ros/humble /usr/bin/cmake --install /home/kushal16/rse_ws/src/robotics_software_engineer/module_2_assignment/build/module_2_assignment
[6.441s] Level 1:colcon.colcon_core.environment:checking '/home/kushal16/rse_ws/src/robotics_software_engineer/module_2_assignment/install/module_2_assignment' for CMake module files
[6.442s] Level 1:colcon.colcon_core.environment:checking '/home/kushal16/rse_ws/src/robotics_software_engineer/module_2_assignment/install/module_2_assignment' for CMake config files
[6.442s] Level 1:colcon.colcon_core.shell:create_environment_hook('module_2_assignment', 'cmake_prefix_path')
[6.442s] INFO:colcon.colcon_core.shell:Creating environment hook '/home/kushal16/rse_ws/src/robotics_software_engineer/module_2_assignment/install/module_2_assignment/share/module_2_assignment/hook/cmake_prefix_path.ps1'
[6.443s] INFO:colcon.colcon_core.shell:Creating environment descriptor '/home/kushal16/rse_ws/src/robotics_software_engineer/module_2_assignment/install/module_2_assignment/share/module_2_assignment/hook/cmake_prefix_path.dsv'
[6.443s] INFO:colcon.colcon_core.shell:Creating environment hook '/home/kushal16/rse_ws/src/robotics_software_engineer/module_2_assignment/install/module_2_assignment/share/module_2_assignment/hook/cmake_prefix_path.sh'
[6.444s] Level 1:colcon.colcon_core.environment:checking '/home/kushal16/rse_ws/src/robotics_software_engineer/module_2_assignment/install/module_2_assignment/lib'
[6.444s] Level 1:colcon.colcon_core.environment:checking '/home/kushal16/rse_ws/src/robotics_software_engineer/module_2_assignment/install/module_2_assignment/bin'
[6.444s] Level 1:colcon.colcon_core.environment:checking '/home/kushal16/rse_ws/src/robotics_software_engineer/module_2_assignment/install/module_2_assignment/lib/pkgconfig/module_2_assignment.pc'
[6.444s] Level 1:colcon.colcon_core.environment:checking '/home/kushal16/rse_ws/src/robotics_software_engineer/module_2_assignment/install/module_2_assignment/lib/python3.10/site-packages'
[6.444s] Level 1:colcon.colcon_core.environment:checking '/home/kushal16/rse_ws/src/robotics_software_engineer/module_2_assignment/install/module_2_assignment/bin'
[6.445s] INFO:colcon.colcon_core.shell:Creating package script '/home/kushal16/rse_ws/src/robotics_software_engineer/module_2_assignment/install/module_2_assignment/share/module_2_assignment/package.ps1'
[6.445s] INFO:colcon.colcon_core.shell:Creating package descriptor '/home/kushal16/rse_ws/src/robotics_software_engineer/module_2_assignment/install/module_2_assignment/share/module_2_assignment/package.dsv'
[6.446s] INFO:colcon.colcon_core.shell:Creating package script '/home/kushal16/rse_ws/src/robotics_software_engineer/module_2_assignment/install/module_2_assignment/share/module_2_assignment/package.sh'
[6.446s] INFO:colcon.colcon_core.shell:Creating package script '/home/kushal16/rse_ws/src/robotics_software_engineer/module_2_assignment/install/module_2_assignment/share/module_2_assignment/package.bash'
[6.447s] INFO:colcon.colcon_core.shell:Creating package script '/home/kushal16/rse_ws/src/robotics_software_engineer/module_2_assignment/install/module_2_assignment/share/module_2_assignment/package.zsh'
[6.447s] Level 1:colcon.colcon_core.environment:create_file_with_runtime_dependencies(/home/kushal16/rse_ws/src/robotics_software_engineer/module_2_assignment/install/module_2_assignment/share/colcon-core/packages/module_2_assignment)
[6.479s] Level 1:colcon.colcon_core.environment:create_environment_scripts_only(module_2_assignment)
[6.479s] Level 1:colcon.colcon_core.environment:checking '/home/kushal16/rse_ws/src/robotics_software_engineer/module_2_assignment/install/module_2_assignment' for CMake module files
[6.480s] Level 1:colcon.colcon_core.environment:checking '/home/kushal16/rse_ws/src/robotics_software_engineer/module_2_assignment/install/module_2_assignment' for CMake config files
[6.480s] Level 1:colcon.colcon_core.shell:create_environment_hook('module_2_assignment', 'cmake_prefix_path')
[6.480s] INFO:colcon.colcon_core.shell:Creating environment hook '/home/kushal16/rse_ws/src/robotics_software_engineer/module_2_assignment/install/module_2_assignment/share/module_2_assignment/hook/cmake_prefix_path.ps1'
[6.481s] INFO:colcon.colcon_core.shell:Creating environment descriptor '/home/kushal16/rse_ws/src/robotics_software_engineer/module_2_assignment/install/module_2_assignment/share/module_2_assignment/hook/cmake_prefix_path.dsv'
[6.481s] INFO:colcon.colcon_core.shell:Creating environment hook '/home/kushal16/rse_ws/src/robotics_software_engineer/module_2_assignment/install/module_2_assignment/share/module_2_assignment/hook/cmake_prefix_path.sh'
[6.481s] Level 1:colcon.colcon_core.environment:checking '/home/kushal16/rse_ws/src/robotics_software_engineer/module_2_assignment/install/module_2_assignment/lib'
[6.481s] Level 1:colcon.colcon_core.environment:checking '/home/kushal16/rse_ws/src/robotics_software_engineer/module_2_assignment/install/module_2_assignment/bin'
[6.481s] Level 1:colcon.colcon_core.environment:checking '/home/kushal16/rse_ws/src/robotics_software_engineer/module_2_assignment/install/module_2_assignment/lib/pkgconfig/module_2_assignment.pc'
[6.482s] Level 1:colcon.colcon_core.environment:checking '/home/kushal16/rse_ws/src/robotics_software_engineer/module_2_assignment/install/module_2_assignment/lib/python3.10/site-packages'
[6.482s] Level 1:colcon.colcon_core.environment:checking '/home/kushal16/rse_ws/src/robotics_software_engineer/module_2_assignment/install/module_2_assignment/bin'
[6.482s] INFO:colcon.colcon_core.shell:Creating package script '/home/kushal16/rse_ws/src/robotics_software_engineer/module_2_assignment/install/module_2_assignment/share/module_2_assignment/package.ps1'
[6.482s] INFO:colcon.colcon_core.shell:Creating package descriptor '/home/kushal16/rse_ws/src/robotics_software_engineer/module_2_assignment/install/module_2_assignment/share/module_2_assignment/package.dsv'
[6.483s] INFO:colcon.colcon_core.shell:Creating package script '/home/kushal16/rse_ws/src/robotics_software_engineer/module_2_assignment/install/module_2_assignment/share/module_2_assignment/package.sh'
[6.483s] INFO:colcon.colcon_core.shell:Creating package script '/home/kushal16/rse_ws/src/robotics_software_engineer/module_2_assignment/install/module_2_assignment/share/module_2_assignment/package.bash'
[6.483s] INFO:colcon.colcon_core.shell:Creating package script '/home/kushal16/rse_ws/src/robotics_software_engineer/module_2_assignment/install/module_2_assignment/share/module_2_assignment/package.zsh'
[6.484s] Level 1:colcon.colcon_core.environment:create_file_with_runtime_dependencies(/home/kushal16/rse_ws/src/robotics_software_engineer/module_2_assignment/install/module_2_assignment/share/colcon-core/packages/module_2_assignment)
[6.484s] DEBUG:colcon.colcon_parallel_executor.executor.parallel:closing loop
[6.484s] DEBUG:colcon.colcon_parallel_executor.executor.parallel:loop closed
[6.484s] DEBUG:colcon.colcon_parallel_executor.executor.parallel:run_until_complete finished with '0'
[6.484s] DEBUG:colcon.colcon_core.event_reactor:joining thread
[6.490s] INFO:colcon.colcon_core.plugin_system:Skipping extension 'colcon_notification.desktop_notification.terminal_notifier': Not used on non-Darwin systems
[6.490s] INFO:colcon.colcon_core.plugin_system:Skipping extension 'colcon_notification.desktop_notification.win32': Not used on non-Windows systems
[6.490s] INFO:colcon.colcon_notification.desktop_notification:Sending desktop notification using 'notify2'
[6.513s] DEBUG:colcon.colcon_core.event_reactor:joined thread
[6.513s] INFO:colcon.colcon_core.shell:Creating prefix script '/home/kushal16/rse_ws/src/robotics_software_engineer/module_2_assignment/install/local_setup.ps1'
[6.515s] INFO:colcon.colcon_core.shell:Creating prefix util module '/home/kushal16/rse_ws/src/robotics_software_engineer/module_2_assignment/install/_local_setup_util_ps1.py'
[6.517s] INFO:colcon.colcon_core.shell:Creating prefix chain script '/home/kushal16/rse_ws/src/robotics_software_engineer/module_2_assignment/install/setup.ps1'
[6.519s] INFO:colcon.colcon_core.shell:Creating prefix script '/home/kushal16/rse_ws/src/robotics_software_engineer/module_2_assignment/install/local_setup.sh'
[6.520s] INFO:colcon.colcon_core.shell:Creating prefix util module '/home/kushal16/rse_ws/src/robotics_software_engineer/module_2_assignment/install/_local_setup_util_sh.py'
[6.520s] INFO:colcon.colcon_core.shell:Creating prefix chain script '/home/kushal16/rse_ws/src/robotics_software_engineer/module_2_assignment/install/setup.sh'
[6.522s] INFO:colcon.colcon_core.shell:Creating prefix script '/home/kushal16/rse_ws/src/robotics_software_engineer/module_2_assignment/install/local_setup.bash'
[6.523s] INFO:colcon.colcon_core.shell:Creating prefix chain script '/home/kushal16/rse_ws/src/robotics_software_engineer/module_2_assignment/install/setup.bash'
[6.524s] INFO:colcon.colcon_core.shell:Creating prefix script '/home/kushal16/rse_ws/src/robotics_software_engineer/module_2_assignment/install/local_setup.zsh'
[6.525s] INFO:colcon.colcon_core.shell:Creating prefix chain script '/home/kushal16/rse_ws/src/robotics_software_engineer/module_2_assignment/install/setup.zsh'
