[0.015s] Invoking command in '/home/kushal16/rse_ws1/robotics_software_engineer/module_5_assignment/build/module_5_assignment': CMAKE_PREFIX_PATH=${CMAKE_PREFIX_PATH}:/opt/ros/humble /usr/bin/cmake --build /home/kushal16/rse_ws1/robotics_software_engineer/module_5_assignment/build/module_5_assignment -- -j16 -l16
[0.044s] -- Found ament_cmake: 1.3.8 (/opt/ros/humble/share/ament_cmake/cmake)
[0.161s] -- Found rclcpp: 16.0.8 (/opt/ros/humble/share/rclcpp/cmake)
[0.187s] -- Found rosidl_generator_c: 3.1.5 (/opt/ros/humble/share/rosidl_generator_c/cmake)
[0.189s] -- Found rosidl_adapter: 3.1.5 (/opt/ros/humble/share/rosidl_adapter/cmake)
[0.193s] -- Found rosidl_generator_cpp: 3.1.5 (/opt/ros/humble/share/rosidl_generator_cpp/cmake)
[0.203s] -- Using all available rosidl_typesupport_c: rosidl_typesupport_fastrtps_c;rosidl_typesupport_introspection_c
[0.217s] -- Using all available rosidl_typesupport_cpp: rosidl_typesupport_fastrtps_cpp;rosidl_typesupport_introspection_cpp
[0.269s] -- Found rmw_implementation_cmake: 6.1.1 (/opt/ros/humble/share/rmw_implementation_cmake/cmake)
[0.271s] -- Found rmw_fastrtps_cpp: 6.2.6 (/opt/ros/humble/share/rmw_fastrtps_cpp/cmake)
[0.404s] -- Using RMW implementation 'rmw_fastrtps_cpp' as default
[0.556s] -- Found tf2_ros: 0.25.6 (/opt/ros/humble/share/tf2_ros/cmake)
[0.879s] -- Found nav_msgs: 4.2.3 (/opt/ros/humble/share/nav_msgs/cmake)
[0.950s] -- Found angles: 1.15.0 (/opt/ros/humble/share/angles/cmake)
[0.951s] -- Found visualization_msgs: 4.2.4 (/opt/ros/humble/share/visualization_msgs/cmake)
[1.133s] -- Found cv_bridge: 3.2.1 (/opt/ros/humble/share/cv_bridge/cmake)
[1.157s] -- Found ament_lint_auto: 0.12.10 (/opt/ros/humble/share/ament_lint_auto/cmake)
[1.234s] -- Added test 'cppcheck' to perform static code analysis on C / C++ code
[1.234s] -- Configured cppcheck include dirs: /home/kushal16/rse_ws1/robotics_software_engineer/module_5_assignment/../../extern/eigen;/home/kushal16/rse_ws1/robotics_software_engineer/module_5_assignment/include
[1.234s] -- Configured cppcheck exclude dirs and/or files: 
[1.236s] -- Added test 'flake8' to check Python code syntax and style conventions
[1.240s] -- Added test 'lint_cmake' to check CMake code style
[1.242s] -- Added test 'pep257' to check Python code against some of the docstring style conventions in PEP 257
[1.258s] -- Added test 'uncrustify' to check C / C++ code style
[1.258s] -- Configured uncrustify additional arguments: 
[1.260s] -- Added test 'xmllint' to check XML markup files
[1.261s] -- Configuring done
[1.266s] [31mCMake Error at CMakeLists.txt:46 (add_executable):
[1.266s]   Cannot find source file:
[1.266s] 
[1.266s]     src/line_following_with_camerakip.cpp
[1.266s] 
[1.267s]   Tried extensions .c .C .c++ .cc .cpp .cxx .cu .mpp .m .M .mm .ixx .cppm .h
[1.267s]   .hh .h++ .hm .hpp .hxx .in .txx .f .F .for .f77 .f90 .f95 .f03 .hip .ispc
[1.267s] 
[1.267s] [0m
[1.267s] [31mCMake Error at CMakeLists.txt:46 (add_executable):
[1.267s]   No SOURCES given to target: lineFollowing
[1.267s] 
[1.267s] [0m
[1.267s] [0mCMake Generate step failed.  Build files cannot be regenerated correctly.[0m
[1.277s] gmake: *** [Makefile:349: cmake_check_build_system] Error 1
[1.282s] Invoked command in '/home/kushal16/rse_ws1/robotics_software_engineer/module_5_assignment/build/module_5_assignment' returned '2': CMAKE_PREFIX_PATH=${CMAKE_PREFIX_PATH}:/opt/ros/humble /usr/bin/cmake --build /home/kushal16/rse_ws1/robotics_software_engineer/module_5_assignment/build/module_5_assignment -- -j16 -l16
