/usr/bin/cmake -S/home/kushal16/rse_ws/src/robotics_software_engineer/module_4_assignment -B/home/kushal16/rse_ws/src/robotics_software_engineer/module_4_assignment/build/module_4_assignment --check-build-system CMakeFiles/Makefile.cmake 0
Re-run cmake file: Makefile older than: ../../CMakeLists.txt
-- Found ament_cmake: 1.3.8 (/opt/ros/humble/share/ament_cmake/cmake)
-- Found rclcpp: 16.0.8 (/opt/ros/humble/share/rclcpp/cmake)
-- Found rosidl_generator_c: 3.1.5 (/opt/ros/humble/share/rosidl_generator_c/cmake)
-- Found rosidl_adapter: 3.1.5 (/opt/ros/humble/share/rosidl_adapter/cmake)
-- Found rosidl_generator_cpp: 3.1.5 (/opt/ros/humble/share/rosidl_generator_cpp/cmake)
-- Using all available rosidl_typesupport_c: rosidl_typesupport_fastrtps_c;rosidl_typesupport_introspection_c
-- Using all available rosidl_typesupport_cpp: rosidl_typesupport_fastrtps_cpp;rosidl_typesupport_introspection_cpp
-- Found rmw_implementation_cmake: 6.1.1 (/opt/ros/humble/share/rmw_implementation_cmake/cmake)
-- Found rmw_fastrtps_cpp: 6.2.6 (/opt/ros/humble/share/rmw_fastrtps_cpp/cmake)
-- Using RMW implementation 'rmw_fastrtps_cpp' as default
-- Found geometry_msgs: 4.2.3 (/opt/ros/humble/share/geometry_msgs/cmake)
-- Found sensor_msgs: 4.2.3 (/opt/ros/humble/share/sensor_msgs/cmake)
-- Found cv_bridge: 3.2.1 (/opt/ros/humble/share/cv_bridge/cmake)
-- Eigen found (include: /usr/include/eigen3, version: 3.4.0)
-- FLANN found (include: /usr/include, lib: /usr/lib/x86_64-linux-gnu/libflann_cpp.so)
-- OpenNI found (version: 1.5.4.0, include: /usr/include/ni, lib: /usr/lib/libOpenNI.so;libusb::libusb)
-- OpenNI2 found (version: 2.2.0.33, include: /usr/include/openni2, lib: /usr/lib/x86_64-linux-gnu/libOpenNI2.so;libusb::libusb)
-- Eigen found (include: /usr/include/eigen3, version: 3.4.0)
-- OpenNI found (version: 1.5.4.0, include: /usr/include/ni, lib: /usr/lib/libOpenNI.so;libusb::libusb)
-- OpenNI2 found (version: 2.2.0.33, include: /usr/include/openni2, lib: /usr/lib/x86_64-linux-gnu/libOpenNI2.so;libusb::libusb)
-- Found Qhull version 8.0.2
-- OpenNI found (version: 1.5.4.0, include: /usr/include/ni, lib: /usr/lib/libOpenNI.so;libusb::libusb)
-- looking for PCL_COMMON
-- looking for PCL_KDTREE
-- looking for PCL_OCTREE
-- looking for PCL_SEARCH
-- looking for PCL_SAMPLE_CONSENSUS
-- looking for PCL_FILTERS
-- looking for PCL_2D
-- looking for PCL_GEOMETRY
-- looking for PCL_IO
-- looking for PCL_FEATURES
-- looking for PCL_ML
-- looking for PCL_SEGMENTATION
-- looking for PCL_VISUALIZATION
-- looking for PCL_SURFACE
-- looking for PCL_REGISTRATION
-- looking for PCL_KEYPOINTS
-- looking for PCL_TRACKING
-- looking for PCL_RECOGNITION
-- looking for PCL_STEREO
-- looking for PCL_APPS
-- looking for PCL_IN_HAND_SCANNER
-- looking for PCL_MODELER
-- looking for PCL_POINT_CLOUD_EDITOR
-- looking for PCL_OUTOFCORE
-- looking for PCL_PEOPLE
-- Found ament_lint_auto: 0.12.10 (/opt/ros/humble/share/ament_lint_auto/cmake)
-- Added test 'cppcheck' to perform static code analysis on C / C++ code
-- Configured cppcheck include dirs: 
-- Configured cppcheck exclude dirs and/or files: 
-- Added test 'flake8' to check Python code syntax and style conventions
-- Added test 'lint_cmake' to check CMake code style
-- Added test 'pep257' to check Python code against some of the docstring style conventions in PEP 257
-- Added test 'uncrustify' to check C / C++ code style
-- Configured uncrustify additional arguments: 
-- Added test 'xmllint' to check XML markup files
-- Configuring done
-- Generating done
-- Build files have been written to: /home/kushal16/rse_ws/src/robotics_software_engineer/module_4_assignment/build/module_4_assignment
/usr/bin/cmake -E cmake_progress_start /home/kushal16/rse_ws/src/robotics_software_engineer/module_4_assignment/build/module_4_assignment/CMakeFiles /home/kushal16/rse_ws/src/robotics_software_engineer/module_4_assignment/build/module_4_assignment//CMakeFiles/progress.marks
/usr/bin/gmake  -f CMakeFiles/Makefile2 all
gmake[1]: Entering directory '/home/kushal16/rse_ws/src/robotics_software_engineer/module_4_assignment/build/module_4_assignment'
/usr/bin/gmake  -f CMakeFiles/mazesolver.dir/build.make CMakeFiles/mazesolver.dir/depend
gmake[2]: Entering directory '/home/kushal16/rse_ws/src/robotics_software_engineer/module_4_assignment/build/module_4_assignment'
cd /home/kushal16/rse_ws/src/robotics_software_engineer/module_4_assignment/build/module_4_assignment && /usr/bin/cmake -E cmake_depends "Unix Makefiles" /home/kushal16/rse_ws/src/robotics_software_engineer/module_4_assignment /home/kushal16/rse_ws/src/robotics_software_engineer/module_4_assignment /home/kushal16/rse_ws/src/robotics_software_engineer/module_4_assignment/build/module_4_assignment /home/kushal16/rse_ws/src/robotics_software_engineer/module_4_assignment/build/module_4_assignment /home/kushal16/rse_ws/src/robotics_software_engineer/module_4_assignment/build/module_4_assignment/CMakeFiles/mazesolver.dir/DependInfo.cmake --color=
Dependencies file "CMakeFiles/mazesolver.dir/maze_solving/src/maze_solving_sub.cpp.o.d" is newer than depends file "/home/kushal16/rse_ws/src/robotics_software_engineer/module_4_assignment/build/module_4_assignment/CMakeFiles/mazesolver.dir/compiler_depend.internal".
[35m[1mConsolidate compiler generated dependencies of target mazesolver[0m
gmake[2]: Leaving directory '/home/kushal16/rse_ws/src/robotics_software_engineer/module_4_assignment/build/module_4_assignment'
/usr/bin/gmake  -f CMakeFiles/mazesolver.dir/build.make CMakeFiles/mazesolver.dir/build
gmake[2]: Entering directory '/home/kushal16/rse_ws/src/robotics_software_engineer/module_4_assignment/build/module_4_assignment'
gmake[2]: Nothing to be done for 'CMakeFiles/mazesolver.dir/build'.
gmake[2]: Leaving directory '/home/kushal16/rse_ws/src/robotics_software_engineer/module_4_assignment/build/module_4_assignment'
[100%] Built target mazesolver
gmake[1]: Leaving directory '/home/kushal16/rse_ws/src/robotics_software_engineer/module_4_assignment/build/module_4_assignment'
/usr/bin/cmake -E cmake_progress_start /home/kushal16/rse_ws/src/robotics_software_engineer/module_4_assignment/build/module_4_assignment/CMakeFiles 0
-- Install configuration: ""
-- Up-to-date: /home/kushal16/rse_ws/src/robotics_software_engineer/module_4_assignment/install/module_4_assignment/lib/module_4_assignment/mazesolver
-- Up-to-date: /home/kushal16/rse_ws/src/robotics_software_engineer/module_4_assignment/install/module_4_assignment/share/module_4_assignment/launch
-- Up-to-date: /home/kushal16/rse_ws/src/robotics_software_engineer/module_4_assignment/install/module_4_assignment/share/module_4_assignment/worlds
-- Up-to-date: /home/kushal16/rse_ws/src/robotics_software_engineer/module_4_assignment/install/module_4_assignment/share/module_4_assignment/urdf
-- Up-to-date: /home/kushal16/rse_ws/src/robotics_software_engineer/module_4_assignment/install/module_4_assignment/share/ament_index/resource_index/package_run_dependencies/module_4_assignment
-- Installing: /home/kushal16/rse_ws/src/robotics_software_engineer/module_4_assignment/install/module_4_assignment/share/ament_index/resource_index/parent_prefix_path/module_4_assignment
-- Up-to-date: /home/kushal16/rse_ws/src/robotics_software_engineer/module_4_assignment/install/module_4_assignment/share/module_4_assignment/environment/ament_prefix_path.sh
-- Installing: /home/kushal16/rse_ws/src/robotics_software_engineer/module_4_assignment/install/module_4_assignment/share/module_4_assignment/environment/ament_prefix_path.dsv
-- Up-to-date: /home/kushal16/rse_ws/src/robotics_software_engineer/module_4_assignment/install/module_4_assignment/share/module_4_assignment/environment/path.sh
-- Installing: /home/kushal16/rse_ws/src/robotics_software_engineer/module_4_assignment/install/module_4_assignment/share/module_4_assignment/environment/path.dsv
-- Up-to-date: /home/kushal16/rse_ws/src/robotics_software_engineer/module_4_assignment/install/module_4_assignment/share/module_4_assignment/local_setup.bash
-- Up-to-date: /home/kushal16/rse_ws/src/robotics_software_engineer/module_4_assignment/install/module_4_assignment/share/module_4_assignment/local_setup.sh
-- Up-to-date: /home/kushal16/rse_ws/src/robotics_software_engineer/module_4_assignment/install/module_4_assignment/share/module_4_assignment/local_setup.zsh
-- Installing: /home/kushal16/rse_ws/src/robotics_software_engineer/module_4_assignment/install/module_4_assignment/share/module_4_assignment/local_setup.dsv
-- Installing: /home/kushal16/rse_ws/src/robotics_software_engineer/module_4_assignment/install/module_4_assignment/share/module_4_assignment/package.dsv
-- Up-to-date: /home/kushal16/rse_ws/src/robotics_software_engineer/module_4_assignment/install/module_4_assignment/share/ament_index/resource_index/packages/module_4_assignment
-- Up-to-date: /home/kushal16/rse_ws/src/robotics_software_engineer/module_4_assignment/install/module_4_assignment/share/module_4_assignment/cmake/module_4_assignmentConfig.cmake
-- Up-to-date: /home/kushal16/rse_ws/src/robotics_software_engineer/module_4_assignment/install/module_4_assignment/share/module_4_assignment/cmake/module_4_assignmentConfig-version.cmake
-- Up-to-date: /home/kushal16/rse_ws/src/robotics_software_engineer/module_4_assignment/install/module_4_assignment/share/module_4_assignment/package.xml
