[0.014s] Invoking command in '/home/kushal16/rse_ws/src/robotics_software_engineer/module_4_assignment/build/module_4_assignment': CMAKE_PREFIX_PATH=${CMAKE_PREFIX_PATH}:/opt/ros/humble /usr/bin/cmake --build /home/kushal16/rse_ws/src/robotics_software_engineer/module_4_assignment/build/module_4_assignment -- -j16 -l16
[0.035s] /usr/bin/cmake -S/home/kushal16/rse_ws/src/robotics_software_engineer/module_4_assignment -B/home/kushal16/rse_ws/src/robotics_software_engineer/module_4_assignment/build/module_4_assignment --check-build-system CMakeFiles/Makefile.cmake 0
[0.047s] Re-run cmake file: Makefile older than: ../../CMakeLists.txt
[0.052s] -- Found ament_cmake: 1.3.8 (/opt/ros/humble/share/ament_cmake/cmake)
[0.159s] -- Found rclcpp: 16.0.8 (/opt/ros/humble/share/rclcpp/cmake)
[0.184s] -- Found rosidl_generator_c: 3.1.5 (/opt/ros/humble/share/rosidl_generator_c/cmake)
[0.186s] -- Found rosidl_adapter: 3.1.5 (/opt/ros/humble/share/rosidl_adapter/cmake)
[0.191s] -- Found rosidl_generator_cpp: 3.1.5 (/opt/ros/humble/share/rosidl_generator_cpp/cmake)
[0.200s] -- Using all available rosidl_typesupport_c: rosidl_typesupport_fastrtps_c;rosidl_typesupport_introspection_c
[0.214s] -- Using all available rosidl_typesupport_cpp: rosidl_typesupport_fastrtps_cpp;rosidl_typesupport_introspection_cpp
[0.263s] -- Found rmw_implementation_cmake: 6.1.1 (/opt/ros/humble/share/rmw_implementation_cmake/cmake)
[0.264s] -- Found rmw_fastrtps_cpp: 6.2.6 (/opt/ros/humble/share/rmw_fastrtps_cpp/cmake)
[0.388s] -- Using RMW implementation 'rmw_fastrtps_cpp' as default
[0.519s] -- Found geometry_msgs: 4.2.3 (/opt/ros/humble/share/geometry_msgs/cmake)
[0.556s] -- Found sensor_msgs: 4.2.3 (/opt/ros/humble/share/sensor_msgs/cmake)
[0.625s] -- Found cv_bridge: 3.2.1 (/opt/ros/humble/share/cv_bridge/cmake)
[0.653s] -- Eigen found (include: /usr/include/eigen3, version: 3.4.0)
[0.684s] -- FLANN found (include: /usr/include, lib: /usr/lib/x86_64-linux-gnu/libflann_cpp.so)
[0.971s] -- OpenNI found (version: 1.5.4.0, include: /usr/include/ni, lib: /usr/lib/libOpenNI.so;libusb::libusb)
[0.979s] -- OpenNI2 found (version: 2.2.0.33, include: /usr/include/openni2, lib: /usr/lib/x86_64-linux-gnu/libOpenNI2.so;libusb::libusb)
[0.979s] [0m** WARNING ** io features related to pcap will be disabled[0m
[1.121s] -- Eigen found (include: /usr/include/eigen3, version: 3.4.0)
[1.128s] -- OpenNI found (version: 1.5.4.0, include: /usr/include/ni, lib: /usr/lib/libOpenNI.so;libusb::libusb)
[1.135s] -- OpenNI2 found (version: 2.2.0.33, include: /usr/include/openni2, lib: /usr/lib/x86_64-linux-gnu/libOpenNI2.so;libusb::libusb)
[1.269s] -- Found Qhull version 8.0.2
[1.409s] -- OpenNI found (version: 1.5.4.0, include: /usr/include/ni, lib: /usr/lib/libOpenNI.so;libusb::libusb)
[1.545s] -- looking for PCL_COMMON
[1.545s] -- looking for PCL_KDTREE
[1.545s] -- looking for PCL_OCTREE
[1.546s] -- looking for PCL_SEARCH
[1.546s] -- looking for PCL_SAMPLE_CONSENSUS
[1.546s] -- looking for PCL_FILTERS
[1.547s] -- looking for PCL_2D
[1.547s] -- looking for PCL_GEOMETRY
[1.547s] -- looking for PCL_IO
[1.547s] -- looking for PCL_FEATURES
[1.548s] -- looking for PCL_ML
[1.548s] -- looking for PCL_SEGMENTATION
[1.548s] -- looking for PCL_VISUALIZATION
[1.549s] -- looking for PCL_SURFACE
[1.549s] -- looking for PCL_REGISTRATION
[1.549s] -- looking for PCL_KEYPOINTS
[1.550s] -- looking for PCL_TRACKING
[1.550s] -- looking for PCL_RECOGNITION
[1.550s] -- looking for PCL_STEREO
[1.550s] -- looking for PCL_APPS
[1.551s] -- looking for PCL_IN_HAND_SCANNER
[1.551s] -- looking for PCL_MODELER
[1.552s] -- looking for PCL_POINT_CLOUD_EDITOR
[1.552s] -- looking for PCL_OUTOFCORE
[1.552s] -- looking for PCL_PEOPLE
[1.556s] -- Found ament_lint_auto: 0.12.10 (/opt/ros/humble/share/ament_lint_auto/cmake)
[1.638s] -- Added test 'cppcheck' to perform static code analysis on C / C++ code
[1.638s] -- Configured cppcheck include dirs: 
[1.638s] -- Configured cppcheck exclude dirs and/or files: 
[1.641s] -- Added test 'flake8' to check Python code syntax and style conventions
[1.648s] -- Added test 'lint_cmake' to check CMake code style
[1.651s] -- Added test 'pep257' to check Python code against some of the docstring style conventions in PEP 257
[1.676s] -- Added test 'uncrustify' to check C / C++ code style
[1.676s] -- Configured uncrustify additional arguments: 
[1.679s] -- Added test 'xmllint' to check XML markup files
[1.680s] -- Configuring done
[1.693s] -- Generating done
[1.696s] -- Build files have been written to: /home/kushal16/rse_ws/src/robotics_software_engineer/module_4_assignment/build/module_4_assignment
[1.711s] /usr/bin/cmake -E cmake_progress_start /home/kushal16/rse_ws/src/robotics_software_engineer/module_4_assignment/build/module_4_assignment/CMakeFiles /home/kushal16/rse_ws/src/robotics_software_engineer/module_4_assignment/build/module_4_assignment//CMakeFiles/progress.marks
[1.720s] /usr/bin/gmake  -f CMakeFiles/Makefile2 all
[1.721s] gmake[1]: Entering directory '/home/kushal16/rse_ws/src/robotics_software_engineer/module_4_assignment/build/module_4_assignment'
[1.721s] /usr/bin/gmake  -f CMakeFiles/mazesolver.dir/build.make CMakeFiles/mazesolver.dir/depend
[1.722s] gmake[2]: Entering directory '/home/kushal16/rse_ws/src/robotics_software_engineer/module_4_assignment/build/module_4_assignment'
[1.722s] cd /home/kushal16/rse_ws/src/robotics_software_engineer/module_4_assignment/build/module_4_assignment && /usr/bin/cmake -E cmake_depends "Unix Makefiles" /home/kushal16/rse_ws/src/robotics_software_engineer/module_4_assignment /home/kushal16/rse_ws/src/robotics_software_engineer/module_4_assignment /home/kushal16/rse_ws/src/robotics_software_engineer/module_4_assignment/build/module_4_assignment /home/kushal16/rse_ws/src/robotics_software_engineer/module_4_assignment/build/module_4_assignment /home/kushal16/rse_ws/src/robotics_software_engineer/module_4_assignment/build/module_4_assignment/CMakeFiles/mazesolver.dir/DependInfo.cmake --color=
[1.731s] Dependencies file "CMakeFiles/mazesolver.dir/maze_solving/src/maze_solving_sub.cpp.o.d" is newer than depends file "/home/kushal16/rse_ws/src/robotics_software_engineer/module_4_assignment/build/module_4_assignment/CMakeFiles/mazesolver.dir/compiler_depend.internal".
[1.731s] [35m[1mConsolidate compiler generated dependencies of target mazesolver[0m
[1.740s] gmake[2]: Leaving directory '/home/kushal16/rse_ws/src/robotics_software_engineer/module_4_assignment/build/module_4_assignment'
[1.740s] /usr/bin/gmake  -f CMakeFiles/mazesolver.dir/build.make CMakeFiles/mazesolver.dir/build
[1.744s] gmake[2]: Entering directory '/home/kushal16/rse_ws/src/robotics_software_engineer/module_4_assignment/build/module_4_assignment'
[1.744s] gmake[2]: Nothing to be done for 'CMakeFiles/mazesolver.dir/build'.
[1.745s] gmake[2]: Leaving directory '/home/kushal16/rse_ws/src/robotics_software_engineer/module_4_assignment/build/module_4_assignment'
[1.753s] [100%] Built target mazesolver
[1.754s] gmake[1]: Leaving directory '/home/kushal16/rse_ws/src/robotics_software_engineer/module_4_assignment/build/module_4_assignment'
[1.754s] /usr/bin/cmake -E cmake_progress_start /home/kushal16/rse_ws/src/robotics_software_engineer/module_4_assignment/build/module_4_assignment/CMakeFiles 0
[1.767s] Invoked command in '/home/kushal16/rse_ws/src/robotics_software_engineer/module_4_assignment/build/module_4_assignment' returned '0': CMAKE_PREFIX_PATH=${CMAKE_PREFIX_PATH}:/opt/ros/humble /usr/bin/cmake --build /home/kushal16/rse_ws/src/robotics_software_engineer/module_4_assignment/build/module_4_assignment -- -j16 -l16
[1.821s] Invoking command in '/home/kushal16/rse_ws/src/robotics_software_engineer/module_4_assignment/build/module_4_assignment': CMAKE_PREFIX_PATH=${CMAKE_PREFIX_PATH}:/opt/ros/humble /usr/bin/cmake --install /home/kushal16/rse_ws/src/robotics_software_engineer/module_4_assignment/build/module_4_assignment
[1.829s] -- Install configuration: ""
[1.830s] -- Up-to-date: /home/kushal16/rse_ws/src/robotics_software_engineer/module_4_assignment/install/module_4_assignment/lib/module_4_assignment/mazesolver
[1.830s] -- Up-to-date: /home/kushal16/rse_ws/src/robotics_software_engineer/module_4_assignment/install/module_4_assignment/share/module_4_assignment/launch
[1.830s] -- Up-to-date: /home/kushal16/rse_ws/src/robotics_software_engineer/module_4_assignment/install/module_4_assignment/share/module_4_assignment/worlds
[1.830s] -- Up-to-date: /home/kushal16/rse_ws/src/robotics_software_engineer/module_4_assignment/install/module_4_assignment/share/module_4_assignment/urdf
[1.830s] -- Up-to-date: /home/kushal16/rse_ws/src/robotics_software_engineer/module_4_assignment/install/module_4_assignment/share/ament_index/resource_index/package_run_dependencies/module_4_assignment
[1.830s] -- Installing: /home/kushal16/rse_ws/src/robotics_software_engineer/module_4_assignment/install/module_4_assignment/share/ament_index/resource_index/parent_prefix_path/module_4_assignment
[1.830s] -- Up-to-date: /home/kushal16/rse_ws/src/robotics_software_engineer/module_4_assignment/install/module_4_assignment/share/module_4_assignment/environment/ament_prefix_path.sh
[1.830s] -- Installing: /home/kushal16/rse_ws/src/robotics_software_engineer/module_4_assignment/install/module_4_assignment/share/module_4_assignment/environment/ament_prefix_path.dsv
[1.830s] -- Up-to-date: /home/kushal16/rse_ws/src/robotics_software_engineer/module_4_assignment/install/module_4_assignment/share/module_4_assignment/environment/path.sh
[1.830s] -- Installing: /home/kushal16/rse_ws/src/robotics_software_engineer/module_4_assignment/install/module_4_assignment/share/module_4_assignment/environment/path.dsv
[1.831s] -- Up-to-date: /home/kushal16/rse_ws/src/robotics_software_engineer/module_4_assignment/install/module_4_assignment/share/module_4_assignment/local_setup.bash
[1.831s] -- Up-to-date: /home/kushal16/rse_ws/src/robotics_software_engineer/module_4_assignment/install/module_4_assignment/share/module_4_assignment/local_setup.sh
[1.831s] -- Up-to-date: /home/kushal16/rse_ws/src/robotics_software_engineer/module_4_assignment/install/module_4_assignment/share/module_4_assignment/local_setup.zsh
[1.831s] -- Installing: /home/kushal16/rse_ws/src/robotics_software_engineer/module_4_assignment/install/module_4_assignment/share/module_4_assignment/local_setup.dsv
[1.831s] -- Installing: /home/kushal16/rse_ws/src/robotics_software_engineer/module_4_assignment/install/module_4_assignment/share/module_4_assignment/package.dsv
[1.831s] -- Up-to-date: /home/kushal16/rse_ws/src/robotics_software_engineer/module_4_assignment/install/module_4_assignment/share/ament_index/resource_index/packages/module_4_assignment
[1.831s] -- Up-to-date: /home/kushal16/rse_ws/src/robotics_software_engineer/module_4_assignment/install/module_4_assignment/share/module_4_assignment/cmake/module_4_assignmentConfig.cmake
[1.831s] -- Up-to-date: /home/kushal16/rse_ws/src/robotics_software_engineer/module_4_assignment/install/module_4_assignment/share/module_4_assignment/cmake/module_4_assignmentConfig-version.cmake
[1.831s] -- Up-to-date: /home/kushal16/rse_ws/src/robotics_software_engineer/module_4_assignment/install/module_4_assignment/share/module_4_assignment/package.xml
[1.833s] Invoked command in '/home/kushal16/rse_ws/src/robotics_software_engineer/module_4_assignment/build/module_4_assignment' returned '0': CMAKE_PREFIX_PATH=${CMAKE_PREFIX_PATH}:/opt/ros/humble /usr/bin/cmake --install /home/kushal16/rse_ws/src/robotics_software_engineer/module_4_assignment/build/module_4_assignment
