-- The C compiler identification is GNU 11.4.0
-- The CXX compiler identification is GNU 11.4.0
-- Detecting C compiler ABI info
-- Detecting C compiler ABI info - done
-- Check for working C compiler: /usr/bin/cc - skipped
-- Detecting C compile features
-- Detecting C compile features - done
-- Detecting CXX compiler ABI info
-- Detecting CXX compiler ABI info - done
-- Check for working CXX compiler: /usr/bin/c++ - skipped
-- Detecting CXX compile features
-- Detecting CXX compile features - done
-- Found ament_cmake: 1.3.8 (/opt/ros/humble/share/ament_cmake/cmake)
-- Found Python3: /usr/bin/python3 (found version "3.10.12") found components: Interpreter 
-- Found rclcpp: 16.0.8 (/opt/ros/humble/share/rclcpp/cmake)
-- Found rosidl_generator_c: 3.1.5 (/opt/ros/humble/share/rosidl_generator_c/cmake)
-- Found rosidl_adapter: 3.1.5 (/opt/ros/humble/share/rosidl_adapter/cmake)
-- Found rosidl_generator_cpp: 3.1.5 (/opt/ros/humble/share/rosidl_generator_cpp/cmake)
-- Using all available rosidl_typesupport_c: rosidl_typesupport_fastrtps_c;rosidl_typesupport_introspection_c
-- Using all available rosidl_typesupport_cpp: rosidl_typesupport_fastrtps_cpp;rosidl_typesupport_introspection_cpp
-- Found rmw_implementation_cmake: 6.1.1 (/opt/ros/humble/share/rmw_implementation_cmake/cmake)
-- Found rmw_fastrtps_cpp: 6.2.6 (/opt/ros/humble/share/rmw_fastrtps_cpp/cmake)
-- Found OpenSSL: /usr/lib/x86_64-linux-gnu/libcrypto.so (found version "3.0.2")  
-- Found FastRTPS: /opt/ros/humble/include  
-- Using RMW implementation 'rmw_fastrtps_cpp' as default
-- Looking for pthread.h
-- Looking for pthread.h - found
-- Performing Test CMAKE_HAVE_LIBC_PTHREAD
-- Performing Test CMAKE_HAVE_LIBC_PTHREAD - Success
-- Found Threads: TRUE  
-- Found tf2_ros: 0.25.6 (/opt/ros/humble/share/tf2_ros/cmake)
-- Found nav_msgs: 4.2.3 (/opt/ros/humble/share/nav_msgs/cmake)
-- Found angles: 1.15.0 (/opt/ros/humble/share/angles/cmake)
-- Found visualization_msgs: 4.2.4 (/opt/ros/humble/share/visualization_msgs/cmake)
-- Found cv_bridge: 3.2.1 (/opt/ros/humble/share/cv_bridge/cmake)
-- Found OpenCV: /usr (found version "4.5.4") 
-- Found ament_lint_auto: 0.12.10 (/opt/ros/humble/share/ament_lint_auto/cmake)
-- Added test 'cppcheck' to perform static code analysis on C / C++ code
-- Configured cppcheck include dirs: /home/kushal16/rse_ws1/robotics_software_engineer/module_5_assignment/../../extern/eigen;/home/kushal16/rse_ws1/robotics_software_engineer/module_5_assignment/include
-- Configured cppcheck exclude dirs and/or files: 
-- Added test 'flake8' to check Python code syntax and style conventions
-- Added test 'lint_cmake' to check CMake code style
-- Added test 'pep257' to check Python code against some of the docstring style conventions in PEP 257
-- Added test 'uncrustify' to check C / C++ code style
-- Configured uncrustify additional arguments: 
-- Added test 'xmllint' to check XML markup files
-- Configuring done
-- Generating done
-- Build files have been written to: /home/kushal16/rse_ws1/robotics_software_engineer/module_5_assignment/build/module_5_assignment
[ 33%] [32mBuilding CXX object CMakeFiles/lineFollowing.dir/src/line_following_with_camera.cpp.o[0m
[ 33%] [32mBuilding CXX object CMakeFiles/lqr_lib.dir/src/lqr_lib.cpp.o[0m
[ 50%] [32m[1mLinking CXX executable lineFollowing[0m
[ 66%] [32m[1mLinking CXX static library liblqr_lib.a[0m
[ 66%] Built target lqr_lib
[ 66%] Built target lineFollowing
[ 83%] [32mBuilding CXX object CMakeFiles/lqr_nodetst.dir/src/lqr_node.cpp.o[0m
[100%] [32m[1mLinking CXX executable lqr_nodetst[0m
[100%] Built target lqr_nodetst
-- Install configuration: ""
-- Installing: /home/kushal16/rse_ws1/robotics_software_engineer/module_5_assignment/install/module_5_assignment/lib/module_5_assignment/liblqr_lib.a
-- Installing: /home/kushal16/rse_ws1/robotics_software_engineer/module_5_assignment/install/module_5_assignment/lib/module_5_assignment/lqr_nodetst
-- Set runtime path of "/home/kushal16/rse_ws1/robotics_software_engineer/module_5_assignment/install/module_5_assignment/lib/module_5_assignment/lqr_nodetst" to ""
-- Installing: /home/kushal16/rse_ws1/robotics_software_engineer/module_5_assignment/install/module_5_assignment/lib/module_5_assignment/lineFollowing
-- Set runtime path of "/home/kushal16/rse_ws1/robotics_software_engineer/module_5_assignment/install/module_5_assignment/lib/module_5_assignment/lineFollowing" to ""
-- Installing: /home/kushal16/rse_ws1/robotics_software_engineer/module_5_assignment/install/module_5_assignment/share/module_5_assignment/launch
-- Installing: /home/kushal16/rse_ws1/robotics_software_engineer/module_5_assignment/install/module_5_assignment/share/module_5_assignment/launch/camera_line_following.launch.py
-- Installing: /home/kushal16/rse_ws1/robotics_software_engineer/module_5_assignment/install/module_5_assignment/share/module_5_assignment/launch/lqr_nodetst.launch.py
-- Installing: /home/kushal16/rse_ws1/robotics_software_engineer/module_5_assignment/install/module_5_assignment/share/module_5_assignment/worlds
-- Installing: /home/kushal16/rse_ws1/robotics_software_engineer/module_5_assignment/install/module_5_assignment/share/module_5_assignment/worlds/line_following.world
-- Installing: /home/kushal16/rse_ws1/robotics_software_engineer/module_5_assignment/install/module_5_assignment/share/module_5_assignment/urdf
-- Installing: /home/kushal16/rse_ws1/robotics_software_engineer/module_5_assignment/install/module_5_assignment/share/ament_index/resource_index/package_run_dependencies/module_5_assignment
-- Installing: /home/kushal16/rse_ws1/robotics_software_engineer/module_5_assignment/install/module_5_assignment/share/ament_index/resource_index/parent_prefix_path/module_5_assignment
-- Installing: /home/kushal16/rse_ws1/robotics_software_engineer/module_5_assignment/install/module_5_assignment/share/module_5_assignment/environment/ament_prefix_path.sh
-- Installing: /home/kushal16/rse_ws1/robotics_software_engineer/module_5_assignment/install/module_5_assignment/share/module_5_assignment/environment/ament_prefix_path.dsv
-- Installing: /home/kushal16/rse_ws1/robotics_software_engineer/module_5_assignment/install/module_5_assignment/share/module_5_assignment/environment/path.sh
-- Installing: /home/kushal16/rse_ws1/robotics_software_engineer/module_5_assignment/install/module_5_assignment/share/module_5_assignment/environment/path.dsv
-- Installing: /home/kushal16/rse_ws1/robotics_software_engineer/module_5_assignment/install/module_5_assignment/share/module_5_assignment/local_setup.bash
-- Installing: /home/kushal16/rse_ws1/robotics_software_engineer/module_5_assignment/install/module_5_assignment/share/module_5_assignment/local_setup.sh
-- Installing: /home/kushal16/rse_ws1/robotics_software_engineer/module_5_assignment/install/module_5_assignment/share/module_5_assignment/local_setup.zsh
-- Installing: /home/kushal16/rse_ws1/robotics_software_engineer/module_5_assignment/install/module_5_assignment/share/module_5_assignment/local_setup.dsv
-- Installing: /home/kushal16/rse_ws1/robotics_software_engineer/module_5_assignment/install/module_5_assignment/share/module_5_assignment/package.dsv
-- Installing: /home/kushal16/rse_ws1/robotics_software_engineer/module_5_assignment/install/module_5_assignment/share/ament_index/resource_index/packages/module_5_assignment
-- Installing: /home/kushal16/rse_ws1/robotics_software_engineer/module_5_assignment/install/module_5_assignment/share/module_5_assignment/cmake/module_5_assignmentConfig.cmake
-- Installing: /home/kushal16/rse_ws1/robotics_software_engineer/module_5_assignment/install/module_5_assignment/share/module_5_assignment/cmake/module_5_assignmentConfig-version.cmake
-- Installing: /home/kushal16/rse_ws1/robotics_software_engineer/module_5_assignment/install/module_5_assignment/share/module_5_assignment/package.xml
