[0.012s] Invoking command in '/home/kushal16/rse_ws1/robotics_software_engineer/module_5_assignment/build/module_5_assignment': CMAKE_PREFIX_PATH=${CMAKE_PREFIX_PATH}:/opt/ros/humble /usr/bin/cmake /home/kushal16/rse_ws1/robotics_software_engineer/module_5_assignment -DCMAKE_INSTALL_PREFIX=/home/kushal16/rse_ws1/robotics_software_engineer/module_5_assignment/install/module_5_assignment
[0.101s] -- The C compiler identification is GNU 11.4.0
[0.173s] -- The CXX compiler identification is GNU 11.4.0
[0.183s] -- Detecting C compiler ABI info
[0.260s] -- Detecting C compiler ABI info - done
[0.267s] -- Check for working C compiler: /usr/bin/cc - skipped
[0.268s] -- Detecting C compile features
[0.268s] -- Detecting C compile features - done
[0.271s] -- Detecting CXX compiler ABI info
[0.361s] -- Detecting CXX compiler ABI info - done
[0.368s] -- Check for working CXX compiler: /usr/bin/c++ - skipped
[0.368s] -- Detecting CXX compile features
[0.369s] -- Detecting CXX compile features - done
[0.389s] -- Found ament_cmake: 1.3.8 (/opt/ros/humble/share/ament_cmake/cmake)
[0.548s] -- Found Python3: /usr/bin/python3 (found version "3.10.12") found components: Interpreter 
[0.677s] -- Found rclcpp: 16.0.8 (/opt/ros/humble/share/rclcpp/cmake)
[0.751s] -- Found rosidl_generator_c: 3.1.5 (/opt/ros/humble/share/rosidl_generator_c/cmake)
[0.761s] -- Found rosidl_adapter: 3.1.5 (/opt/ros/humble/share/rosidl_adapter/cmake)
[0.775s] -- Found rosidl_generator_cpp: 3.1.5 (/opt/ros/humble/share/rosidl_generator_cpp/cmake)
[0.796s] -- Using all available rosidl_typesupport_c: rosidl_typesupport_fastrtps_c;rosidl_typesupport_introspection_c
[0.825s] -- Using all available rosidl_typesupport_cpp: rosidl_typesupport_fastrtps_cpp;rosidl_typesupport_introspection_cpp
[0.920s] -- Found rmw_implementation_cmake: 6.1.1 (/opt/ros/humble/share/rmw_implementation_cmake/cmake)
[0.926s] -- Found rmw_fastrtps_cpp: 6.2.6 (/opt/ros/humble/share/rmw_fastrtps_cpp/cmake)
[1.084s] -- Found OpenSSL: /usr/lib/x86_64-linux-gnu/libcrypto.so (found version "3.0.2")  
[1.118s] -- Found FastRTPS: /opt/ros/humble/include  
[1.175s] -- Using RMW implementation 'rmw_fastrtps_cpp' as default
[1.194s] -- Looking for pthread.h
[1.288s] -- Looking for pthread.h - found
[1.288s] -- Performing Test CMAKE_HAVE_LIBC_PTHREAD
[1.374s] -- Performing Test CMAKE_HAVE_LIBC_PTHREAD - Success
[1.375s] -- Found Threads: TRUE  
[1.541s] -- Found tf2_ros: 0.25.6 (/opt/ros/humble/share/tf2_ros/cmake)
[1.935s] -- Found nav_msgs: 4.2.3 (/opt/ros/humble/share/nav_msgs/cmake)
[2.013s] -- Found angles: 1.15.0 (/opt/ros/humble/share/angles/cmake)
[2.018s] -- Found visualization_msgs: 4.2.4 (/opt/ros/humble/share/visualization_msgs/cmake)
[2.216s] -- Found cv_bridge: 3.2.1 (/opt/ros/humble/share/cv_bridge/cmake)
[2.237s] -- Found OpenCV: /usr (found version "4.5.4") 
[2.248s] -- Found ament_lint_auto: 0.12.10 (/opt/ros/humble/share/ament_lint_auto/cmake)
[2.342s] -- Added test 'cppcheck' to perform static code analysis on C / C++ code
[2.342s] -- Configured cppcheck include dirs: /home/kushal16/rse_ws1/robotics_software_engineer/module_5_assignment/../../extern/eigen;/home/kushal16/rse_ws1/robotics_software_engineer/module_5_assignment/include
[2.343s] -- Configured cppcheck exclude dirs and/or files: 
[2.344s] -- Added test 'flake8' to check Python code syntax and style conventions
[2.347s] -- Added test 'lint_cmake' to check CMake code style
[2.348s] -- Added test 'pep257' to check Python code against some of the docstring style conventions in PEP 257
[2.354s] -- Added test 'uncrustify' to check C / C++ code style
[2.354s] -- Configured uncrustify additional arguments: 
[2.356s] -- Added test 'xmllint' to check XML markup files
[2.358s] -- Configuring done
[2.378s] -- Generating done
[2.380s] -- Build files have been written to: /home/kushal16/rse_ws1/robotics_software_engineer/module_5_assignment/build/module_5_assignment
[2.391s] Invoked command in '/home/kushal16/rse_ws1/robotics_software_engineer/module_5_assignment/build/module_5_assignment' returned '0': CMAKE_PREFIX_PATH=${CMAKE_PREFIX_PATH}:/opt/ros/humble /usr/bin/cmake /home/kushal16/rse_ws1/robotics_software_engineer/module_5_assignment -DCMAKE_INSTALL_PREFIX=/home/kushal16/rse_ws1/robotics_software_engineer/module_5_assignment/install/module_5_assignment
[2.393s] Invoking command in '/home/kushal16/rse_ws1/robotics_software_engineer/module_5_assignment/build/module_5_assignment': CMAKE_PREFIX_PATH=${CMAKE_PREFIX_PATH}:/opt/ros/humble /usr/bin/cmake --build /home/kushal16/rse_ws1/robotics_software_engineer/module_5_assignment/build/module_5_assignment -- -j16 -l16
[2.454s] [ 33%] [32mBuilding CXX object CMakeFiles/lineFollowing.dir/src/line_following_with_camera.cpp.o[0m
[2.454s] [ 33%] [32mBuilding CXX object CMakeFiles/lqr_lib.dir/src/lqr_lib.cpp.o[0m
[10.521s] [ 50%] [32m[1mLinking CXX executable lineFollowing[0m
[11.422s] [ 66%] [32m[1mLinking CXX static library liblqr_lib.a[0m
[11.591s] [ 66%] Built target lqr_lib
[11.595s] [ 66%] Built target lineFollowing
[11.614s] [ 83%] [32mBuilding CXX object CMakeFiles/lqr_nodetst.dir/src/lqr_node.cpp.o[0m
[14.251s] In file included from [01m[K/opt/ros/humble/include/rclcpp/rclcpp/logging.hpp:24[m[K,
[14.251s]                  from [01m[K/opt/ros/humble/include/rclcpp/rclcpp/client.hpp:40[m[K,
[14.251s]                  from [01m[K/opt/ros/humble/include/rclcpp/rclcpp/callback_group.hpp:24[m[K,
[14.251s]                  from [01m[K/opt/ros/humble/include/rclcpp/rclcpp/any_executable.hpp:20[m[K,
[14.251s]                  from [01m[K/opt/ros/humble/include/rclcpp/rclcpp/memory_strategy.hpp:25[m[K,
[14.251s]                  from [01m[K/opt/ros/humble/include/rclcpp/rclcpp/memory_strategies.hpp:18[m[K,
[14.251s]                  from [01m[K/opt/ros/humble/include/rclcpp/rclcpp/executor_options.hpp:20[m[K,
[14.251s]                  from [01m[K/opt/ros/humble/include/rclcpp/rclcpp/executor.hpp:37[m[K,
[14.251s]                  from [01m[K/opt/ros/humble/include/rclcpp/rclcpp/executors/multi_threaded_executor.hpp:25[m[K,
[14.251s]                  from [01m[K/opt/ros/humble/include/rclcpp/rclcpp/executors.hpp:21[m[K,
[14.251s]                  from [01m[K/opt/ros/humble/include/rclcpp/rclcpp/rclcpp.hpp:155[m[K,
[14.251s]                  from [01m[K/home/kushal16/rse_ws1/robotics_software_engineer/module_5_assignment/include/lqr_node.hpp:8[m[K,
[14.251s]                  from [01m[K/home/kushal16/rse_ws1/robotics_software_engineer/module_5_assignment/src/lqr_node.cpp:3[m[K:
[14.251s] [01m[K/home/kushal16/rse_ws1/robotics_software_engineer/module_5_assignment/src/lqr_node.cpp:[m[K In member function ‘[01m[Kvoid LqrNode::controlLoopCallback()[m[K’:
[14.251s] [01m[K/home/kushal16/rse_ws1/robotics_software_engineer/module_5_assignment/src/lqr_node.cpp:136:42:[m[K [01;35m[Kwarning: [m[Kformat ‘[01m[K%zu[m[K’ expects argument of type ‘[01m[Ksize_t[m[K’, but argument 5 has type ‘[01m[Kint[m[K’ [[01;35m[K]8;;https://gcc.gnu.org/onlinedocs/gcc/Warning-Options.html#index-Wformat=-Wformat=]8;;[m[K]
[14.251s]   136 |   RCLCPP_INFO(rclcpp::get_logger("LQR"), [01;35m[K"Current Waypoint:=%zu "[m[K, [32m[Kcurrent_waypoint[m[K); // Change %d to %zu
[14.251s]       |                                          [01;35m[K^~~~~~~~~~~~~~~~~~~~~~~~[m[K  [32m[K~~~~~~~~~~~~~~~~[m[K
[14.251s]       |                                                                    [32m[K|[m[K
[14.252s]       |                                                                    [32m[Kint[m[K
[14.252s] [01m[K/home/kushal16/rse_ws1/robotics_software_engineer/module_5_assignment/src/lqr_node.cpp:136:63:[m[K [01;36m[Knote: [m[Kformat string is defined here
[14.252s]   136 | RCLCPP_INFO(rclcpp::get_logger("LQR"), "Current Waypoint:=[01;36m[K%zu[m[K ", current_waypoint); // Change %d to %zu
[14.252s]       |                                                           [01;36m[K~~^[m[K
[14.252s]       |                                                             [01;36m[K|[m[K
[14.252s]       |                                                             [01;36m[Klong unsigned int[m[K
[14.252s]       |                                                           [32m[K%u[m[K
[14.312s] [01m[K/home/kushal16/rse_ws1/robotics_software_engineer/module_5_assignment/src/lqr_node.cpp:163:26:[m[K [01;35m[Kwarning: [m[Kcomparison of integer expressions of different signedness: ‘[01m[Kint[m[K’ and ‘[01m[Kstd::vector<State>::size_type[m[K’ {aka ‘[01m[Klong unsigned int[m[K’} [[01;35m[K]8;;https://gcc.gnu.org/onlinedocs/gcc/Warning-Options.html#index-Wsign-compare-Wsign-compare]8;;[m[K]
[14.312s]   163 |     if ([01;35m[Kcurrent_waypoint >= waypoints_.size()[m[K)
[14.312s]       |         [01;35m[K~~~~~~~~~~~~~~~~~^~~~~~~~~~~~~~~~~~~~[m[K
[27.167s] [100%] [32m[1mLinking CXX executable lqr_nodetst[0m
[28.575s] [100%] Built target lqr_nodetst
[28.589s] Invoked command in '/home/kushal16/rse_ws1/robotics_software_engineer/module_5_assignment/build/module_5_assignment' returned '0': CMAKE_PREFIX_PATH=${CMAKE_PREFIX_PATH}:/opt/ros/humble /usr/bin/cmake --build /home/kushal16/rse_ws1/robotics_software_engineer/module_5_assignment/build/module_5_assignment -- -j16 -l16
[28.638s] Invoking command in '/home/kushal16/rse_ws1/robotics_software_engineer/module_5_assignment/build/module_5_assignment': CMAKE_PREFIX_PATH=${CMAKE_PREFIX_PATH}:/opt/ros/humble /usr/bin/cmake --install /home/kushal16/rse_ws1/robotics_software_engineer/module_5_assignment/build/module_5_assignment
[28.645s] -- Install configuration: ""
[28.645s] -- Installing: /home/kushal16/rse_ws1/robotics_software_engineer/module_5_assignment/install/module_5_assignment/lib/module_5_assignment/liblqr_lib.a
[28.654s] -- Installing: /home/kushal16/rse_ws1/robotics_software_engineer/module_5_assignment/install/module_5_assignment/lib/module_5_assignment/lqr_nodetst
[28.666s] -- Set runtime path of "/home/kushal16/rse_ws1/robotics_software_engineer/module_5_assignment/install/module_5_assignment/lib/module_5_assignment/lqr_nodetst" to ""
[28.666s] -- Installing: /home/kushal16/rse_ws1/robotics_software_engineer/module_5_assignment/install/module_5_assignment/lib/module_5_assignment/lineFollowing
[28.670s] -- Set runtime path of "/home/kushal16/rse_ws1/robotics_software_engineer/module_5_assignment/install/module_5_assignment/lib/module_5_assignment/lineFollowing" to ""
[28.670s] -- Installing: /home/kushal16/rse_ws1/robotics_software_engineer/module_5_assignment/install/module_5_assignment/share/module_5_assignment/launch
[28.670s] -- Installing: /home/kushal16/rse_ws1/robotics_software_engineer/module_5_assignment/install/module_5_assignment/share/module_5_assignment/launch/camera_line_following.launch.py
[28.670s] -- Installing: /home/kushal16/rse_ws1/robotics_software_engineer/module_5_assignment/install/module_5_assignment/share/module_5_assignment/launch/lqr_nodetst.launch.py
[28.671s] -- Installing: /home/kushal16/rse_ws1/robotics_software_engineer/module_5_assignment/install/module_5_assignment/share/module_5_assignment/worlds
[28.671s] -- Installing: /home/kushal16/rse_ws1/robotics_software_engineer/module_5_assignment/install/module_5_assignment/share/module_5_assignment/worlds/line_following.world
[28.671s] -- Installing: /home/kushal16/rse_ws1/robotics_software_engineer/module_5_assignment/install/module_5_assignment/share/module_5_assignment/urdf
[28.671s] -- Installing: /home/kushal16/rse_ws1/robotics_software_engineer/module_5_assignment/install/module_5_assignment/share/ament_index/resource_index/package_run_dependencies/module_5_assignment
[28.671s] -- Installing: /home/kushal16/rse_ws1/robotics_software_engineer/module_5_assignment/install/module_5_assignment/share/ament_index/resource_index/parent_prefix_path/module_5_assignment
[28.672s] -- Installing: /home/kushal16/rse_ws1/robotics_software_engineer/module_5_assignment/install/module_5_assignment/share/module_5_assignment/environment/ament_prefix_path.sh
[28.672s] -- Installing: /home/kushal16/rse_ws1/robotics_software_engineer/module_5_assignment/install/module_5_assignment/share/module_5_assignment/environment/ament_prefix_path.dsv
[28.672s] -- Installing: /home/kushal16/rse_ws1/robotics_software_engineer/module_5_assignment/install/module_5_assignment/share/module_5_assignment/environment/path.sh
[28.672s] -- Installing: /home/kushal16/rse_ws1/robotics_software_engineer/module_5_assignment/install/module_5_assignment/share/module_5_assignment/environment/path.dsv
[28.672s] -- Installing: /home/kushal16/rse_ws1/robotics_software_engineer/module_5_assignment/install/module_5_assignment/share/module_5_assignment/local_setup.bash
[28.672s] -- Installing: /home/kushal16/rse_ws1/robotics_software_engineer/module_5_assignment/install/module_5_assignment/share/module_5_assignment/local_setup.sh
[28.672s] -- Installing: /home/kushal16/rse_ws1/robotics_software_engineer/module_5_assignment/install/module_5_assignment/share/module_5_assignment/local_setup.zsh
[28.673s] -- Installing: /home/kushal16/rse_ws1/robotics_software_engineer/module_5_assignment/install/module_5_assignment/share/module_5_assignment/local_setup.dsv
[28.673s] -- Installing: /home/kushal16/rse_ws1/robotics_software_engineer/module_5_assignment/install/module_5_assignment/share/module_5_assignment/package.dsv
[28.673s] -- Installing: /home/kushal16/rse_ws1/robotics_software_engineer/module_5_assignment/install/module_5_assignment/share/ament_index/resource_index/packages/module_5_assignment
[28.673s] -- Installing: /home/kushal16/rse_ws1/robotics_software_engineer/module_5_assignment/install/module_5_assignment/share/module_5_assignment/cmake/module_5_assignmentConfig.cmake
[28.674s] -- Installing: /home/kushal16/rse_ws1/robotics_software_engineer/module_5_assignment/install/module_5_assignment/share/module_5_assignment/cmake/module_5_assignmentConfig-version.cmake
[28.674s] -- Installing: /home/kushal16/rse_ws1/robotics_software_engineer/module_5_assignment/install/module_5_assignment/share/module_5_assignment/package.xml
[28.676s] Invoked command in '/home/kushal16/rse_ws1/robotics_software_engineer/module_5_assignment/build/module_5_assignment' returned '0': CMAKE_PREFIX_PATH=${CMAKE_PREFIX_PATH}:/opt/ros/humble /usr/bin/cmake --install /home/kushal16/rse_ws1/robotics_software_engineer/module_5_assignment/build/module_5_assignment
