[ 66%] Built target turtle_motion
[ 66%] Built target back_forth
[100%] Built target spiral_turtle
-- Install configuration: ""
-- Up-to-date: /home/kushal16/rse_ws/src/robotics_software_engineer/module_2_assignment/install/module_2_assignment/lib/module_2_assignment/turtle_motion
-- Up-to-date: /home/kushal16/rse_ws/src/robotics_software_engineer/module_2_assignment/install/module_2_assignment/lib/module_2_assignment/spiral_turtle
-- Up-to-date: /home/kushal16/rse_ws/src/robotics_software_engineer/module_2_assignment/install/module_2_assignment/share/module_2_assignment/launch
-- Installing: /home/kushal16/rse_ws/src/robotics_software_engineer/module_2_assignment/install/module_2_assignment/share/module_2_assignment/launch/turtle_motion.launch.py
-- Up-to-date: /home/kushal16/rse_ws/src/robotics_software_engineer/module_2_assignment/install/module_2_assignment/share/module_2_assignment/launch/turtle_drive_log.launch.py
-- Up-to-date: /home/kushal16/rse_ws/src/robotics_software_engineer/module_2_assignment/install/module_2_assignment/share/ament_index/resource_index/package_run_dependencies/module_2_assignment
-- Up-to-date: /home/kushal16/rse_ws/src/robotics_software_engineer/module_2_assignment/install/module_2_assignment/share/ament_index/resource_index/parent_prefix_path/module_2_assignment
-- Up-to-date: /home/kushal16/rse_ws/src/robotics_software_engineer/module_2_assignment/install/module_2_assignment/share/module_2_assignment/environment/ament_prefix_path.sh
-- Up-to-date: /home/kushal16/rse_ws/src/robotics_software_engineer/module_2_assignment/install/module_2_assignment/share/module_2_assignment/environment/ament_prefix_path.dsv
-- Up-to-date: /home/kushal16/rse_ws/src/robotics_software_engineer/module_2_assignment/install/module_2_assignment/share/module_2_assignment/environment/path.sh
-- Up-to-date: /home/kushal16/rse_ws/src/robotics_software_engineer/module_2_assignment/install/module_2_assignment/share/module_2_assignment/environment/path.dsv
-- Up-to-date: /home/kushal16/rse_ws/src/robotics_software_engineer/module_2_assignment/install/module_2_assignment/share/module_2_assignment/local_setup.bash
-- Up-to-date: /home/kushal16/rse_ws/src/robotics_software_engineer/module_2_assignment/install/module_2_assignment/share/module_2_assignment/local_setup.sh
-- Up-to-date: /home/kushal16/rse_ws/src/robotics_software_engineer/module_2_assignment/install/module_2_assignment/share/module_2_assignment/local_setup.zsh
-- Up-to-date: /home/kushal16/rse_ws/src/robotics_software_engineer/module_2_assignment/install/module_2_assignment/share/module_2_assignment/local_setup.dsv
-- Up-to-date: /home/kushal16/rse_ws/src/robotics_software_engineer/module_2_assignment/install/module_2_assignment/share/module_2_assignment/package.dsv
-- Up-to-date: /home/kushal16/rse_ws/src/robotics_software_engineer/module_2_assignment/install/module_2_assignment/share/ament_index/resource_index/packages/module_2_assignment
-- Up-to-date: /home/kushal16/rse_ws/src/robotics_software_engineer/module_2_assignment/install/module_2_assignment/share/module_2_assignment/cmake/module_2_assignmentConfig.cmake
-- Up-to-date: /home/kushal16/rse_ws/src/robotics_software_engineer/module_2_assignment/install/module_2_assignment/share/module_2_assignment/cmake/module_2_assignmentConfig-version.cmake
-- Up-to-date: /home/kushal16/rse_ws/src/robotics_software_engineer/module_2_assignment/install/module_2_assignment/share/module_2_assignment/package.xml
