[0.015s] Invoking command in '/home/kushal16/rse_ws/src/robotics_software_engineer/module_2_assignment/build/module_2_assignment': CMAKE_PREFIX_PATH=${CMAKE_PREFIX_PATH}:/opt/ros/humble /usr/bin/cmake --build /home/kushal16/rse_ws/src/robotics_software_engineer/module_2_assignment/build/module_2_assignment -- -j16 -l16
[0.090s] [ 66%] Built target spiral_turtle
[0.090s] [ 66%] Built target turtle_motion
[0.091s] [100%] Built target back_forth
[0.105s] Invoked command in '/home/kushal16/rse_ws/src/robotics_software_engineer/module_2_assignment/build/module_2_assignment' returned '0': CMAKE_PREFIX_PATH=${CMAKE_PREFIX_PATH}:/opt/ros/humble /usr/bin/cmake --build /home/kushal16/rse_ws/src/robotics_software_engineer/module_2_assignment/build/module_2_assignment -- -j16 -l16
[0.148s] Invoking command in '/home/kushal16/rse_ws/src/robotics_software_engineer/module_2_assignment/build/module_2_assignment': CMAKE_PREFIX_PATH=${CMAKE_PREFIX_PATH}:/opt/ros/humble /usr/bin/cmake --install /home/kushal16/rse_ws/src/robotics_software_engineer/module_2_assignment/build/module_2_assignment
[0.156s] -- Install configuration: ""
[0.157s] -- Up-to-date: /home/kushal16/rse_ws/src/robotics_software_engineer/module_2_assignment/install/module_2_assignment/lib/module_2_assignment/turtle_motion
[0.157s] -- Up-to-date: /home/kushal16/rse_ws/src/robotics_software_engineer/module_2_assignment/install/module_2_assignment/lib/module_2_assignment/spiral_turtle
[0.158s] -- Up-to-date: /home/kushal16/rse_ws/src/robotics_software_engineer/module_2_assignment/install/module_2_assignment/share/module_2_assignment/launch
[0.158s] -- Up-to-date: /home/kushal16/rse_ws/src/robotics_software_engineer/module_2_assignment/install/module_2_assignment/share/module_2_assignment/launch/turtle_drive_log1.launch.py
[0.158s] -- Up-to-date: /home/kushal16/rse_ws/src/robotics_software_engineer/module_2_assignment/install/module_2_assignment/share/module_2_assignment/launch/turtle_drive_log.launch.py
[0.158s] -- Up-to-date: /home/kushal16/rse_ws/src/robotics_software_engineer/module_2_assignment/install/module_2_assignment/share/ament_index/resource_index/package_run_dependencies/module_2_assignment
[0.159s] -- Up-to-date: /home/kushal16/rse_ws/src/robotics_software_engineer/module_2_assignment/install/module_2_assignment/share/ament_index/resource_index/parent_prefix_path/module_2_assignment
[0.159s] -- Up-to-date: /home/kushal16/rse_ws/src/robotics_software_engineer/module_2_assignment/install/module_2_assignment/share/module_2_assignment/environment/ament_prefix_path.sh
[0.159s] -- Up-to-date: /home/kushal16/rse_ws/src/robotics_software_engineer/module_2_assignment/install/module_2_assignment/share/module_2_assignment/environment/ament_prefix_path.dsv
[0.159s] -- Up-to-date: /home/kushal16/rse_ws/src/robotics_software_engineer/module_2_assignment/install/module_2_assignment/share/module_2_assignment/environment/path.sh
[0.159s] -- Up-to-date: /home/kushal16/rse_ws/src/robotics_software_engineer/module_2_assignment/install/module_2_assignment/share/module_2_assignment/environment/path.dsv
[0.159s] -- Up-to-date: /home/kushal16/rse_ws/src/robotics_software_engineer/module_2_assignment/install/module_2_assignment/share/module_2_assignment/local_setup.bash
[0.159s] -- Up-to-date: /home/kushal16/rse_ws/src/robotics_software_engineer/module_2_assignment/install/module_2_assignment/share/module_2_assignment/local_setup.sh
[0.159s] -- Up-to-date: /home/kushal16/rse_ws/src/robotics_software_engineer/module_2_assignment/install/module_2_assignment/share/module_2_assignment/local_setup.zsh
[0.159s] -- Up-to-date: /home/kushal16/rse_ws/src/robotics_software_engineer/module_2_assignment/install/module_2_assignment/share/module_2_assignment/local_setup.dsv
[0.160s] -- Installing: /home/kushal16/rse_ws/src/robotics_software_engineer/module_2_assignment/install/module_2_assignment/share/module_2_assignment/package.dsv
[0.160s] -- Up-to-date: /home/kushal16/rse_ws/src/robotics_software_engineer/module_2_assignment/install/module_2_assignment/share/ament_index/resource_index/packages/module_2_assignment
[0.160s] -- Up-to-date: /home/kushal16/rse_ws/src/robotics_software_engineer/module_2_assignment/install/module_2_assignment/share/module_2_assignment/cmake/module_2_assignmentConfig.cmake
[0.160s] -- Up-to-date: /home/kushal16/rse_ws/src/robotics_software_engineer/module_2_assignment/install/module_2_assignment/share/module_2_assignment/cmake/module_2_assignmentConfig-version.cmake
[0.160s] -- Up-to-date: /home/kushal16/rse_ws/src/robotics_software_engineer/module_2_assignment/install/module_2_assignment/share/module_2_assignment/package.xml
[0.161s] Invoked command in '/home/kushal16/rse_ws/src/robotics_software_engineer/module_2_assignment/build/module_2_assignment' returned '0': CMAKE_PREFIX_PATH=${CMAKE_PREFIX_PATH}:/opt/ros/humble /usr/bin/cmake --install /home/kushal16/rse_ws/src/robotics_software_engineer/module_2_assignment/build/module_2_assignment
