-- Found ament_cmake: 1.3.8 (/opt/ros/humble/share/ament_cmake/cmake)
-- Found rclcpp: 16.0.8 (/opt/ros/humble/share/rclcpp/cmake)
-- Found rosidl_generator_c: 3.1.5 (/opt/ros/humble/share/rosidl_generator_c/cmake)
-- Found rosidl_adapter: 3.1.5 (/opt/ros/humble/share/rosidl_adapter/cmake)
-- Found rosidl_generator_cpp: 3.1.5 (/opt/ros/humble/share/rosidl_generator_cpp/cmake)
-- Using all available rosidl_typesupport_c: rosidl_typesupport_fastrtps_c;rosidl_typesupport_introspection_c
-- Using all available rosidl_typesupport_cpp: rosidl_typesupport_fastrtps_cpp;rosidl_typesupport_introspection_cpp
-- Found rmw_implementation_cmake: 6.1.1 (/opt/ros/humble/share/rmw_implementation_cmake/cmake)
-- Found rmw_fastrtps_cpp: 6.2.6 (/opt/ros/humble/share/rmw_fastrtps_cpp/cmake)
-- Using RMW implementation 'rmw_fastrtps_cpp' as default
-- Found tf2_ros: 0.25.6 (/opt/ros/humble/share/tf2_ros/cmake)
-- Found nav_msgs: 4.2.3 (/opt/ros/humble/share/nav_msgs/cmake)
-- Found angles: 1.15.0 (/opt/ros/humble/share/angles/cmake)
-- Found visualization_msgs: 4.2.4 (/opt/ros/humble/share/visualization_msgs/cmake)
-- Found cv_bridge: 3.2.1 (/opt/ros/humble/share/cv_bridge/cmake)
-- Found ament_lint_auto: 0.12.10 (/opt/ros/humble/share/ament_lint_auto/cmake)
-- Added test 'cppcheck' to perform static code analysis on C / C++ code
-- Configured cppcheck include dirs: /home/kushal16/rse_ws1/robotics_software_engineer/module_5_assignment/../../extern/eigen;/home/kushal16/rse_ws1/robotics_software_engineer/module_5_assignment/include
-- Configured cppcheck exclude dirs and/or files: 
-- Added test 'flake8' to check Python code syntax and style conventions
-- Added test 'lint_cmake' to check CMake code style
-- Added test 'pep257' to check Python code against some of the docstring style conventions in PEP 257
-- Added test 'uncrustify' to check C / C++ code style
-- Configured uncrustify additional arguments: 
-- Added test 'xmllint' to check XML markup files
-- Configuring done
-- Generating done
-- Build files have been written to: /home/kushal16/rse_ws1/robotics_software_engineer/module_5_assignment/build/module_5_assignment
[35m[1mConsolidate compiler generated dependencies of target lqr_lib[0m
[ 16%] [32mBuilding CXX object CMakeFiles/lineFollowing.dir/src/linefollowingwithcamerakip.cpp.o[0m
[ 50%] Built target lqr_lib
[35m[1mConsolidate compiler generated dependencies of target lqr_nodetst[0m
[ 83%] Built target lqr_nodetst
[100%] [32m[1mLinking CXX executable lineFollowing[0m
[100%] Built target lineFollowing
-- Install configuration: ""
-- Up-to-date: /home/kushal16/rse_ws1/robotics_software_engineer/module_5_assignment/install/module_5_assignment/lib/module_5_assignment/liblqr_lib.a
-- Up-to-date: /home/kushal16/rse_ws1/robotics_software_engineer/module_5_assignment/install/module_5_assignment/lib/module_5_assignment/lqr_nodetst
-- Installing: /home/kushal16/rse_ws1/robotics_software_engineer/module_5_assignment/install/module_5_assignment/lib/module_5_assignment/lineFollowing
-- Set runtime path of "/home/kushal16/rse_ws1/robotics_software_engineer/module_5_assignment/install/module_5_assignment/lib/module_5_assignment/lineFollowing" to ""
-- Up-to-date: /home/kushal16/rse_ws1/robotics_software_engineer/module_5_assignment/install/module_5_assignment/share/module_5_assignment/launch
-- Up-to-date: /home/kushal16/rse_ws1/robotics_software_engineer/module_5_assignment/install/module_5_assignment/share/module_5_assignment/launch/camera_line_following.launch.py
-- Up-to-date: /home/kushal16/rse_ws1/robotics_software_engineer/module_5_assignment/install/module_5_assignment/share/module_5_assignment/launch/lqr_nodetst.launch.py
-- Up-to-date: /home/kushal16/rse_ws1/robotics_software_engineer/module_5_assignment/install/module_5_assignment/share/module_5_assignment/worlds
-- Up-to-date: /home/kushal16/rse_ws1/robotics_software_engineer/module_5_assignment/install/module_5_assignment/share/module_5_assignment/worlds/line_following.world
-- Up-to-date: /home/kushal16/rse_ws1/robotics_software_engineer/module_5_assignment/install/module_5_assignment/share/module_5_assignment/urdf
-- Up-to-date: /home/kushal16/rse_ws1/robotics_software_engineer/module_5_assignment/install/module_5_assignment/share/ament_index/resource_index/package_run_dependencies/module_5_assignment
-- Up-to-date: /home/kushal16/rse_ws1/robotics_software_engineer/module_5_assignment/install/module_5_assignment/share/ament_index/resource_index/parent_prefix_path/module_5_assignment
-- Up-to-date: /home/kushal16/rse_ws1/robotics_software_engineer/module_5_assignment/install/module_5_assignment/share/module_5_assignment/environment/ament_prefix_path.sh
-- Installing: /home/kushal16/rse_ws1/robotics_software_engineer/module_5_assignment/install/module_5_assignment/share/module_5_assignment/environment/ament_prefix_path.dsv
-- Up-to-date: /home/kushal16/rse_ws1/robotics_software_engineer/module_5_assignment/install/module_5_assignment/share/module_5_assignment/environment/path.sh
-- Installing: /home/kushal16/rse_ws1/robotics_software_engineer/module_5_assignment/install/module_5_assignment/share/module_5_assignment/environment/path.dsv
-- Up-to-date: /home/kushal16/rse_ws1/robotics_software_engineer/module_5_assignment/install/module_5_assignment/share/module_5_assignment/local_setup.bash
-- Up-to-date: /home/kushal16/rse_ws1/robotics_software_engineer/module_5_assignment/install/module_5_assignment/share/module_5_assignment/local_setup.sh
-- Up-to-date: /home/kushal16/rse_ws1/robotics_software_engineer/module_5_assignment/install/module_5_assignment/share/module_5_assignment/local_setup.zsh
-- Installing: /home/kushal16/rse_ws1/robotics_software_engineer/module_5_assignment/install/module_5_assignment/share/module_5_assignment/local_setup.dsv
-- Installing: /home/kushal16/rse_ws1/robotics_software_engineer/module_5_assignment/install/module_5_assignment/share/module_5_assignment/package.dsv
-- Up-to-date: /home/kushal16/rse_ws1/robotics_software_engineer/module_5_assignment/install/module_5_assignment/share/ament_index/resource_index/packages/module_5_assignment
-- Up-to-date: /home/kushal16/rse_ws1/robotics_software_engineer/module_5_assignment/install/module_5_assignment/share/module_5_assignment/cmake/module_5_assignmentConfig.cmake
-- Up-to-date: /home/kushal16/rse_ws1/robotics_software_engineer/module_5_assignment/install/module_5_assignment/share/module_5_assignment/cmake/module_5_assignmentConfig-version.cmake
-- Up-to-date: /home/kushal16/rse_ws1/robotics_software_engineer/module_5_assignment/install/module_5_assignment/share/module_5_assignment/package.xml
