[0.019s] Invoking command in '/home/kushal16/rse_ws1/robotics_software_engineer/module_5_assignment/build/module_5_assignment': CMAKE_PREFIX_PATH=${CMAKE_PREFIX_PATH}:/opt/ros/humble /usr/bin/cmake --build /home/kushal16/rse_ws1/robotics_software_engineer/module_5_assignment/build/module_5_assignment -- -j16 -l16
[0.047s] -- Found ament_cmake: 1.3.8 (/opt/ros/humble/share/ament_cmake/cmake)
[0.179s] -- Found rclcpp: 16.0.8 (/opt/ros/humble/share/rclcpp/cmake)
[0.206s] -- Found rosidl_generator_c: 3.1.5 (/opt/ros/humble/share/rosidl_generator_c/cmake)
[0.208s] -- Found rosidl_adapter: 3.1.5 (/opt/ros/humble/share/rosidl_adapter/cmake)
[0.214s] -- Found rosidl_generator_cpp: 3.1.5 (/opt/ros/humble/share/rosidl_generator_cpp/cmake)
[0.224s] -- Using all available rosidl_typesupport_c: rosidl_typesupport_fastrtps_c;rosidl_typesupport_introspection_c
[0.240s] -- Using all available rosidl_typesupport_cpp: rosidl_typesupport_fastrtps_cpp;rosidl_typesupport_introspection_cpp
[0.292s] -- Found rmw_implementation_cmake: 6.1.1 (/opt/ros/humble/share/rmw_implementation_cmake/cmake)
[0.294s] -- Found rmw_fastrtps_cpp: 6.2.6 (/opt/ros/humble/share/rmw_fastrtps_cpp/cmake)
[0.442s] -- Using RMW implementation 'rmw_fastrtps_cpp' as default
[0.584s] -- Found tf2_ros: 0.25.6 (/opt/ros/humble/share/tf2_ros/cmake)
[0.914s] -- Found nav_msgs: 4.2.3 (/opt/ros/humble/share/nav_msgs/cmake)
[0.990s] -- Found angles: 1.15.0 (/opt/ros/humble/share/angles/cmake)
[0.991s] -- Found visualization_msgs: 4.2.4 (/opt/ros/humble/share/visualization_msgs/cmake)
[1.189s] -- Found cv_bridge: 3.2.1 (/opt/ros/humble/share/cv_bridge/cmake)
[1.211s] -- Found ament_lint_auto: 0.12.10 (/opt/ros/humble/share/ament_lint_auto/cmake)
[1.302s] -- Added test 'cppcheck' to perform static code analysis on C / C++ code
[1.303s] -- Configured cppcheck include dirs: /home/kushal16/rse_ws1/robotics_software_engineer/module_5_assignment/../../extern/eigen;/home/kushal16/rse_ws1/robotics_software_engineer/module_5_assignment/include
[1.303s] -- Configured cppcheck exclude dirs and/or files: 
[1.305s] -- Added test 'flake8' to check Python code syntax and style conventions
[1.310s] -- Added test 'lint_cmake' to check CMake code style
[1.313s] -- Added test 'pep257' to check Python code against some of the docstring style conventions in PEP 257
[1.332s] -- Added test 'uncrustify' to check C / C++ code style
[1.332s] -- Configured uncrustify additional arguments: 
[1.334s] -- Added test 'xmllint' to check XML markup files
[1.335s] -- Configuring done
[1.357s] -- Generating done
[1.362s] -- Build files have been written to: /home/kushal16/rse_ws1/robotics_software_engineer/module_5_assignment/build/module_5_assignment
[1.397s] [35m[1mConsolidate compiler generated dependencies of target lqr_lib[0m
[1.412s] [ 16%] [32mBuilding CXX object CMakeFiles/lineFollowing.dir/src/linefollowingwithcamerakip.cpp.o[0m
[1.417s] [ 50%] Built target lqr_lib
[1.432s] [35m[1mConsolidate compiler generated dependencies of target lqr_nodetst[0m
[1.459s] [ 83%] Built target lqr_nodetst
[12.493s] [100%] [32m[1mLinking CXX executable lineFollowing[0m
[13.590s] [100%] Built target lineFollowing
[13.608s] Invoked command in '/home/kushal16/rse_ws1/robotics_software_engineer/module_5_assignment/build/module_5_assignment' returned '0': CMAKE_PREFIX_PATH=${CMAKE_PREFIX_PATH}:/opt/ros/humble /usr/bin/cmake --build /home/kushal16/rse_ws1/robotics_software_engineer/module_5_assignment/build/module_5_assignment -- -j16 -l16
[13.662s] Invoking command in '/home/kushal16/rse_ws1/robotics_software_engineer/module_5_assignment/build/module_5_assignment': CMAKE_PREFIX_PATH=${CMAKE_PREFIX_PATH}:/opt/ros/humble /usr/bin/cmake --install /home/kushal16/rse_ws1/robotics_software_engineer/module_5_assignment/build/module_5_assignment
[13.671s] -- Install configuration: ""
[13.671s] -- Up-to-date: /home/kushal16/rse_ws1/robotics_software_engineer/module_5_assignment/install/module_5_assignment/lib/module_5_assignment/liblqr_lib.a
[13.671s] -- Up-to-date: /home/kushal16/rse_ws1/robotics_software_engineer/module_5_assignment/install/module_5_assignment/lib/module_5_assignment/lqr_nodetst
[13.671s] -- Installing: /home/kushal16/rse_ws1/robotics_software_engineer/module_5_assignment/install/module_5_assignment/lib/module_5_assignment/lineFollowing
[13.676s] -- Set runtime path of "/home/kushal16/rse_ws1/robotics_software_engineer/module_5_assignment/install/module_5_assignment/lib/module_5_assignment/lineFollowing" to ""
[13.676s] -- Up-to-date: /home/kushal16/rse_ws1/robotics_software_engineer/module_5_assignment/install/module_5_assignment/share/module_5_assignment/launch
[13.676s] -- Up-to-date: /home/kushal16/rse_ws1/robotics_software_engineer/module_5_assignment/install/module_5_assignment/share/module_5_assignment/launch/camera_line_following.launch.py
[13.676s] -- Up-to-date: /home/kushal16/rse_ws1/robotics_software_engineer/module_5_assignment/install/module_5_assignment/share/module_5_assignment/launch/lqr_nodetst.launch.py
[13.676s] -- Up-to-date: /home/kushal16/rse_ws1/robotics_software_engineer/module_5_assignment/install/module_5_assignment/share/module_5_assignment/worlds
[13.676s] -- Up-to-date: /home/kushal16/rse_ws1/robotics_software_engineer/module_5_assignment/install/module_5_assignment/share/module_5_assignment/worlds/line_following.world
[13.676s] -- Up-to-date: /home/kushal16/rse_ws1/robotics_software_engineer/module_5_assignment/install/module_5_assignment/share/module_5_assignment/urdf
[13.677s] -- Up-to-date: /home/kushal16/rse_ws1/robotics_software_engineer/module_5_assignment/install/module_5_assignment/share/ament_index/resource_index/package_run_dependencies/module_5_assignment
[13.677s] -- Up-to-date: /home/kushal16/rse_ws1/robotics_software_engineer/module_5_assignment/install/module_5_assignment/share/ament_index/resource_index/parent_prefix_path/module_5_assignment
[13.677s] -- Up-to-date: /home/kushal16/rse_ws1/robotics_software_engineer/module_5_assignment/install/module_5_assignment/share/module_5_assignment/environment/ament_prefix_path.sh
[13.677s] -- Installing: /home/kushal16/rse_ws1/robotics_software_engineer/module_5_assignment/install/module_5_assignment/share/module_5_assignment/environment/ament_prefix_path.dsv
[13.677s] -- Up-to-date: /home/kushal16/rse_ws1/robotics_software_engineer/module_5_assignment/install/module_5_assignment/share/module_5_assignment/environment/path.sh
[13.677s] -- Installing: /home/kushal16/rse_ws1/robotics_software_engineer/module_5_assignment/install/module_5_assignment/share/module_5_assignment/environment/path.dsv
[13.677s] -- Up-to-date: /home/kushal16/rse_ws1/robotics_software_engineer/module_5_assignment/install/module_5_assignment/share/module_5_assignment/local_setup.bash
[13.677s] -- Up-to-date: /home/kushal16/rse_ws1/robotics_software_engineer/module_5_assignment/install/module_5_assignment/share/module_5_assignment/local_setup.sh
[13.677s] -- Up-to-date: /home/kushal16/rse_ws1/robotics_software_engineer/module_5_assignment/install/module_5_assignment/share/module_5_assignment/local_setup.zsh
[13.677s] -- Installing: /home/kushal16/rse_ws1/robotics_software_engineer/module_5_assignment/install/module_5_assignment/share/module_5_assignment/local_setup.dsv
[13.677s] -- Installing: /home/kushal16/rse_ws1/robotics_software_engineer/module_5_assignment/install/module_5_assignment/share/module_5_assignment/package.dsv
[13.677s] -- Up-to-date: /home/kushal16/rse_ws1/robotics_software_engineer/module_5_assignment/install/module_5_assignment/share/ament_index/resource_index/packages/module_5_assignment
[13.677s] -- Up-to-date: /home/kushal16/rse_ws1/robotics_software_engineer/module_5_assignment/install/module_5_assignment/share/module_5_assignment/cmake/module_5_assignmentConfig.cmake
[13.677s] -- Up-to-date: /home/kushal16/rse_ws1/robotics_software_engineer/module_5_assignment/install/module_5_assignment/share/module_5_assignment/cmake/module_5_assignmentConfig-version.cmake
[13.678s] -- Up-to-date: /home/kushal16/rse_ws1/robotics_software_engineer/module_5_assignment/install/module_5_assignment/share/module_5_assignment/package.xml
[13.681s] Invoked command in '/home/kushal16/rse_ws1/robotics_software_engineer/module_5_assignment/build/module_5_assignment' returned '0': CMAKE_PREFIX_PATH=${CMAKE_PREFIX_PATH}:/opt/ros/humble /usr/bin/cmake --install /home/kushal16/rse_ws1/robotics_software_engineer/module_5_assignment/build/module_5_assignment
