[0.047s] Invoking command in '/home/kushal16/rse_ws/src/robotics_software_engineer/build/module_2_assignment': CMAKE_PREFIX_PATH=${CMAKE_PREFIX_PATH}:/opt/ros/humble /usr/bin/cmake /home/kushal16/rse_ws/src/robotics_software_engineer/module_2_assignment -DCMAKE_INSTALL_PREFIX=/home/kushal16/rse_ws/src/robotics_software_engineer/install/module_2_assignment
[0.176s] -- The C compiler identification is GNU 11.4.0
[0.289s] -- The CXX compiler identification is GNU 11.4.0
[0.298s] -- Detecting C compiler ABI info
[0.414s] -- Detecting C compiler ABI info - done
[0.425s] -- Check for working C compiler: /usr/bin/cc - skipped
[0.425s] -- Detecting C compile features
[0.425s] -- Detecting C compile features - done
[0.430s] -- Detecting CXX compiler ABI info
[0.579s] -- Detecting CXX compiler ABI info - done
[0.591s] -- Check for working CXX compiler: /usr/bin/c++ - skipped
[0.591s] -- Detecting CXX compile features
[0.593s] -- Detecting CXX compile features - done
[0.597s] -- Found ament_cmake: 1.3.8 (/opt/ros/humble/share/ament_cmake/cmake)
[0.876s] -- Found Python3: /usr/bin/python3 (found version "3.10.12") found components: Interpreter 
[1.020s] -- Found rclcpp: 16.0.8 (/opt/ros/humble/share/rclcpp/cmake)
[1.119s] -- Found rosidl_generator_c: 3.1.5 (/opt/ros/humble/share/rosidl_generator_c/cmake)
[1.132s] -- Found rosidl_adapter: 3.1.5 (/opt/ros/humble/share/rosidl_adapter/cmake)
[1.146s] -- Found rosidl_generator_cpp: 3.1.5 (/opt/ros/humble/share/rosidl_generator_cpp/cmake)
[1.172s] -- Using all available rosidl_typesupport_c: rosidl_typesupport_fastrtps_c;rosidl_typesupport_introspection_c
[1.210s] -- Using all available rosidl_typesupport_cpp: rosidl_typesupport_fastrtps_cpp;rosidl_typesupport_introspection_cpp
[1.326s] -- Found rmw_implementation_cmake: 6.1.1 (/opt/ros/humble/share/rmw_implementation_cmake/cmake)
[1.332s] -- Found rmw_fastrtps_cpp: 6.2.6 (/opt/ros/humble/share/rmw_fastrtps_cpp/cmake)
[1.472s] -- Found OpenSSL: /usr/lib/x86_64-linux-gnu/libcrypto.so (found version "3.0.2")  
[1.501s] -- Found FastRTPS: /opt/ros/humble/include  
[1.551s] -- Using RMW implementation 'rmw_fastrtps_cpp' as default
[1.565s] -- Looking for pthread.h
[1.648s] -- Looking for pthread.h - found
[1.648s] -- Performing Test CMAKE_HAVE_LIBC_PTHREAD
[1.731s] -- Performing Test CMAKE_HAVE_LIBC_PTHREAD - Success
[1.732s] -- Found Threads: TRUE  
[1.895s] -- Found geometry_msgs: 4.2.3 (/opt/ros/humble/share/geometry_msgs/cmake)
[1.937s] -- Found nav_msgs: 4.2.3 (/opt/ros/humble/share/nav_msgs/cmake)
[2.012s] -- Found tf2_ros: 0.25.6 (/opt/ros/humble/share/tf2_ros/cmake)
[2.393s] -- Configuring done
[2.407s] -- Generating done
[2.409s] -- Build files have been written to: /home/kushal16/rse_ws/src/robotics_software_engineer/build/module_2_assignment
[2.419s] Invoked command in '/home/kushal16/rse_ws/src/robotics_software_engineer/build/module_2_assignment' returned '0': CMAKE_PREFIX_PATH=${CMAKE_PREFIX_PATH}:/opt/ros/humble /usr/bin/cmake /home/kushal16/rse_ws/src/robotics_software_engineer/module_2_assignment -DCMAKE_INSTALL_PREFIX=/home/kushal16/rse_ws/src/robotics_software_engineer/install/module_2_assignment
[2.421s] Invoking command in '/home/kushal16/rse_ws/src/robotics_software_engineer/build/module_2_assignment': CMAKE_PREFIX_PATH=${CMAKE_PREFIX_PATH}:/opt/ros/humble /usr/bin/cmake --build /home/kushal16/rse_ws/src/robotics_software_engineer/build/module_2_assignment -- -j16 -l16
[2.478s] [ 25%] [32mBuilding CXX object CMakeFiles/spiral_turtle.dir/src/spiral_turtle.cpp.o[0m
[2.479s] [ 50%] [32mBuilding CXX object CMakeFiles/back_forth.dir/src/turtle_log_spiral.cpp.o[0m
[5.992s] [ 75%] [32m[1mLinking CXX executable back_forth[0m
[6.010s] [100%] [32m[1mLinking CXX executable spiral_turtle[0m
[6.256s] [100%] Built target spiral_turtle
[6.267s] [100%] Built target back_forth
[6.279s] Invoked command in '/home/kushal16/rse_ws/src/robotics_software_engineer/build/module_2_assignment' returned '0': CMAKE_PREFIX_PATH=${CMAKE_PREFIX_PATH}:/opt/ros/humble /usr/bin/cmake --build /home/kushal16/rse_ws/src/robotics_software_engineer/build/module_2_assignment -- -j16 -l16
[6.313s] Invoking command in '/home/kushal16/rse_ws/src/robotics_software_engineer/build/module_2_assignment': CMAKE_PREFIX_PATH=${CMAKE_PREFIX_PATH}:/opt/ros/humble /usr/bin/cmake --install /home/kushal16/rse_ws/src/robotics_software_engineer/build/module_2_assignment
[6.322s] -- Install configuration: ""
[6.322s] -- Installing: /home/kushal16/rse_ws/src/robotics_software_engineer/install/module_2_assignment/lib/module_2_assignment/back_forth
[6.323s] -- Set runtime path of "/home/kushal16/rse_ws/src/robotics_software_engineer/install/module_2_assignment/lib/module_2_assignment/back_forth" to ""
[6.324s] -- Installing: /home/kushal16/rse_ws/src/robotics_software_engineer/install/module_2_assignment/lib/module_2_assignment/spiral_turtle
[6.325s] -- Set runtime path of "/home/kushal16/rse_ws/src/robotics_software_engineer/install/module_2_assignment/lib/module_2_assignment/spiral_turtle" to ""
[6.325s] -- Installing: /home/kushal16/rse_ws/src/robotics_software_engineer/install/module_2_assignment/share/module_2_assignment/launch
[6.325s] -- Installing: /home/kushal16/rse_ws/src/robotics_software_engineer/install/module_2_assignment/share/module_2_assignment/launch/turtle_drive_log.launch.py
[6.326s] -- Installing: /home/kushal16/rse_ws/src/robotics_software_engineer/install/module_2_assignment/share/ament_index/resource_index/package_run_dependencies/module_2_assignment
[6.326s] -- Installing: /home/kushal16/rse_ws/src/robotics_software_engineer/install/module_2_assignment/share/ament_index/resource_index/parent_prefix_path/module_2_assignment
[6.326s] -- Installing: /home/kushal16/rse_ws/src/robotics_software_engineer/install/module_2_assignment/share/module_2_assignment/environment/ament_prefix_path.sh
[6.326s] -- Installing: /home/kushal16/rse_ws/src/robotics_software_engineer/install/module_2_assignment/share/module_2_assignment/environment/ament_prefix_path.dsv
[6.326s] -- Installing: /home/kushal16/rse_ws/src/robotics_software_engineer/install/module_2_assignment/share/module_2_assignment/environment/path.sh
[6.326s] -- Installing: /home/kushal16/rse_ws/src/robotics_software_engineer/install/module_2_assignment/share/module_2_assignment/environment/path.dsv
[6.327s] -- Installing: /home/kushal16/rse_ws/src/robotics_software_engineer/install/module_2_assignment/share/module_2_assignment/local_setup.bash
[6.327s] -- Installing: /home/kushal16/rse_ws/src/robotics_software_engineer/install/module_2_assignment/share/module_2_assignment/local_setup.sh
[6.327s] -- Installing: /home/kushal16/rse_ws/src/robotics_software_engineer/install/module_2_assignment/share/module_2_assignment/local_setup.zsh
[6.327s] -- Installing: /home/kushal16/rse_ws/src/robotics_software_engineer/install/module_2_assignment/share/module_2_assignment/local_setup.dsv
[6.327s] -- Installing: /home/kushal16/rse_ws/src/robotics_software_engineer/install/module_2_assignment/share/module_2_assignment/package.dsv
[6.327s] -- Installing: /home/kushal16/rse_ws/src/robotics_software_engineer/install/module_2_assignment/share/ament_index/resource_index/packages/module_2_assignment
[6.327s] -- Installing: /home/kushal16/rse_ws/src/robotics_software_engineer/install/module_2_assignment/share/module_2_assignment/cmake/module_2_assignmentConfig.cmake
[6.328s] -- Installing: /home/kushal16/rse_ws/src/robotics_software_engineer/install/module_2_assignment/share/module_2_assignment/cmake/module_2_assignmentConfig-version.cmake
[6.328s] -- Installing: /home/kushal16/rse_ws/src/robotics_software_engineer/install/module_2_assignment/share/module_2_assignment/package.xml
[6.330s] Invoked command in '/home/kushal16/rse_ws/src/robotics_software_engineer/build/module_2_assignment' returned '0': CMAKE_PREFIX_PATH=${CMAKE_PREFIX_PATH}:/opt/ros/humble /usr/bin/cmake --install /home/kushal16/rse_ws/src/robotics_software_engineer/build/module_2_assignment
