[0.010s] Invoking command in '/home/kushal16/rse_ws/src/robotics_software_engineer/module_1_assignment/build/module_1_assignment': CMAKE_PREFIX_PATH=${CMAKE_PREFIX_PATH}:/opt/ros/humble /usr/bin/cmake /home/kushal16/rse_ws/src/robotics_software_engineer/module_1_assignment -DCMAKE_INSTALL_PREFIX=/home/kushal16/rse_ws/src/robotics_software_engineer/module_1_assignment/install/module_1_assignment
[0.021s] -- Found ament_cmake: 1.3.8 (/opt/ros/humble/share/ament_cmake/cmake)
[0.125s] -- Found ament_lint_auto: 0.12.10 (/opt/ros/humble/share/ament_lint_auto/cmake)
[0.190s] -- Added test 'cppcheck' to perform static code analysis on C / C++ code
[0.191s] -- Configured cppcheck include dirs: 
[0.191s] -- Configured cppcheck exclude dirs and/or files: 
[0.191s] -- Added test 'flake8' to check Python code syntax and style conventions
[0.193s] -- Added test 'lint_cmake' to check CMake code style
[0.195s] -- Added test 'pep257' to check Python code against some of the docstring style conventions in PEP 257
[0.202s] -- Added test 'uncrustify' to check C / C++ code style
[0.203s] -- Configured uncrustify additional arguments: 
[0.203s] -- Added test 'xmllint' to check XML markup files
[0.204s] -- Configuring done
[0.205s] [31mCMake Error at CMakeLists.txt:15 (add_executable):
[0.205s]   Cannot find source file:
[0.205s] 
[0.205s]     src/robot_sensor_hardcore.cpp
[0.205s] 
[0.205s]   Tried extensions .c .C .c++ .cc .cpp .cxx .cu .mpp .m .M .mm .ixx .cppm .h
[0.206s]   .hh .h++ .hm .hpp .hxx .in .txx .f .F .for .f77 .f90 .f95 .f03 .hip .ispc
[0.206s] 
[0.206s] [0m
[0.206s] [31mCMake Error at CMakeLists.txt:15 (add_executable):
[0.206s]   No SOURCES given to target: robot_sensor
[0.206s] 
[0.206s] [0m
[0.206s] [0mCMake Generate step failed.  Build files cannot be regenerated correctly.[0m
[0.208s] Invoked command in '/home/kushal16/rse_ws/src/robotics_software_engineer/module_1_assignment/build/module_1_assignment' returned '1': CMAKE_PREFIX_PATH=${CMAKE_PREFIX_PATH}:/opt/ros/humble /usr/bin/cmake /home/kushal16/rse_ws/src/robotics_software_engineer/module_1_assignment -DCMAKE_INSTALL_PREFIX=/home/kushal16/rse_ws/src/robotics_software_engineer/module_1_assignment/install/module_1_assignment
